<?xml version="1.0" encoding="UTF-8"?>
<TestRun id="baadb954-3fa8-4926-b80d-08b32140e54f" name="asugak@WS152 2012-03-05 15:23:59" runUser="ECLIPSESP\asugak" xmlns="http://microsoft.com/schemas/VisualStudio/TeamTest/2010">
  <TestSettings name="Local" id="cea19d41-6cbd-46b6-b1ad-ed83a2b7d7fb">
    <Description>These are default test settings for a local test run.</Description>
    <Deployment enabled="false" runDeploymentRoot="asugak_WS152 2012-03-05 15_23_59">
      <DeploymentItem filename="C:\Users\asugak\Dropbox\Code\EComWithCQRS\ECom.Messages\bin\Debug\ECom.Messages.dll" />
      <DeploymentItem filename="C:\Users\asugak\Dropbox\Code\EComWithCQRS\ECom.CommandHandlers\bin\Debug\ECom.CommandHandlers.dll" />
      <DeploymentItem filename="C:\Users\asugak\Dropbox\Code\EComWithCQRS\ECom.Domain\bin\Debug\ECom.Domain.dll" />
      <DeploymentItem filename="C:\Users\asugak\Dropbox\Code\EComWithCQRS\ECom.Domain.Order\bin\Debug\ECom.Domain.Order.dll" />
      <DeploymentItem filename="C:\Users\asugak\Dropbox\Code\EComWithCQRS\ECom.Domain.Catalog\bin\Debug\ECom.Domain.Catalog.dll" />
      <DeploymentItem filename="C:\Users\asugak\Dropbox\Code\EComWithCQRS\ECom.Utility\bin\Debug\ECom.Utility.dll" />
    </Deployment>
    <Execution>
      <TestTypeSpecific />
      <AgentRule name="Execution Agents">
      </AgentRule>
    </Execution>
  </TestSettings>
  <Times creation="2012-03-05T15:23:59.4434474+02:00" queuing="2012-03-05T15:23:59.5314650+02:00" start="2012-03-05T15:23:59.6134814+02:00" finish="2012-03-05T15:24:00.3256238+02:00" />
  <ResultSummary outcome="Completed">
    <Counters total="4" executed="4" passed="4" error="0" failed="0" timeout="0" aborted="0" inconclusive="0" passedButRunAborted="0" notRunnable="0" notExecuted="0" disconnected="0" warning="0" completed="0" inProgress="0" pending="0" />
  </ResultSummary>
  <TestDefinitions>
    <UnitTest name="when_changing_price_of_product_to_negative_value" storage="c:\users\asugak\dropbox\code\ecomwithcqrs\ecom.commandhandlers.tests\bin\debug\ecom.commandhandlers.tests.dll" id="e1971c2a-37ac-8fb8-ab90-218e54da5870">
      <Execution id="f6132785-f77f-4eca-b4ed-bf2d72ea0f62" />
      <TestMethod codeBase="C:/Users/asugak/Dropbox/Code/EComWithCQRS/ECom.CommandHandlers.Tests/bin/Debug/ECom.CommandHandlers.Tests.DLL" adapterTypeName="Microsoft.VisualStudio.TestTools.TestTypes.Unit.UnitTestAdapter, Microsoft.VisualStudio.QualityTools.Tips.UnitTest.Adapter, Version=10.0.0.0, Culture=neutral, PublicKeyToken=b03f5f7f11d50a3a" className="ECom.CommandHandlers.Tests.Specifications.ChangeProductPriceTests, ECom.CommandHandlers.Tests, Version=1.0.0.0, Culture=neutral, PublicKeyToken=null" name="when_changing_price_of_product_to_negative_value" />
    </UnitTest>
    <UnitTest name="when_adding_valid_product" storage="c:\users\asugak\dropbox\code\ecomwithcqrs\ecom.commandhandlers.tests\bin\debug\ecom.commandhandlers.tests.dll" id="e47bac22-9313-95c1-8151-a4b19e6012b5">
      <Execution id="8b0b8838-6ce7-41f6-8576-3610f24d5e9c" />
      <TestMethod codeBase="C:/Users/asugak/Dropbox/Code/EComWithCQRS/ECom.CommandHandlers.Tests/bin/Debug/ECom.CommandHandlers.Tests.DLL" adapterTypeName="Microsoft.VisualStudio.TestTools.TestTypes.Unit.UnitTestAdapter, Microsoft.VisualStudio.QualityTools.Tips.UnitTest.Adapter, Version=10.0.0.0, Culture=neutral, PublicKeyToken=b03f5f7f11d50a3a" className="ECom.CommandHandlers.Tests.Specifications.CreateProductTests, ECom.CommandHandlers.Tests, Version=1.0.0.0, Culture=neutral, PublicKeyToken=null" name="when_adding_valid_product" />
    </UnitTest>
    <UnitTest name="when_changing_product_price" storage="c:\users\asugak\dropbox\code\ecomwithcqrs\ecom.commandhandlers.tests\bin\debug\ecom.commandhandlers.tests.dll" id="0c6bd7af-3789-9607-838d-b05fc875a16c">
      <Execution id="47708214-fc1e-4f7c-82f0-501a39f05107" />
      <TestMethod codeBase="C:/Users/asugak/Dropbox/Code/EComWithCQRS/ECom.CommandHandlers.Tests/bin/Debug/ECom.CommandHandlers.Tests.DLL" adapterTypeName="Microsoft.VisualStudio.TestTools.TestTypes.Unit.UnitTestAdapter, Microsoft.VisualStudio.QualityTools.Tips.UnitTest.Adapter, Version=10.0.0.0, Culture=neutral, PublicKeyToken=b03f5f7f11d50a3a" className="ECom.CommandHandlers.Tests.Specifications.ChangeProductPriceTests, ECom.CommandHandlers.Tests, Version=1.0.0.0, Culture=neutral, PublicKeyToken=null" name="when_changing_product_price" />
    </UnitTest>
    <UnitTest name="when_changing_price_of_not_existing_product" storage="c:\users\asugak\dropbox\code\ecomwithcqrs\ecom.commandhandlers.tests\bin\debug\ecom.commandhandlers.tests.dll" id="aed6500c-3dca-8cc4-3690-70265701d3d7">
      <Execution id="5ecc84e1-9adb-462a-8d7d-0bfc697c9b85" />
      <TestMethod codeBase="C:/Users/asugak/Dropbox/Code/EComWithCQRS/ECom.CommandHandlers.Tests/bin/Debug/ECom.CommandHandlers.Tests.DLL" adapterTypeName="Microsoft.VisualStudio.TestTools.TestTypes.Unit.UnitTestAdapter, Microsoft.VisualStudio.QualityTools.Tips.UnitTest.Adapter, Version=10.0.0.0, Culture=neutral, PublicKeyToken=b03f5f7f11d50a3a" className="ECom.CommandHandlers.Tests.Specifications.ChangeProductPriceTests, ECom.CommandHandlers.Tests, Version=1.0.0.0, Culture=neutral, PublicKeyToken=null" name="when_changing_price_of_not_existing_product" />
    </UnitTest>
  </TestDefinitions>
  <TestLists>
    <TestList name="Results Not in a List" id="8c84fa94-04c1-424b-9868-57a2d4851a1d" />
    <TestList name="All Loaded Results" id="19431567-8539-422a-85d7-44ee4e166bda" />
  </TestLists>
  <TestEntries>
    <TestEntry testId="0c6bd7af-3789-9607-838d-b05fc875a16c" executionId="47708214-fc1e-4f7c-82f0-501a39f05107" testListId="8c84fa94-04c1-424b-9868-57a2d4851a1d" />
    <TestEntry testId="aed6500c-3dca-8cc4-3690-70265701d3d7" executionId="5ecc84e1-9adb-462a-8d7d-0bfc697c9b85" testListId="8c84fa94-04c1-424b-9868-57a2d4851a1d" />
    <TestEntry testId="e1971c2a-37ac-8fb8-ab90-218e54da5870" executionId="f6132785-f77f-4eca-b4ed-bf2d72ea0f62" testListId="8c84fa94-04c1-424b-9868-57a2d4851a1d" />
    <TestEntry testId="e47bac22-9313-95c1-8151-a4b19e6012b5" executionId="8b0b8838-6ce7-41f6-8576-3610f24d5e9c" testListId="8c84fa94-04c1-424b-9868-57a2d4851a1d" />
  </TestEntries>
  <Results>
    <UnitTestResult executionId="47708214-fc1e-4f7c-82f0-501a39f05107" testId="0c6bd7af-3789-9607-838d-b05fc875a16c" testName="when_changing_product_price" computerName="WS152" duration="00:00:00.0548373" startTime="2012-03-05T15:23:59.6289845+02:00" endTime="2012-03-05T15:24:00.0955778+02:00" testType="13cdc9d9-ddb5-4fa4-a97d-d965ccfc6d4b" outcome="Passed" testListId="8c84fa94-04c1-424b-9868-57a2d4851a1d" relativeResultsDirectory="47708214-fc1e-4f7c-82f0-501a39f05107">
    </UnitTestResult>
    <UnitTestResult executionId="5ecc84e1-9adb-462a-8d7d-0bfc697c9b85" testId="aed6500c-3dca-8cc4-3690-70265701d3d7" testName="when_changing_price_of_not_existing_product" computerName="WS152" duration="00:00:00.0237625" startTime="2012-03-05T15:24:00.1610909+02:00" endTime="2012-03-05T15:24:00.2526092+02:00" testType="13cdc9d9-ddb5-4fa4-a97d-d965ccfc6d4b" outcome="Passed" testListId="8c84fa94-04c1-424b-9868-57a2d4851a1d" relativeResultsDirectory="5ecc84e1-9adb-462a-8d7d-0bfc697c9b85">
    </UnitTestResult>
    <UnitTestResult executionId="f6132785-f77f-4eca-b4ed-bf2d72ea0f62" testId="e1971c2a-37ac-8fb8-ab90-218e54da5870" testName="when_changing_price_of_product_to_negative_value" computerName="WS152" duration="00:00:00.0015262" startTime="2012-03-05T15:24:00.2736134+02:00" endTime="2012-03-05T15:24:00.2811149+02:00" testType="13cdc9d9-ddb5-4fa4-a97d-d965ccfc6d4b" outcome="Passed" testListId="8c84fa94-04c1-424b-9868-57a2d4851a1d" relativeResultsDirectory="f6132785-f77f-4eca-b4ed-bf2d72ea0f62">
    </UnitTestResult>
    <UnitTestResult executionId="8b0b8838-6ce7-41f6-8576-3610f24d5e9c" testId="e47bac22-9313-95c1-8151-a4b19e6012b5" testName="when_adding_valid_product" computerName="WS152" duration="00:00:00.0037320" startTime="2012-03-05T15:24:00.2856158+02:00" endTime="2012-03-05T15:24:00.3006188+02:00" testType="13cdc9d9-ddb5-4fa4-a97d-d965ccfc6d4b" outcome="Passed" testListId="8c84fa94-04c1-424b-9868-57a2d4851a1d" relativeResultsDirectory="8b0b8838-6ce7-41f6-8576-3610f24d5e9c">
    </UnitTestResult>
  </Results>
</TestRun>