<?xml version="1.0" encoding="UTF-8"?>
<TestRun id="04213685-f77e-4734-9f5f-4609411c377d" name="asugak@WS152 2012-03-05 15:21:10" runUser="ECLIPSESP\asugak" xmlns="http://microsoft.com/schemas/VisualStudio/TeamTest/2010">
  <TestSettings name="Local" id="cea19d41-6cbd-46b6-b1ad-ed83a2b7d7fb">
    <Description>These are default test settings for a local test run.</Description>
    <Deployment enabled="false" runDeploymentRoot="asugak_WS152 2012-03-05 15_21_10">
      <DeploymentItem filename="C:\Users\asugak\Dropbox\Code\EComWithCQRS\ECom.Messages\bin\Debug\ECom.Messages.dll" />
      <DeploymentItem filename="C:\Users\asugak\Dropbox\Code\EComWithCQRS\ECom.CommandHandlers\bin\Debug\ECom.CommandHandlers.dll" />
      <DeploymentItem filename="C:\Users\asugak\Dropbox\Code\EComWithCQRS\ECom.Domain\bin\Debug\ECom.Domain.dll" />
      <DeploymentItem filename="C:\Users\asugak\Dropbox\Code\EComWithCQRS\ECom.Domain.Order\bin\Debug\ECom.Domain.Order.dll" />
      <DeploymentItem filename="C:\Users\asugak\Dropbox\Code\EComWithCQRS\ECom.Domain.Catalog\bin\Debug\ECom.Domain.Catalog.dll" />
      <DeploymentItem filename="C:\Users\asugak\Dropbox\Code\EComWithCQRS\ECom.Utility\bin\Debug\ECom.Utility.dll" />
    </Deployment>
    <Execution>
      <TestTypeSpecific />
      <AgentRule name="Execution Agents">
      </AgentRule>
    </Execution>
  </TestSettings>
  <Times creation="2012-03-05T15:21:10.3946444+02:00" queuing="2012-03-05T15:21:10.4846624+02:00" start="2012-03-05T15:21:10.5236702+02:00" finish="2012-03-05T15:21:11.2033061+02:00" />
  <ResultSummary outcome="Completed">
    <Counters total="3" executed="3" passed="3" error="0" failed="0" timeout="0" aborted="0" inconclusive="0" passedButRunAborted="0" notRunnable="0" notExecuted="0" disconnected="0" warning="0" completed="0" inProgress="0" pending="0" />
  </ResultSummary>
  <TestDefinitions>
    <UnitTest name="when_adding_valid_product" storage="c:\users\asugak\dropbox\code\ecomwithcqrs\ecom.commandhandlers.tests\bin\debug\ecom.commandhandlers.tests.dll" id="e47bac22-9313-95c1-8151-a4b19e6012b5">
      <Execution id="704139cd-4b55-406f-b130-225a38f7b03a" />
      <TestMethod codeBase="C:/Users/asugak/Dropbox/Code/EComWithCQRS/ECom.CommandHandlers.Tests/bin/Debug/ECom.CommandHandlers.Tests.DLL" adapterTypeName="Microsoft.VisualStudio.TestTools.TestTypes.Unit.UnitTestAdapter, Microsoft.VisualStudio.QualityTools.Tips.UnitTest.Adapter, Version=10.0.0.0, Culture=neutral, PublicKeyToken=b03f5f7f11d50a3a" className="ECom.CommandHandlers.Tests.Specifications.CreateProductTests, ECom.CommandHandlers.Tests, Version=1.0.0.0, Culture=neutral, PublicKeyToken=null" name="when_adding_valid_product" />
    </UnitTest>
    <UnitTest name="when_changing_product_price" storage="c:\users\asugak\dropbox\code\ecomwithcqrs\ecom.commandhandlers.tests\bin\debug\ecom.commandhandlers.tests.dll" id="0c6bd7af-3789-9607-838d-b05fc875a16c">
      <Execution id="95aca62e-1ac1-4538-b4e5-a901c680889c" />
      <TestMethod codeBase="C:/Users/asugak/Dropbox/Code/EComWithCQRS/ECom.CommandHandlers.Tests/bin/Debug/ECom.CommandHandlers.Tests.DLL" adapterTypeName="Microsoft.VisualStudio.TestTools.TestTypes.Unit.UnitTestAdapter, Microsoft.VisualStudio.QualityTools.Tips.UnitTest.Adapter, Version=10.0.0.0, Culture=neutral, PublicKeyToken=b03f5f7f11d50a3a" className="ECom.CommandHandlers.Tests.Specifications.ChangeProductPriceTests, ECom.CommandHandlers.Tests, Version=1.0.0.0, Culture=neutral, PublicKeyToken=null" name="when_changing_product_price" />
    </UnitTest>
    <UnitTest name="when_changing_price_of_not_existing_product" storage="c:\users\asugak\dropbox\code\ecomwithcqrs\ecom.commandhandlers.tests\bin\debug\ecom.commandhandlers.tests.dll" id="aed6500c-3dca-8cc4-3690-70265701d3d7">
      <Execution id="7ab1ab7c-7068-4770-93d5-b8799424a2c7" />
      <TestMethod codeBase="C:/Users/asugak/Dropbox/Code/EComWithCQRS/ECom.CommandHandlers.Tests/bin/Debug/ECom.CommandHandlers.Tests.DLL" adapterTypeName="Microsoft.VisualStudio.TestTools.TestTypes.Unit.UnitTestAdapter, Microsoft.VisualStudio.QualityTools.Tips.UnitTest.Adapter, Version=10.0.0.0, Culture=neutral, PublicKeyToken=b03f5f7f11d50a3a" className="ECom.CommandHandlers.Tests.Specifications.ChangeProductPriceTests, ECom.CommandHandlers.Tests, Version=1.0.0.0, Culture=neutral, PublicKeyToken=null" name="when_changing_price_of_not_existing_product" />
    </UnitTest>
  </TestDefinitions>
  <TestLists>
    <TestList name="Results Not in a List" id="8c84fa94-04c1-424b-9868-57a2d4851a1d" />
    <TestList name="All Loaded Results" id="19431567-8539-422a-85d7-44ee4e166bda" />
  </TestLists>
  <TestEntries>
    <TestEntry testId="0c6bd7af-3789-9607-838d-b05fc875a16c" executionId="95aca62e-1ac1-4538-b4e5-a901c680889c" testListId="8c84fa94-04c1-424b-9868-57a2d4851a1d" />
    <TestEntry testId="aed6500c-3dca-8cc4-3690-70265701d3d7" executionId="7ab1ab7c-7068-4770-93d5-b8799424a2c7" testListId="8c84fa94-04c1-424b-9868-57a2d4851a1d" />
    <TestEntry testId="e47bac22-9313-95c1-8151-a4b19e6012b5" executionId="704139cd-4b55-406f-b130-225a38f7b03a" testListId="8c84fa94-04c1-424b-9868-57a2d4851a1d" />
  </TestEntries>
  <Results>
    <UnitTestResult executionId="95aca62e-1ac1-4538-b4e5-a901c680889c" testId="0c6bd7af-3789-9607-838d-b05fc875a16c" testName="when_changing_product_price" computerName="WS152" duration="00:00:00.1343959" startTime="2012-03-05T15:21:10.6521959+02:00" endTime="2012-03-05T15:21:11.0717798+02:00" testType="13cdc9d9-ddb5-4fa4-a97d-d965ccfc6d4b" outcome="Passed" testListId="8c84fa94-04c1-424b-9868-57a2d4851a1d" relativeResultsDirectory="95aca62e-1ac1-4538-b4e5-a901c680889c">
    </UnitTestResult>
    <UnitTestResult executionId="7ab1ab7c-7068-4770-93d5-b8799424a2c7" testId="aed6500c-3dca-8cc4-3690-70265701d3d7" testName="when_changing_price_of_not_existing_product" computerName="WS152" duration="00:00:00.0095698" startTime="2012-03-05T15:21:11.0862827+02:00" endTime="2012-03-05T15:21:11.1117878+02:00" testType="13cdc9d9-ddb5-4fa4-a97d-d965ccfc6d4b" outcome="Passed" testListId="8c84fa94-04c1-424b-9868-57a2d4851a1d" relativeResultsDirectory="7ab1ab7c-7068-4770-93d5-b8799424a2c7">
    </UnitTestResult>
    <UnitTestResult executionId="704139cd-4b55-406f-b130-225a38f7b03a" testId="e47bac22-9313-95c1-8151-a4b19e6012b5" testName="when_adding_valid_product" computerName="WS152" duration="00:00:00.0124483" startTime="2012-03-05T15:21:11.1422939+02:00" endTime="2012-03-05T15:21:11.1617978+02:00" testType="13cdc9d9-ddb5-4fa4-a97d-d965ccfc6d4b" outcome="Passed" testListId="8c84fa94-04c1-424b-9868-57a2d4851a1d" relativeResultsDirectory="704139cd-4b55-406f-b130-225a38f7b03a">
    </UnitTestResult>
  </Results>
</TestRun>