<?xml version="1.0" encoding="UTF-8"?>
<TestRun id="2a293158-6fec-402f-8ba0-ea0f6c7a4140" name="Harry@HARRY-HP 2012-04-12 19:18:09" runUser="Harry-HP\Harry" xmlns="http://microsoft.com/schemas/VisualStudio/TeamTest/2010">
  <TestSettings name="Local" id="cea19d41-6cbd-46b6-b1ad-ed83a2b7d7fb">
    <Description>These are default test settings for a local test run.</Description>
    <Deployment enabled="false" runDeploymentRoot="Harry_HARRY-HP 2012-04-12 19_18_09">
      <DeploymentItem filename="C:\Users\Harry\Dropbox\Code\EComWithCQRS\ECom.CommandHandlers\bin\Debug\ECom.CommandHandlers.dll" />
      <DeploymentItem filename="C:\Users\Harry\Dropbox\Code\EComWithCQRS\ECom.Domain\bin\Debug\ECom.Domain.dll" />
      <DeploymentItem filename="C:\Users\Harry\Dropbox\Code\EComWithCQRS\ECom.Utility\bin\Debug\ECom.Utility.dll" />
      <DeploymentItem filename="C:\Users\Harry\Dropbox\Code\EComWithCQRS\ECom.Infrustructure\bin\Debug\ECom.Infrastructure.dll" />
      <DeploymentItem filename="C:\Users\Harry\Dropbox\Code\EComWithCQRS\ECom.Domain.Catalog\bin\Debug\ECom.Domain.Catalog.dll" />
      <DeploymentItem filename="C:\Users\Harry\Dropbox\Code\EComWithCQRS\ECom.Messages\bin\Debug\ECom.Messages.dll" />
      <DeploymentItem filename="C:\Users\Harry\Dropbox\Code\EComWithCQRS\ECom.Bus\bin\Debug\ECom.Bus.dll" />
      <DeploymentItem filename="C:\Users\Harry\Dropbox\Code\EComWithCQRS\ECom.Domain.Order\bin\Debug\ECom.Domain.Order.dll" />
    </Deployment>
    <Execution>
      <TestTypeSpecific />
      <AgentRule name="Execution Agents">
      </AgentRule>
    </Execution>
  </TestSettings>
  <Times creation="2012-04-12T19:18:09.3900835+03:00" queuing="2012-04-12T19:18:09.4760884+03:00" start="2012-04-12T19:18:09.5030900+03:00" finish="2012-04-12T19:18:09.7961067+03:00" />
  <ResultSummary outcome="Completed">
    <Counters total="4" executed="4" passed="4" error="0" failed="0" timeout="0" aborted="0" inconclusive="0" passedButRunAborted="0" notRunnable="0" notExecuted="0" disconnected="0" warning="0" completed="0" inProgress="0" pending="0" />
  </ResultSummary>
  <TestDefinitions>
    <UnitTest name="when_changing_price_of_product_to_negative_value" storage="c:\users\harry\dropbox\code\ecomwithcqrs\ecom.commandhandlers.tests\bin\debug\ecom.commandhandlers.tests.dll" id="b96a8b8f-f629-e34c-ba70-d9359d5f4aec">
      <Execution id="faa7846c-8aed-413c-806e-a1a9c7005977" />
      <TestMethod codeBase="C:/Users/Harry/Dropbox/Code/EComWithCQRS/ECom.CommandHandlers.Tests/bin/Debug/ECom.CommandHandlers.Tests.DLL" adapterTypeName="Microsoft.VisualStudio.TestTools.TestTypes.Unit.UnitTestAdapter, Microsoft.VisualStudio.QualityTools.Tips.UnitTest.Adapter, Version=10.0.0.0, Culture=neutral, PublicKeyToken=b03f5f7f11d50a3a" className="ECom.CommandHandlers.Tests.Specifications.ChangeProductPriceSpecs, ECom.CommandHandlers.Tests, Version=1.0.0.0, Culture=neutral, PublicKeyToken=null" name="when_changing_price_of_product_to_negative_value" />
    </UnitTest>
    <UnitTest name="when_adding_valid_product" storage="c:\users\harry\dropbox\code\ecomwithcqrs\ecom.commandhandlers.tests\bin\debug\ecom.commandhandlers.tests.dll" id="310b6ef3-9d44-0d42-64f9-ba186f06b209">
      <Execution id="c2c37e61-266e-466c-83b4-92734a4f04b5" />
      <TestMethod codeBase="C:/Users/Harry/Dropbox/Code/EComWithCQRS/ECom.CommandHandlers.Tests/bin/Debug/ECom.CommandHandlers.Tests.DLL" adapterTypeName="Microsoft.VisualStudio.TestTools.TestTypes.Unit.UnitTestAdapter, Microsoft.VisualStudio.QualityTools.Tips.UnitTest.Adapter, Version=10.0.0.0, Culture=neutral, PublicKeyToken=b03f5f7f11d50a3a" className="ECom.CommandHandlers.Tests.Specifications.CreateProductSpecs, ECom.CommandHandlers.Tests, Version=1.0.0.0, Culture=neutral, PublicKeyToken=null" name="when_adding_valid_product" />
    </UnitTest>
    <UnitTest name="when_changing_product_price" storage="c:\users\harry\dropbox\code\ecomwithcqrs\ecom.commandhandlers.tests\bin\debug\ecom.commandhandlers.tests.dll" id="5137ecfd-80eb-079d-4e25-7ee38a4b3931">
      <Execution id="3c3222b4-23c8-4acf-9cf7-d118cb6b4595" />
      <TestMethod codeBase="C:/Users/Harry/Dropbox/Code/EComWithCQRS/ECom.CommandHandlers.Tests/bin/Debug/ECom.CommandHandlers.Tests.DLL" adapterTypeName="Microsoft.VisualStudio.TestTools.TestTypes.Unit.UnitTestAdapter, Microsoft.VisualStudio.QualityTools.Tips.UnitTest.Adapter, Version=10.0.0.0, Culture=neutral, PublicKeyToken=b03f5f7f11d50a3a" className="ECom.CommandHandlers.Tests.Specifications.ChangeProductPriceSpecs, ECom.CommandHandlers.Tests, Version=1.0.0.0, Culture=neutral, PublicKeyToken=null" name="when_changing_product_price" />
    </UnitTest>
    <UnitTest name="when_changing_price_of_not_existing_product" storage="c:\users\harry\dropbox\code\ecomwithcqrs\ecom.commandhandlers.tests\bin\debug\ecom.commandhandlers.tests.dll" id="89046cdd-a4cf-135d-dd9f-200e134698bd">
      <Execution id="1f521530-1593-4f33-b50c-3a05ef9fcaa6" />
      <TestMethod codeBase="C:/Users/Harry/Dropbox/Code/EComWithCQRS/ECom.CommandHandlers.Tests/bin/Debug/ECom.CommandHandlers.Tests.DLL" adapterTypeName="Microsoft.VisualStudio.TestTools.TestTypes.Unit.UnitTestAdapter, Microsoft.VisualStudio.QualityTools.Tips.UnitTest.Adapter, Version=10.0.0.0, Culture=neutral, PublicKeyToken=b03f5f7f11d50a3a" className="ECom.CommandHandlers.Tests.Specifications.ChangeProductPriceSpecs, ECom.CommandHandlers.Tests, Version=1.0.0.0, Culture=neutral, PublicKeyToken=null" name="when_changing_price_of_not_existing_product" />
    </UnitTest>
  </TestDefinitions>
  <TestLists>
    <TestList name="Results Not in a List" id="8c84fa94-04c1-424b-9868-57a2d4851a1d" />
    <TestList name="All Loaded Results" id="19431567-8539-422a-85d7-44ee4e166bda" />
  </TestLists>
  <TestEntries>
    <TestEntry testId="5137ecfd-80eb-079d-4e25-7ee38a4b3931" executionId="3c3222b4-23c8-4acf-9cf7-d118cb6b4595" testListId="8c84fa94-04c1-424b-9868-57a2d4851a1d" />
    <TestEntry testId="89046cdd-a4cf-135d-dd9f-200e134698bd" executionId="1f521530-1593-4f33-b50c-3a05ef9fcaa6" testListId="8c84fa94-04c1-424b-9868-57a2d4851a1d" />
    <TestEntry testId="b96a8b8f-f629-e34c-ba70-d9359d5f4aec" executionId="faa7846c-8aed-413c-806e-a1a9c7005977" testListId="8c84fa94-04c1-424b-9868-57a2d4851a1d" />
    <TestEntry testId="310b6ef3-9d44-0d42-64f9-ba186f06b209" executionId="c2c37e61-266e-466c-83b4-92734a4f04b5" testListId="8c84fa94-04c1-424b-9868-57a2d4851a1d" />
  </TestEntries>
  <Results>
    <UnitTestResult executionId="3c3222b4-23c8-4acf-9cf7-d118cb6b4595" testId="5137ecfd-80eb-079d-4e25-7ee38a4b3931" testName="when_changing_product_price" computerName="HARRY-HP" duration="00:00:00.0587168" startTime="2012-04-12T19:18:09.5060902+03:00" endTime="2012-04-12T19:18:09.7401035+03:00" testType="13cdc9d9-ddb5-4fa4-a97d-d965ccfc6d4b" outcome="Passed" testListId="8c84fa94-04c1-424b-9868-57a2d4851a1d" relativeResultsDirectory="3c3222b4-23c8-4acf-9cf7-d118cb6b4595">
    </UnitTestResult>
    <UnitTestResult executionId="1f521530-1593-4f33-b50c-3a05ef9fcaa6" testId="89046cdd-a4cf-135d-dd9f-200e134698bd" testName="when_changing_price_of_not_existing_product" computerName="HARRY-HP" duration="00:00:00.0062288" startTime="2012-04-12T19:18:09.7431037+03:00" endTime="2012-04-12T19:18:09.7531043+03:00" testType="13cdc9d9-ddb5-4fa4-a97d-d965ccfc6d4b" outcome="Passed" testListId="8c84fa94-04c1-424b-9868-57a2d4851a1d" relativeResultsDirectory="1f521530-1593-4f33-b50c-3a05ef9fcaa6">
    </UnitTestResult>
    <UnitTestResult executionId="faa7846c-8aed-413c-806e-a1a9c7005977" testId="b96a8b8f-f629-e34c-ba70-d9359d5f4aec" testName="when_changing_price_of_product_to_negative_value" computerName="HARRY-HP" duration="00:00:00.0067088" startTime="2012-04-12T19:18:09.7551044+03:00" endTime="2012-04-12T19:18:09.7671051+03:00" testType="13cdc9d9-ddb5-4fa4-a97d-d965ccfc6d4b" outcome="Passed" testListId="8c84fa94-04c1-424b-9868-57a2d4851a1d" relativeResultsDirectory="faa7846c-8aed-413c-806e-a1a9c7005977">
    </UnitTestResult>
    <UnitTestResult executionId="c2c37e61-266e-466c-83b4-92734a4f04b5" testId="310b6ef3-9d44-0d42-64f9-ba186f06b209" testName="when_adding_valid_product" computerName="HARRY-HP" duration="00:00:00.0057322" startTime="2012-04-12T19:18:09.7691052+03:00" endTime="2012-04-12T19:18:09.7801058+03:00" testType="13cdc9d9-ddb5-4fa4-a97d-d965ccfc6d4b" outcome="Passed" testListId="8c84fa94-04c1-424b-9868-57a2d4851a1d" relativeResultsDirectory="c2c37e61-266e-466c-83b4-92734a4f04b5">
    </UnitTestResult>
  </Results>
</TestRun>