<?xml version="1.0" encoding="UTF-8"?>
<TestRun id="063e7cd0-7c3b-432e-926f-a2473acabd0d" name="Harry@HARRY-HP 2012-04-05 21:58:57" runUser="Harry-HP\Harry" xmlns="http://microsoft.com/schemas/VisualStudio/TeamTest/2010">
  <TestSettings name="Local" id="cea19d41-6cbd-46b6-b1ad-ed83a2b7d7fb">
    <Description>These are default test settings for a local test run.</Description>
    <Deployment enabled="false" runDeploymentRoot="Harry_HARRY-HP 2012-04-05 21_58_57">
      <DeploymentItem filename="C:\Users\Harry\Dropbox\Code\EComWithCQRS\ECom.Utility\bin\Debug\ECom.Utility.dll" />
    </Deployment>
    <Execution>
      <TestTypeSpecific />
      <AgentRule name="Execution Agents">
      </AgentRule>
    </Execution>
  </TestSettings>
  <Times creation="2012-04-05T21:58:57.4420900+03:00" queuing="2012-04-05T21:58:58.3851440+03:00" start="2012-04-05T21:58:58.4311466+03:00" finish="2012-04-05T21:58:58.8111683+03:00" />
  <ResultSummary outcome="Failed">
    <Counters total="1" executed="1" error="0" failed="1" timeout="0" aborted="0" inconclusive="0" passedButRunAborted="0" notRunnable="0" notExecuted="0" disconnected="0" warning="0" passed="0" completed="0" inProgress="0" pending="0" />
  </ResultSummary>
  <TestDefinitions>
    <UnitTest name="must_split_camel_case" storage="c:\users\harry\dropbox\code\ecomwithcqrs\ecom.utility.tests\bin\debug\ecom.utility.tests.dll" id="649c4c37-fae5-1328-131f-d26166ae551b">
      <Execution id="519952a2-cd53-4375-b4fe-f1b8ae275186" />
      <TestMethod codeBase="C:/Users/Harry/Dropbox/Code/EComWithCQRS/ECom.Utility.Tests/bin/Debug/ECom.Utility.Tests.DLL" adapterTypeName="Microsoft.VisualStudio.TestTools.TestTypes.Unit.UnitTestAdapter, Microsoft.VisualStudio.QualityTools.Tips.UnitTest.Adapter, Version=10.0.0.0, Culture=neutral, PublicKeyToken=b03f5f7f11d50a3a" className="ECom.Utility.Tests.StringExtentionsClass+WordifyMethod, ECom.Utility.Tests, Version=1.0.0.0, Culture=neutral, PublicKeyToken=null" name="must_split_camel_case" />
    </UnitTest>
  </TestDefinitions>
  <TestLists>
    <TestList name="Results Not in a List" id="8c84fa94-04c1-424b-9868-57a2d4851a1d" />
    <TestList name="All Loaded Results" id="19431567-8539-422a-85d7-44ee4e166bda" />
  </TestLists>
  <TestEntries>
    <TestEntry testId="649c4c37-fae5-1328-131f-d26166ae551b" executionId="519952a2-cd53-4375-b4fe-f1b8ae275186" testListId="8c84fa94-04c1-424b-9868-57a2d4851a1d" />
  </TestEntries>
  <Results>
    <UnitTestResult executionId="519952a2-cd53-4375-b4fe-f1b8ae275186" testId="649c4c37-fae5-1328-131f-d26166ae551b" testName="must_split_camel_case" computerName="HARRY-HP" duration="00:00:00.0721942" startTime="2012-04-05T21:58:58.4511477+03:00" endTime="2012-04-05T21:58:58.7671658+03:00" testType="13cdc9d9-ddb5-4fa4-a97d-d965ccfc6d4b" outcome="Failed" testListId="8c84fa94-04c1-424b-9868-57a2d4851a1d" relativeResultsDirectory="519952a2-cd53-4375-b4fe-f1b8ae275186">
      <Output>
        <ErrorInfo>
          <Message>Assert.AreEqual failed. Expected:&lt;Some Test Camel Case String&gt;. Actual:&lt; Some Test Camel Case String&gt;. </Message>
          <StackTrace>   at ECom.Utility.Tests.StringExtentionsClass.WordifyMethod.must_split_camel_case() in C:\Users\Harry\Dropbox\Code\EComWithCQRS\ECom.Utility.Tests\StringExtentionsClass.cs:line 21
</StackTrace>
        </ErrorInfo>
      </Output>
    </UnitTestResult>
  </Results>
</TestRun>