<?xml version="1.0" encoding="UTF-8"?>
<TestRun id="eac1fce1-6b98-4063-8e6d-4172cae12788" name="Harry@HARRY-HP 2012-04-05 22:47:41" runUser="Harry-HP\Harry" xmlns="http://microsoft.com/schemas/VisualStudio/TeamTest/2010">
  <TestSettings name="Local" id="cea19d41-6cbd-46b6-b1ad-ed83a2b7d7fb">
    <Description>These are default test settings for a local test run.</Description>
    <Deployment enabled="false" runDeploymentRoot="Harry_HARRY-HP 2012-04-05 22_47_41">
      <DeploymentItem filename="C:\Users\Harry\Dropbox\Code\EComWithCQRS\ECom.Domain.Catalog\bin\Debug\ECom.Domain.Catalog.dll" />
      <DeploymentItem filename="C:\Users\Harry\Dropbox\Code\EComWithCQRS\ECom.Domain.Order\bin\Debug\ECom.Domain.Order.dll" />
      <DeploymentItem filename="C:\Users\Harry\Dropbox\Code\EComWithCQRS\ECom.CommandHandlers\bin\Debug\ECom.CommandHandlers.dll" />
      <DeploymentItem filename="C:\Users\Harry\Dropbox\Code\EComWithCQRS\ECom.Domain\bin\Debug\ECom.Domain.dll" />
      <DeploymentItem filename="C:\Users\Harry\Dropbox\Code\EComWithCQRS\ECom.Messages\bin\Debug\ECom.Messages.dll" />
      <DeploymentItem filename="C:\Users\Harry\Dropbox\Code\EComWithCQRS\ECom.Utility\bin\Debug\ECom.Utility.dll" />
    </Deployment>
    <Execution>
      <TestTypeSpecific />
      <AgentRule name="Execution Agents">
      </AgentRule>
    </Execution>
  </TestSettings>
  <Times creation="2012-04-05T22:47:41.9473622+03:00" queuing="2012-04-05T22:47:42.0943706+03:00" start="2012-04-05T22:47:42.1123716+03:00" finish="2012-04-05T22:47:42.7314070+03:00" />
  <ResultSummary outcome="Completed">
    <Counters total="23" executed="23" passed="23" error="0" failed="0" timeout="0" aborted="0" inconclusive="0" passedButRunAborted="0" notRunnable="0" notExecuted="0" disconnected="0" warning="0" completed="0" inProgress="0" pending="0" />
  </ResultSummary>
  <TestDefinitions>
    <UnitTest name="must_return_false_for_same_single_svents_with_different_property_values" storage="c:\users\harry\dropbox\code\ecomwithcqrs\ecom.commandhandlers.tests\bin\debug\ecom.commandhandlers.tests.dll" id="90c28b78-8e02-3570-f3bb-d23a1df37a0c">
      <Execution id="945baff5-b9e5-40bd-b7e9-0cdee5ee77aa" />
      <TestMethod codeBase="C:/Users/Harry/Dropbox/Code/EComWithCQRS/ECom.CommandHandlers.Tests/bin/Debug/ECom.CommandHandlers.Tests.DLL" adapterTypeName="Microsoft.VisualStudio.TestTools.TestTypes.Unit.UnitTestAdapter, Microsoft.VisualStudio.QualityTools.Tips.UnitTest.Adapter, Version=10.0.0.0, Culture=neutral, PublicKeyToken=b03f5f7f11d50a3a" className="ECom.CommandHandlers.Tests.AssertEventsClass+AreSameMethod, ECom.CommandHandlers.Tests, Version=1.0.0.0, Culture=neutral, PublicKeyToken=null" name="must_return_false_for_same_single_svents_with_different_property_values" />
    </UnitTest>
    <UnitTest name="must_return_true_for_same_event_sets" storage="c:\users\harry\dropbox\code\ecomwithcqrs\ecom.commandhandlers.tests\bin\debug\ecom.commandhandlers.tests.dll" id="0118925b-22d8-7f5b-5f82-6edad105c4e7">
      <Execution id="c45dae6a-762e-46b3-8c77-401fff1c1908" />
      <TestMethod codeBase="C:/Users/Harry/Dropbox/Code/EComWithCQRS/ECom.CommandHandlers.Tests/bin/Debug/ECom.CommandHandlers.Tests.DLL" adapterTypeName="Microsoft.VisualStudio.TestTools.TestTypes.Unit.UnitTestAdapter, Microsoft.VisualStudio.QualityTools.Tips.UnitTest.Adapter, Version=10.0.0.0, Culture=neutral, PublicKeyToken=b03f5f7f11d50a3a" className="ECom.CommandHandlers.Tests.AssertEventsClass+AreSameMethod, ECom.CommandHandlers.Tests, Version=1.0.0.0, Culture=neutral, PublicKeyToken=null" name="must_return_true_for_same_event_sets" />
    </UnitTest>
    <UnitTest name="must_not_split_acronyms" storage="c:\users\harry\dropbox\code\ecomwithcqrs\ecom.utility.tests\bin\debug\ecom.utility.tests.dll" id="eb25f9e5-c7e6-0120-3cec-b3334e2cc8ee">
      <Execution id="3c19535c-40e2-4617-a86c-6316158638c3" />
      <TestMethod codeBase="C:/Users/Harry/Dropbox/Code/EComWithCQRS/ECom.Utility.Tests/bin/Debug/ECom.Utility.Tests.DLL" adapterTypeName="Microsoft.VisualStudio.TestTools.TestTypes.Unit.UnitTestAdapter, Microsoft.VisualStudio.QualityTools.Tips.UnitTest.Adapter, Version=10.0.0.0, Culture=neutral, PublicKeyToken=b03f5f7f11d50a3a" className="ECom.Utility.Tests.StringExtentionsClass+WordifyMethod, ECom.Utility.Tests, Version=1.0.0.0, Culture=neutral, PublicKeyToken=null" name="must_not_split_acronyms" />
    </UnitTest>
    <UnitTest name="ArgumentChecker_PassedEmptyString_ShouldThrowException" storage="c:\users\harry\dropbox\code\ecomwithcqrs\ecom.utility.tests\bin\debug\ecom.utility.tests.dll" id="2383f518-7878-0165-501a-9a3b5957cce9">
      <Execution id="f2704133-27f0-4a36-acdf-59c42114df05" />
      <TestMethod codeBase="C:/Users/Harry/Dropbox/Code/EComWithCQRS/ECom.Utility.Tests/bin/Debug/ECom.Utility.Tests.DLL" adapterTypeName="Microsoft.VisualStudio.TestTools.TestTypes.Unit.UnitTestAdapter, Microsoft.VisualStudio.QualityTools.Tips.UnitTest.Adapter, Version=10.0.0.0, Culture=neutral, PublicKeyToken=b03f5f7f11d50a3a" className="ECom.Utility.Tests.ArgumentCheckerTests, ECom.Utility.Tests, Version=1.0.0.0, Culture=neutral, PublicKeyToken=null" name="ArgumentChecker_PassedEmptyString_ShouldThrowException" />
    </UnitTest>
    <UnitTest name="must_return_false_for_different_numbers_of_events" storage="c:\users\harry\dropbox\code\ecomwithcqrs\ecom.commandhandlers.tests\bin\debug\ecom.commandhandlers.tests.dll" id="1e03cdbf-eb8c-714d-15a7-40151d4cb660">
      <Execution id="a71c18bc-9ac6-41c1-97a4-bc56ddd981d4" />
      <TestMethod codeBase="C:/Users/Harry/Dropbox/Code/EComWithCQRS/ECom.CommandHandlers.Tests/bin/Debug/ECom.CommandHandlers.Tests.DLL" adapterTypeName="Microsoft.VisualStudio.TestTools.TestTypes.Unit.UnitTestAdapter, Microsoft.VisualStudio.QualityTools.Tips.UnitTest.Adapter, Version=10.0.0.0, Culture=neutral, PublicKeyToken=b03f5f7f11d50a3a" className="ECom.CommandHandlers.Tests.AssertEventsClass+AreSameMethod, ECom.CommandHandlers.Tests, Version=1.0.0.0, Culture=neutral, PublicKeyToken=null" name="must_return_false_for_different_numbers_of_events" />
    </UnitTest>
    <UnitTest name="ArgumentChecker_PassedEmptyGuidStringExpression_ShouldThrowException" storage="c:\users\harry\dropbox\code\ecomwithcqrs\ecom.utility.tests\bin\debug\ecom.utility.tests.dll" id="de84f97e-6e54-3a63-597a-08f1ccab04cb">
      <Execution id="325cebd1-27a6-43de-b383-d8e70cb5399f" />
      <TestMethod codeBase="C:/Users/Harry/Dropbox/Code/EComWithCQRS/ECom.Utility.Tests/bin/Debug/ECom.Utility.Tests.DLL" adapterTypeName="Microsoft.VisualStudio.TestTools.TestTypes.Unit.UnitTestAdapter, Microsoft.VisualStudio.QualityTools.Tips.UnitTest.Adapter, Version=10.0.0.0, Culture=neutral, PublicKeyToken=b03f5f7f11d50a3a" className="ECom.Utility.Tests.ArgumentCheckerTests, ECom.Utility.Tests, Version=1.0.0.0, Culture=neutral, PublicKeyToken=null" name="ArgumentChecker_PassedEmptyGuidStringExpression_ShouldThrowException" />
    </UnitTest>
    <UnitTest name="ArgumentChecker_PassedNullString_ShouldThrowException" storage="c:\users\harry\dropbox\code\ecomwithcqrs\ecom.utility.tests\bin\debug\ecom.utility.tests.dll" id="36c931ce-f29e-c43a-4ea7-07092f8ff6a6">
      <Execution id="7a53213b-fa89-4bfd-94fd-29709f135474" />
      <TestMethod codeBase="C:/Users/Harry/Dropbox/Code/EComWithCQRS/ECom.Utility.Tests/bin/Debug/ECom.Utility.Tests.DLL" adapterTypeName="Microsoft.VisualStudio.TestTools.TestTypes.Unit.UnitTestAdapter, Microsoft.VisualStudio.QualityTools.Tips.UnitTest.Adapter, Version=10.0.0.0, Culture=neutral, PublicKeyToken=b03f5f7f11d50a3a" className="ECom.Utility.Tests.ArgumentCheckerTests, ECom.Utility.Tests, Version=1.0.0.0, Culture=neutral, PublicKeyToken=null" name="ArgumentChecker_PassedNullString_ShouldThrowException" />
    </UnitTest>
    <UnitTest name="ArgumentChecker_PassedNullStringExpression_ShouldThrowException" storage="c:\users\harry\dropbox\code\ecomwithcqrs\ecom.utility.tests\bin\debug\ecom.utility.tests.dll" id="5aee6dcf-9313-de42-fbdf-f6fdfb7ede5b">
      <Execution id="8503836b-a801-4d22-8a84-73fddb9ef674" />
      <TestMethod codeBase="C:/Users/Harry/Dropbox/Code/EComWithCQRS/ECom.Utility.Tests/bin/Debug/ECom.Utility.Tests.DLL" adapterTypeName="Microsoft.VisualStudio.TestTools.TestTypes.Unit.UnitTestAdapter, Microsoft.VisualStudio.QualityTools.Tips.UnitTest.Adapter, Version=10.0.0.0, Culture=neutral, PublicKeyToken=b03f5f7f11d50a3a" className="ECom.Utility.Tests.ArgumentCheckerTests, ECom.Utility.Tests, Version=1.0.0.0, Culture=neutral, PublicKeyToken=null" name="ArgumentChecker_PassedNullStringExpression_ShouldThrowException" />
    </UnitTest>
    <UnitTest name="ArgumentChecker_PassedNotEmptyStringExpression_ShouldNotThrowException" storage="c:\users\harry\dropbox\code\ecomwithcqrs\ecom.utility.tests\bin\debug\ecom.utility.tests.dll" id="123ab6d0-576e-7238-28bb-af69756167c3">
      <Execution id="85f75264-edcd-4407-9d1c-56eedd3a990e" />
      <TestMethod codeBase="C:/Users/Harry/Dropbox/Code/EComWithCQRS/ECom.Utility.Tests/bin/Debug/ECom.Utility.Tests.DLL" adapterTypeName="Microsoft.VisualStudio.TestTools.TestTypes.Unit.UnitTestAdapter, Microsoft.VisualStudio.QualityTools.Tips.UnitTest.Adapter, Version=10.0.0.0, Culture=neutral, PublicKeyToken=b03f5f7f11d50a3a" className="ECom.Utility.Tests.ArgumentCheckerTests, ECom.Utility.Tests, Version=1.0.0.0, Culture=neutral, PublicKeyToken=null" name="ArgumentChecker_PassedNotEmptyStringExpression_ShouldNotThrowException" />
    </UnitTest>
    <UnitTest name="ArgumentChecker_PassedEmptyStringExpression_ShouldThrowException" storage="c:\users\harry\dropbox\code\ecomwithcqrs\ecom.utility.tests\bin\debug\ecom.utility.tests.dll" id="94ce33ea-ea21-1395-d5f4-8651fd575a21">
      <Execution id="c6fa18ec-8328-4a09-bd29-a288c2573d08" />
      <TestMethod codeBase="C:/Users/Harry/Dropbox/Code/EComWithCQRS/ECom.Utility.Tests/bin/Debug/ECom.Utility.Tests.DLL" adapterTypeName="Microsoft.VisualStudio.TestTools.TestTypes.Unit.UnitTestAdapter, Microsoft.VisualStudio.QualityTools.Tips.UnitTest.Adapter, Version=10.0.0.0, Culture=neutral, PublicKeyToken=b03f5f7f11d50a3a" className="ECom.Utility.Tests.ArgumentCheckerTests, ECom.Utility.Tests, Version=1.0.0.0, Culture=neutral, PublicKeyToken=null" name="ArgumentChecker_PassedEmptyStringExpression_ShouldThrowException" />
    </UnitTest>
    <UnitTest name="ArgumentChecker_PassedNullExpression_ShouldThrowException" storage="c:\users\harry\dropbox\code\ecomwithcqrs\ecom.utility.tests\bin\debug\ecom.utility.tests.dll" id="4c848af4-d456-1cc3-681a-a327cbf81ab0">
      <Execution id="eceedc49-14f7-4462-aa35-257f83890c49" />
      <TestMethod codeBase="C:/Users/Harry/Dropbox/Code/EComWithCQRS/ECom.Utility.Tests/bin/Debug/ECom.Utility.Tests.DLL" adapterTypeName="Microsoft.VisualStudio.TestTools.TestTypes.Unit.UnitTestAdapter, Microsoft.VisualStudio.QualityTools.Tips.UnitTest.Adapter, Version=10.0.0.0, Culture=neutral, PublicKeyToken=b03f5f7f11d50a3a" className="ECom.Utility.Tests.ArgumentCheckerTests, ECom.Utility.Tests, Version=1.0.0.0, Culture=neutral, PublicKeyToken=null" name="ArgumentChecker_PassedNullExpression_ShouldThrowException" />
    </UnitTest>
    <UnitTest name="ArgumentChecker_PassedWhiteSpaceStringExpression_ShouldThrowException" storage="c:\users\harry\dropbox\code\ecomwithcqrs\ecom.utility.tests\bin\debug\ecom.utility.tests.dll" id="8b730576-1e8b-e7f7-697f-4b341fbbfc81">
      <Execution id="e5ee0b60-bbaf-4913-a948-52dadd58ca7f" />
      <TestMethod codeBase="C:/Users/Harry/Dropbox/Code/EComWithCQRS/ECom.Utility.Tests/bin/Debug/ECom.Utility.Tests.DLL" adapterTypeName="Microsoft.VisualStudio.TestTools.TestTypes.Unit.UnitTestAdapter, Microsoft.VisualStudio.QualityTools.Tips.UnitTest.Adapter, Version=10.0.0.0, Culture=neutral, PublicKeyToken=b03f5f7f11d50a3a" className="ECom.Utility.Tests.ArgumentCheckerTests, ECom.Utility.Tests, Version=1.0.0.0, Culture=neutral, PublicKeyToken=null" name="ArgumentChecker_PassedWhiteSpaceStringExpression_ShouldThrowException" />
    </UnitTest>
    <UnitTest name="must_split_camel_case" storage="c:\users\harry\dropbox\code\ecomwithcqrs\ecom.utility.tests\bin\debug\ecom.utility.tests.dll" id="649c4c37-fae5-1328-131f-d26166ae551b">
      <Execution id="903ea488-b01d-4e88-b658-382b8ef0c26d" />
      <TestMethod codeBase="C:/Users/Harry/Dropbox/Code/EComWithCQRS/ECom.Utility.Tests/bin/Debug/ECom.Utility.Tests.DLL" adapterTypeName="Microsoft.VisualStudio.TestTools.TestTypes.Unit.UnitTestAdapter, Microsoft.VisualStudio.QualityTools.Tips.UnitTest.Adapter, Version=10.0.0.0, Culture=neutral, PublicKeyToken=b03f5f7f11d50a3a" className="ECom.Utility.Tests.StringExtentionsClass+WordifyMethod, ECom.Utility.Tests, Version=1.0.0.0, Culture=neutral, PublicKeyToken=null" name="must_split_camel_case" />
    </UnitTest>
    <UnitTest name="ArgumentChecker_PassedWhiteSpaceString_ShouldThrowException" storage="c:\users\harry\dropbox\code\ecomwithcqrs\ecom.utility.tests\bin\debug\ecom.utility.tests.dll" id="059db0a2-88ba-f772-5484-000f779b9348">
      <Execution id="03bef0e3-33e6-46e5-a2b2-107e52e01981" />
      <TestMethod codeBase="C:/Users/Harry/Dropbox/Code/EComWithCQRS/ECom.Utility.Tests/bin/Debug/ECom.Utility.Tests.DLL" adapterTypeName="Microsoft.VisualStudio.TestTools.TestTypes.Unit.UnitTestAdapter, Microsoft.VisualStudio.QualityTools.Tips.UnitTest.Adapter, Version=10.0.0.0, Culture=neutral, PublicKeyToken=b03f5f7f11d50a3a" className="ECom.Utility.Tests.ArgumentCheckerTests, ECom.Utility.Tests, Version=1.0.0.0, Culture=neutral, PublicKeyToken=null" name="ArgumentChecker_PassedWhiteSpaceString_ShouldThrowException" />
    </UnitTest>
    <UnitTest name="when_changing_product_price" storage="c:\users\harry\dropbox\code\ecomwithcqrs\ecom.commandhandlers.tests\bin\debug\ecom.commandhandlers.tests.dll" id="5137ecfd-80eb-079d-4e25-7ee38a4b3931">
      <Execution id="45ac950c-0224-4f1f-a3fa-c5aca9901407" />
      <TestMethod codeBase="C:/Users/Harry/Dropbox/Code/EComWithCQRS/ECom.CommandHandlers.Tests/bin/Debug/ECom.CommandHandlers.Tests.DLL" adapterTypeName="Microsoft.VisualStudio.TestTools.TestTypes.Unit.UnitTestAdapter, Microsoft.VisualStudio.QualityTools.Tips.UnitTest.Adapter, Version=10.0.0.0, Culture=neutral, PublicKeyToken=b03f5f7f11d50a3a" className="ECom.CommandHandlers.Tests.Specifications.ChangeProductPriceSpecs, ECom.CommandHandlers.Tests, Version=1.0.0.0, Culture=neutral, PublicKeyToken=null" name="when_changing_product_price" />
    </UnitTest>
    <UnitTest name="must_return_true_for_same_single_events" storage="c:\users\harry\dropbox\code\ecomwithcqrs\ecom.commandhandlers.tests\bin\debug\ecom.commandhandlers.tests.dll" id="5dc8ce45-7224-a655-600e-bd4e235d6326">
      <Execution id="f36d5dfe-ce9a-4ce1-b06a-0e53d9d3e3b1" />
      <TestMethod codeBase="C:/Users/Harry/Dropbox/Code/EComWithCQRS/ECom.CommandHandlers.Tests/bin/Debug/ECom.CommandHandlers.Tests.DLL" adapterTypeName="Microsoft.VisualStudio.TestTools.TestTypes.Unit.UnitTestAdapter, Microsoft.VisualStudio.QualityTools.Tips.UnitTest.Adapter, Version=10.0.0.0, Culture=neutral, PublicKeyToken=b03f5f7f11d50a3a" className="ECom.CommandHandlers.Tests.AssertEventsClass+AreSameMethod, ECom.CommandHandlers.Tests, Version=1.0.0.0, Culture=neutral, PublicKeyToken=null" name="must_return_true_for_same_single_events" />
    </UnitTest>
    <UnitTest name="when_changing_price_of_not_existing_product" storage="c:\users\harry\dropbox\code\ecomwithcqrs\ecom.commandhandlers.tests\bin\debug\ecom.commandhandlers.tests.dll" id="89046cdd-a4cf-135d-dd9f-200e134698bd">
      <Execution id="a6b421d0-c648-4f28-822a-b6c3fae7e0a7" />
      <TestMethod codeBase="C:/Users/Harry/Dropbox/Code/EComWithCQRS/ECom.CommandHandlers.Tests/bin/Debug/ECom.CommandHandlers.Tests.DLL" adapterTypeName="Microsoft.VisualStudio.TestTools.TestTypes.Unit.UnitTestAdapter, Microsoft.VisualStudio.QualityTools.Tips.UnitTest.Adapter, Version=10.0.0.0, Culture=neutral, PublicKeyToken=b03f5f7f11d50a3a" className="ECom.CommandHandlers.Tests.Specifications.ChangeProductPriceSpecs, ECom.CommandHandlers.Tests, Version=1.0.0.0, Culture=neutral, PublicKeyToken=null" name="when_changing_price_of_not_existing_product" />
    </UnitTest>
    <UnitTest name="ArgumentChecker_PassedNotEmptyGuidExpression_ShouldNotThrowException" storage="c:\users\harry\dropbox\code\ecomwithcqrs\ecom.utility.tests\bin\debug\ecom.utility.tests.dll" id="0116cc0b-e067-4c42-c988-6271e1c0d153">
      <Execution id="74f14e07-26b4-4c53-b963-65a933c37758" />
      <TestMethod codeBase="C:/Users/Harry/Dropbox/Code/EComWithCQRS/ECom.Utility.Tests/bin/Debug/ECom.Utility.Tests.DLL" adapterTypeName="Microsoft.VisualStudio.TestTools.TestTypes.Unit.UnitTestAdapter, Microsoft.VisualStudio.QualityTools.Tips.UnitTest.Adapter, Version=10.0.0.0, Culture=neutral, PublicKeyToken=b03f5f7f11d50a3a" className="ECom.Utility.Tests.ArgumentCheckerTests, ECom.Utility.Tests, Version=1.0.0.0, Culture=neutral, PublicKeyToken=null" name="ArgumentChecker_PassedNotEmptyGuidExpression_ShouldNotThrowException" />
    </UnitTest>
    <UnitTest name="ArgumentChecker_PassedNotNullObjectExpression_ShouldNotThrowException" storage="c:\users\harry\dropbox\code\ecomwithcqrs\ecom.utility.tests\bin\debug\ecom.utility.tests.dll" id="ea89121b-635d-81f6-b7fe-d4136b6c39f8">
      <Execution id="18f1a96c-62ff-4b10-b6c9-7c0e1dbff3cc" />
      <TestMethod codeBase="C:/Users/Harry/Dropbox/Code/EComWithCQRS/ECom.Utility.Tests/bin/Debug/ECom.Utility.Tests.DLL" adapterTypeName="Microsoft.VisualStudio.TestTools.TestTypes.Unit.UnitTestAdapter, Microsoft.VisualStudio.QualityTools.Tips.UnitTest.Adapter, Version=10.0.0.0, Culture=neutral, PublicKeyToken=b03f5f7f11d50a3a" className="ECom.Utility.Tests.ArgumentCheckerTests, ECom.Utility.Tests, Version=1.0.0.0, Culture=neutral, PublicKeyToken=null" name="ArgumentChecker_PassedNotNullObjectExpression_ShouldNotThrowException" />
    </UnitTest>
    <UnitTest name="must_return_true_for_two_empty_lists_of_events" storage="c:\users\harry\dropbox\code\ecomwithcqrs\ecom.commandhandlers.tests\bin\debug\ecom.commandhandlers.tests.dll" id="5ff7eed9-7672-c9dc-92d4-18f241e1ced6">
      <Execution id="bfd0c737-c20c-43c6-944d-3fc935cb1c89" />
      <TestMethod codeBase="C:/Users/Harry/Dropbox/Code/EComWithCQRS/ECom.CommandHandlers.Tests/bin/Debug/ECom.CommandHandlers.Tests.DLL" adapterTypeName="Microsoft.VisualStudio.TestTools.TestTypes.Unit.UnitTestAdapter, Microsoft.VisualStudio.QualityTools.Tips.UnitTest.Adapter, Version=10.0.0.0, Culture=neutral, PublicKeyToken=b03f5f7f11d50a3a" className="ECom.CommandHandlers.Tests.AssertEventsClass+AreSameMethod, ECom.CommandHandlers.Tests, Version=1.0.0.0, Culture=neutral, PublicKeyToken=null" name="must_return_true_for_two_empty_lists_of_events" />
    </UnitTest>
    <UnitTest name="when_adding_valid_product" storage="c:\users\harry\dropbox\code\ecomwithcqrs\ecom.commandhandlers.tests\bin\debug\ecom.commandhandlers.tests.dll" id="310b6ef3-9d44-0d42-64f9-ba186f06b209">
      <Execution id="cc1d9402-8440-462d-90a6-9a96b4e867e3" />
      <TestMethod codeBase="C:/Users/Harry/Dropbox/Code/EComWithCQRS/ECom.CommandHandlers.Tests/bin/Debug/ECom.CommandHandlers.Tests.DLL" adapterTypeName="Microsoft.VisualStudio.TestTools.TestTypes.Unit.UnitTestAdapter, Microsoft.VisualStudio.QualityTools.Tips.UnitTest.Adapter, Version=10.0.0.0, Culture=neutral, PublicKeyToken=b03f5f7f11d50a3a" className="ECom.CommandHandlers.Tests.Specifications.CreateProductSpecs, ECom.CommandHandlers.Tests, Version=1.0.0.0, Culture=neutral, PublicKeyToken=null" name="when_adding_valid_product" />
    </UnitTest>
    <UnitTest name="ArgumentChecker_PassedNull_ShouldThrowException" storage="c:\users\harry\dropbox\code\ecomwithcqrs\ecom.utility.tests\bin\debug\ecom.utility.tests.dll" id="dea47f32-3e00-4ddb-1038-378d0269cff2">
      <Execution id="f65f7cfe-47a9-462b-941a-036d48571154" />
      <TestMethod codeBase="C:/Users/Harry/Dropbox/Code/EComWithCQRS/ECom.Utility.Tests/bin/Debug/ECom.Utility.Tests.DLL" adapterTypeName="Microsoft.VisualStudio.TestTools.TestTypes.Unit.UnitTestAdapter, Microsoft.VisualStudio.QualityTools.Tips.UnitTest.Adapter, Version=10.0.0.0, Culture=neutral, PublicKeyToken=b03f5f7f11d50a3a" className="ECom.Utility.Tests.ArgumentCheckerTests, ECom.Utility.Tests, Version=1.0.0.0, Culture=neutral, PublicKeyToken=null" name="ArgumentChecker_PassedNull_ShouldThrowException" />
    </UnitTest>
    <UnitTest name="when_changing_price_of_product_to_negative_value" storage="c:\users\harry\dropbox\code\ecomwithcqrs\ecom.commandhandlers.tests\bin\debug\ecom.commandhandlers.tests.dll" id="b96a8b8f-f629-e34c-ba70-d9359d5f4aec">
      <Execution id="71f0b8f5-fd21-4411-bb34-fd167c0a59b5" />
      <TestMethod codeBase="C:/Users/Harry/Dropbox/Code/EComWithCQRS/ECom.CommandHandlers.Tests/bin/Debug/ECom.CommandHandlers.Tests.DLL" adapterTypeName="Microsoft.VisualStudio.TestTools.TestTypes.Unit.UnitTestAdapter, Microsoft.VisualStudio.QualityTools.Tips.UnitTest.Adapter, Version=10.0.0.0, Culture=neutral, PublicKeyToken=b03f5f7f11d50a3a" className="ECom.CommandHandlers.Tests.Specifications.ChangeProductPriceSpecs, ECom.CommandHandlers.Tests, Version=1.0.0.0, Culture=neutral, PublicKeyToken=null" name="when_changing_price_of_product_to_negative_value" />
    </UnitTest>
  </TestDefinitions>
  <TestLists>
    <TestList name="Results Not in a List" id="8c84fa94-04c1-424b-9868-57a2d4851a1d" />
    <TestList name="All Loaded Results" id="19431567-8539-422a-85d7-44ee4e166bda" />
  </TestLists>
  <TestEntries>
    <TestEntry testId="dea47f32-3e00-4ddb-1038-378d0269cff2" executionId="f65f7cfe-47a9-462b-941a-036d48571154" testListId="8c84fa94-04c1-424b-9868-57a2d4851a1d" />
    <TestEntry testId="2383f518-7878-0165-501a-9a3b5957cce9" executionId="f2704133-27f0-4a36-acdf-59c42114df05" testListId="8c84fa94-04c1-424b-9868-57a2d4851a1d" />
    <TestEntry testId="36c931ce-f29e-c43a-4ea7-07092f8ff6a6" executionId="7a53213b-fa89-4bfd-94fd-29709f135474" testListId="8c84fa94-04c1-424b-9868-57a2d4851a1d" />
    <TestEntry testId="059db0a2-88ba-f772-5484-000f779b9348" executionId="03bef0e3-33e6-46e5-a2b2-107e52e01981" testListId="8c84fa94-04c1-424b-9868-57a2d4851a1d" />
    <TestEntry testId="4c848af4-d456-1cc3-681a-a327cbf81ab0" executionId="eceedc49-14f7-4462-aa35-257f83890c49" testListId="8c84fa94-04c1-424b-9868-57a2d4851a1d" />
    <TestEntry testId="94ce33ea-ea21-1395-d5f4-8651fd575a21" executionId="c6fa18ec-8328-4a09-bd29-a288c2573d08" testListId="8c84fa94-04c1-424b-9868-57a2d4851a1d" />
    <TestEntry testId="5aee6dcf-9313-de42-fbdf-f6fdfb7ede5b" executionId="8503836b-a801-4d22-8a84-73fddb9ef674" testListId="8c84fa94-04c1-424b-9868-57a2d4851a1d" />
    <TestEntry testId="8b730576-1e8b-e7f7-697f-4b341fbbfc81" executionId="e5ee0b60-bbaf-4913-a948-52dadd58ca7f" testListId="8c84fa94-04c1-424b-9868-57a2d4851a1d" />
    <TestEntry testId="de84f97e-6e54-3a63-597a-08f1ccab04cb" executionId="325cebd1-27a6-43de-b383-d8e70cb5399f" testListId="8c84fa94-04c1-424b-9868-57a2d4851a1d" />
    <TestEntry testId="123ab6d0-576e-7238-28bb-af69756167c3" executionId="85f75264-edcd-4407-9d1c-56eedd3a990e" testListId="8c84fa94-04c1-424b-9868-57a2d4851a1d" />
    <TestEntry testId="ea89121b-635d-81f6-b7fe-d4136b6c39f8" executionId="18f1a96c-62ff-4b10-b6c9-7c0e1dbff3cc" testListId="8c84fa94-04c1-424b-9868-57a2d4851a1d" />
    <TestEntry testId="0116cc0b-e067-4c42-c988-6271e1c0d153" executionId="74f14e07-26b4-4c53-b963-65a933c37758" testListId="8c84fa94-04c1-424b-9868-57a2d4851a1d" />
    <TestEntry testId="5ff7eed9-7672-c9dc-92d4-18f241e1ced6" executionId="bfd0c737-c20c-43c6-944d-3fc935cb1c89" testListId="8c84fa94-04c1-424b-9868-57a2d4851a1d" />
    <TestEntry testId="5dc8ce45-7224-a655-600e-bd4e235d6326" executionId="f36d5dfe-ce9a-4ce1-b06a-0e53d9d3e3b1" testListId="8c84fa94-04c1-424b-9868-57a2d4851a1d" />
    <TestEntry testId="0118925b-22d8-7f5b-5f82-6edad105c4e7" executionId="c45dae6a-762e-46b3-8c77-401fff1c1908" testListId="8c84fa94-04c1-424b-9868-57a2d4851a1d" />
    <TestEntry testId="90c28b78-8e02-3570-f3bb-d23a1df37a0c" executionId="945baff5-b9e5-40bd-b7e9-0cdee5ee77aa" testListId="8c84fa94-04c1-424b-9868-57a2d4851a1d" />
    <TestEntry testId="1e03cdbf-eb8c-714d-15a7-40151d4cb660" executionId="a71c18bc-9ac6-41c1-97a4-bc56ddd981d4" testListId="8c84fa94-04c1-424b-9868-57a2d4851a1d" />
    <TestEntry testId="5137ecfd-80eb-079d-4e25-7ee38a4b3931" executionId="45ac950c-0224-4f1f-a3fa-c5aca9901407" testListId="8c84fa94-04c1-424b-9868-57a2d4851a1d" />
    <TestEntry testId="89046cdd-a4cf-135d-dd9f-200e134698bd" executionId="a6b421d0-c648-4f28-822a-b6c3fae7e0a7" testListId="8c84fa94-04c1-424b-9868-57a2d4851a1d" />
    <TestEntry testId="b96a8b8f-f629-e34c-ba70-d9359d5f4aec" executionId="71f0b8f5-fd21-4411-bb34-fd167c0a59b5" testListId="8c84fa94-04c1-424b-9868-57a2d4851a1d" />
    <TestEntry testId="310b6ef3-9d44-0d42-64f9-ba186f06b209" executionId="cc1d9402-8440-462d-90a6-9a96b4e867e3" testListId="8c84fa94-04c1-424b-9868-57a2d4851a1d" />
    <TestEntry testId="649c4c37-fae5-1328-131f-d26166ae551b" executionId="903ea488-b01d-4e88-b658-382b8ef0c26d" testListId="8c84fa94-04c1-424b-9868-57a2d4851a1d" />
    <TestEntry testId="eb25f9e5-c7e6-0120-3cec-b3334e2cc8ee" executionId="3c19535c-40e2-4617-a86c-6316158638c3" testListId="8c84fa94-04c1-424b-9868-57a2d4851a1d" />
  </TestEntries>
  <Results>
    <UnitTestResult executionId="f65f7cfe-47a9-462b-941a-036d48571154" testId="dea47f32-3e00-4ddb-1038-378d0269cff2" testName="ArgumentChecker_PassedNull_ShouldThrowException" computerName="HARRY-HP" duration="00:00:00.0161102" startTime="2012-04-05T22:47:42.1193720+03:00" endTime="2012-04-05T22:47:42.3253838+03:00" testType="13cdc9d9-ddb5-4fa4-a97d-d965ccfc6d4b" outcome="Passed" testListId="8c84fa94-04c1-424b-9868-57a2d4851a1d" relativeResultsDirectory="f65f7cfe-47a9-462b-941a-036d48571154">
    </UnitTestResult>
    <UnitTestResult executionId="f2704133-27f0-4a36-acdf-59c42114df05" testId="2383f518-7878-0165-501a-9a3b5957cce9" testName="ArgumentChecker_PassedEmptyString_ShouldThrowException" computerName="HARRY-HP" duration="00:00:00.0013413" startTime="2012-04-05T22:47:42.3273839+03:00" endTime="2012-04-05T22:47:42.3333842+03:00" testType="13cdc9d9-ddb5-4fa4-a97d-d965ccfc6d4b" outcome="Passed" testListId="8c84fa94-04c1-424b-9868-57a2d4851a1d" relativeResultsDirectory="f2704133-27f0-4a36-acdf-59c42114df05">
    </UnitTestResult>
    <UnitTestResult executionId="7a53213b-fa89-4bfd-94fd-29709f135474" testId="36c931ce-f29e-c43a-4ea7-07092f8ff6a6" testName="ArgumentChecker_PassedNullString_ShouldThrowException" computerName="HARRY-HP" duration="00:00:00.0005111" startTime="2012-04-05T22:47:42.3363844+03:00" endTime="2012-04-05T22:47:42.3433848+03:00" testType="13cdc9d9-ddb5-4fa4-a97d-d965ccfc6d4b" outcome="Passed" testListId="8c84fa94-04c1-424b-9868-57a2d4851a1d" relativeResultsDirectory="7a53213b-fa89-4bfd-94fd-29709f135474">
    </UnitTestResult>
    <UnitTestResult executionId="03bef0e3-33e6-46e5-a2b2-107e52e01981" testId="059db0a2-88ba-f772-5484-000f779b9348" testName="ArgumentChecker_PassedWhiteSpaceString_ShouldThrowException" computerName="HARRY-HP" duration="00:00:00.0008463" startTime="2012-04-05T22:47:42.3483851+03:00" endTime="2012-04-05T22:47:42.3533854+03:00" testType="13cdc9d9-ddb5-4fa4-a97d-d965ccfc6d4b" outcome="Passed" testListId="8c84fa94-04c1-424b-9868-57a2d4851a1d" relativeResultsDirectory="03bef0e3-33e6-46e5-a2b2-107e52e01981">
    </UnitTestResult>
    <UnitTestResult executionId="eceedc49-14f7-4462-aa35-257f83890c49" testId="4c848af4-d456-1cc3-681a-a327cbf81ab0" testName="ArgumentChecker_PassedNullExpression_ShouldThrowException" computerName="HARRY-HP" duration="00:00:00.0025953" startTime="2012-04-05T22:47:42.3563856+03:00" endTime="2012-04-05T22:47:42.3633860+03:00" testType="13cdc9d9-ddb5-4fa4-a97d-d965ccfc6d4b" outcome="Passed" testListId="8c84fa94-04c1-424b-9868-57a2d4851a1d" relativeResultsDirectory="eceedc49-14f7-4462-aa35-257f83890c49">
    </UnitTestResult>
    <UnitTestResult executionId="c6fa18ec-8328-4a09-bd29-a288c2573d08" testId="94ce33ea-ea21-1395-d5f4-8651fd575a21" testName="ArgumentChecker_PassedEmptyStringExpression_ShouldThrowException" computerName="HARRY-HP" duration="00:00:00.0016401" startTime="2012-04-05T22:47:42.3653861+03:00" endTime="2012-04-05T22:47:42.3713864+03:00" testType="13cdc9d9-ddb5-4fa4-a97d-d965ccfc6d4b" outcome="Passed" testListId="8c84fa94-04c1-424b-9868-57a2d4851a1d" relativeResultsDirectory="c6fa18ec-8328-4a09-bd29-a288c2573d08">
    </UnitTestResult>
    <UnitTestResult executionId="8503836b-a801-4d22-8a84-73fddb9ef674" testId="5aee6dcf-9313-de42-fbdf-f6fdfb7ede5b" testName="ArgumentChecker_PassedNullStringExpression_ShouldThrowException" computerName="HARRY-HP" duration="00:00:00.0013227" startTime="2012-04-05T22:47:42.3793869+03:00" endTime="2012-04-05T22:47:42.3843872+03:00" testType="13cdc9d9-ddb5-4fa4-a97d-d965ccfc6d4b" outcome="Passed" testListId="8c84fa94-04c1-424b-9868-57a2d4851a1d" relativeResultsDirectory="8503836b-a801-4d22-8a84-73fddb9ef674">
    </UnitTestResult>
    <UnitTestResult executionId="e5ee0b60-bbaf-4913-a948-52dadd58ca7f" testId="8b730576-1e8b-e7f7-697f-4b341fbbfc81" testName="ArgumentChecker_PassedWhiteSpaceStringExpression_ShouldThrowException" computerName="HARRY-HP" duration="00:00:00.0011478" startTime="2012-04-05T22:47:42.3883874+03:00" endTime="2012-04-05T22:47:42.3933877+03:00" testType="13cdc9d9-ddb5-4fa4-a97d-d965ccfc6d4b" outcome="Passed" testListId="8c84fa94-04c1-424b-9868-57a2d4851a1d" relativeResultsDirectory="e5ee0b60-bbaf-4913-a948-52dadd58ca7f">
    </UnitTestResult>
    <UnitTestResult executionId="325cebd1-27a6-43de-b383-d8e70cb5399f" testId="de84f97e-6e54-3a63-597a-08f1ccab04cb" testName="ArgumentChecker_PassedEmptyGuidStringExpression_ShouldThrowException" computerName="HARRY-HP" duration="00:00:00.0019705" startTime="2012-04-05T22:47:42.3963878+03:00" endTime="2012-04-05T22:47:42.4013881+03:00" testType="13cdc9d9-ddb5-4fa4-a97d-d965ccfc6d4b" outcome="Passed" testListId="8c84fa94-04c1-424b-9868-57a2d4851a1d" relativeResultsDirectory="325cebd1-27a6-43de-b383-d8e70cb5399f">
    </UnitTestResult>
    <UnitTestResult executionId="85f75264-edcd-4407-9d1c-56eedd3a990e" testId="123ab6d0-576e-7238-28bb-af69756167c3" testName="ArgumentChecker_PassedNotEmptyStringExpression_ShouldNotThrowException" computerName="HARRY-HP" duration="00:00:00.0008174" startTime="2012-04-05T22:47:42.4033882+03:00" endTime="2012-04-05T22:47:42.4083885+03:00" testType="13cdc9d9-ddb5-4fa4-a97d-d965ccfc6d4b" outcome="Passed" testListId="8c84fa94-04c1-424b-9868-57a2d4851a1d" relativeResultsDirectory="85f75264-edcd-4407-9d1c-56eedd3a990e">
    </UnitTestResult>
    <UnitTestResult executionId="18f1a96c-62ff-4b10-b6c9-7c0e1dbff3cc" testId="ea89121b-635d-81f6-b7fe-d4136b6c39f8" testName="ArgumentChecker_PassedNotNullObjectExpression_ShouldNotThrowException" computerName="HARRY-HP" duration="00:00:00.0007563" startTime="2012-04-05T22:47:42.4103886+03:00" endTime="2012-04-05T22:47:42.4133888+03:00" testType="13cdc9d9-ddb5-4fa4-a97d-d965ccfc6d4b" outcome="Passed" testListId="8c84fa94-04c1-424b-9868-57a2d4851a1d" relativeResultsDirectory="18f1a96c-62ff-4b10-b6c9-7c0e1dbff3cc">
    </UnitTestResult>
    <UnitTestResult executionId="74f14e07-26b4-4c53-b963-65a933c37758" testId="0116cc0b-e067-4c42-c988-6271e1c0d153" testName="ArgumentChecker_PassedNotEmptyGuidExpression_ShouldNotThrowException" computerName="HARRY-HP" duration="00:00:00.0006201" startTime="2012-04-05T22:47:42.4153889+03:00" endTime="2012-04-05T22:47:42.4183891+03:00" testType="13cdc9d9-ddb5-4fa4-a97d-d965ccfc6d4b" outcome="Passed" testListId="8c84fa94-04c1-424b-9868-57a2d4851a1d" relativeResultsDirectory="74f14e07-26b4-4c53-b963-65a933c37758">
    </UnitTestResult>
    <UnitTestResult executionId="bfd0c737-c20c-43c6-944d-3fc935cb1c89" testId="5ff7eed9-7672-c9dc-92d4-18f241e1ced6" testName="must_return_true_for_two_empty_lists_of_events" computerName="HARRY-HP" duration="00:00:00.0098012" startTime="2012-04-05T22:47:42.4203892+03:00" endTime="2012-04-05T22:47:42.5923991+03:00" testType="13cdc9d9-ddb5-4fa4-a97d-d965ccfc6d4b" outcome="Passed" testListId="8c84fa94-04c1-424b-9868-57a2d4851a1d" relativeResultsDirectory="bfd0c737-c20c-43c6-944d-3fc935cb1c89">
    </UnitTestResult>
    <UnitTestResult executionId="f36d5dfe-ce9a-4ce1-b06a-0e53d9d3e3b1" testId="5dc8ce45-7224-a655-600e-bd4e235d6326" testName="must_return_true_for_same_single_events" computerName="HARRY-HP" duration="00:00:00.0051504" startTime="2012-04-05T22:47:42.5953992+03:00" endTime="2012-04-05T22:47:42.6033997+03:00" testType="13cdc9d9-ddb5-4fa4-a97d-d965ccfc6d4b" outcome="Passed" testListId="8c84fa94-04c1-424b-9868-57a2d4851a1d" relativeResultsDirectory="f36d5dfe-ce9a-4ce1-b06a-0e53d9d3e3b1">
    </UnitTestResult>
    <UnitTestResult executionId="c45dae6a-762e-46b3-8c77-401fff1c1908" testId="0118925b-22d8-7f5b-5f82-6edad105c4e7" testName="must_return_true_for_same_event_sets" computerName="HARRY-HP" duration="00:00:00.0016681" startTime="2012-04-05T22:47:42.6063999+03:00" endTime="2012-04-05T22:47:42.6114001+03:00" testType="13cdc9d9-ddb5-4fa4-a97d-d965ccfc6d4b" outcome="Passed" testListId="8c84fa94-04c1-424b-9868-57a2d4851a1d" relativeResultsDirectory="c45dae6a-762e-46b3-8c77-401fff1c1908">
    </UnitTestResult>
    <UnitTestResult executionId="945baff5-b9e5-40bd-b7e9-0cdee5ee77aa" testId="90c28b78-8e02-3570-f3bb-d23a1df37a0c" testName="must_return_false_for_same_single_svents_with_different_property_values" computerName="HARRY-HP" duration="00:00:00.0007567" startTime="2012-04-05T22:47:42.6154004+03:00" endTime="2012-04-05T22:47:42.6194006+03:00" testType="13cdc9d9-ddb5-4fa4-a97d-d965ccfc6d4b" outcome="Passed" testListId="8c84fa94-04c1-424b-9868-57a2d4851a1d" relativeResultsDirectory="945baff5-b9e5-40bd-b7e9-0cdee5ee77aa">
    </UnitTestResult>
    <UnitTestResult executionId="a71c18bc-9ac6-41c1-97a4-bc56ddd981d4" testId="1e03cdbf-eb8c-714d-15a7-40151d4cb660" testName="must_return_false_for_different_numbers_of_events" computerName="HARRY-HP" duration="00:00:00.0012576" startTime="2012-04-05T22:47:42.6374016+03:00" endTime="2012-04-05T22:47:42.6444020+03:00" testType="13cdc9d9-ddb5-4fa4-a97d-d965ccfc6d4b" outcome="Passed" testListId="8c84fa94-04c1-424b-9868-57a2d4851a1d" relativeResultsDirectory="a71c18bc-9ac6-41c1-97a4-bc56ddd981d4">
    </UnitTestResult>
    <UnitTestResult executionId="45ac950c-0224-4f1f-a3fa-c5aca9901407" testId="5137ecfd-80eb-079d-4e25-7ee38a4b3931" testName="when_changing_product_price" computerName="HARRY-HP" duration="00:00:00.0188007" startTime="2012-04-05T22:47:42.6474022+03:00" endTime="2012-04-05T22:47:42.6694035+03:00" testType="13cdc9d9-ddb5-4fa4-a97d-d965ccfc6d4b" outcome="Passed" testListId="8c84fa94-04c1-424b-9868-57a2d4851a1d" relativeResultsDirectory="45ac950c-0224-4f1f-a3fa-c5aca9901407">
    </UnitTestResult>
    <UnitTestResult executionId="a6b421d0-c648-4f28-822a-b6c3fae7e0a7" testId="89046cdd-a4cf-135d-dd9f-200e134698bd" testName="when_changing_price_of_not_existing_product" computerName="HARRY-HP" duration="00:00:00.0010961" startTime="2012-04-05T22:47:42.6724036+03:00" endTime="2012-04-05T22:47:42.6794040+03:00" testType="13cdc9d9-ddb5-4fa4-a97d-d965ccfc6d4b" outcome="Passed" testListId="8c84fa94-04c1-424b-9868-57a2d4851a1d" relativeResultsDirectory="a6b421d0-c648-4f28-822a-b6c3fae7e0a7">
    </UnitTestResult>
    <UnitTestResult executionId="71f0b8f5-fd21-4411-bb34-fd167c0a59b5" testId="b96a8b8f-f629-e34c-ba70-d9359d5f4aec" testName="when_changing_price_of_product_to_negative_value" computerName="HARRY-HP" duration="00:00:00.0011293" startTime="2012-04-05T22:47:42.6824042+03:00" endTime="2012-04-05T22:47:42.6864044+03:00" testType="13cdc9d9-ddb5-4fa4-a97d-d965ccfc6d4b" outcome="Passed" testListId="8c84fa94-04c1-424b-9868-57a2d4851a1d" relativeResultsDirectory="71f0b8f5-fd21-4411-bb34-fd167c0a59b5">
    </UnitTestResult>
    <UnitTestResult executionId="cc1d9402-8440-462d-90a6-9a96b4e867e3" testId="310b6ef3-9d44-0d42-64f9-ba186f06b209" testName="when_adding_valid_product" computerName="HARRY-HP" duration="00:00:00.0029139" startTime="2012-04-05T22:47:42.6884045+03:00" endTime="2012-04-05T22:47:42.6934048+03:00" testType="13cdc9d9-ddb5-4fa4-a97d-d965ccfc6d4b" outcome="Passed" testListId="8c84fa94-04c1-424b-9868-57a2d4851a1d" relativeResultsDirectory="cc1d9402-8440-462d-90a6-9a96b4e867e3">
    </UnitTestResult>
    <UnitTestResult executionId="903ea488-b01d-4e88-b658-382b8ef0c26d" testId="649c4c37-fae5-1328-131f-d26166ae551b" testName="must_split_camel_case" computerName="HARRY-HP" duration="00:00:00.0006967" startTime="2012-04-05T22:47:42.6954049+03:00" endTime="2012-04-05T22:47:42.7014053+03:00" testType="13cdc9d9-ddb5-4fa4-a97d-d965ccfc6d4b" outcome="Passed" testListId="8c84fa94-04c1-424b-9868-57a2d4851a1d" relativeResultsDirectory="903ea488-b01d-4e88-b658-382b8ef0c26d">
    </UnitTestResult>
    <UnitTestResult executionId="3c19535c-40e2-4617-a86c-6316158638c3" testId="eb25f9e5-c7e6-0120-3cec-b3334e2cc8ee" testName="must_not_split_acronyms" computerName="HARRY-HP" duration="00:00:00.0002044" startTime="2012-04-05T22:47:42.7034054+03:00" endTime="2012-04-05T22:47:42.7074056+03:00" testType="13cdc9d9-ddb5-4fa4-a97d-d965ccfc6d4b" outcome="Passed" testListId="8c84fa94-04c1-424b-9868-57a2d4851a1d" relativeResultsDirectory="3c19535c-40e2-4617-a86c-6316158638c3">
    </UnitTestResult>
  </Results>
</TestRun>