<?xml version="1.0" encoding="UTF-8"?>
<TestRun id="dbd1460e-2998-4778-a0c0-e7b1a0340954" name="Harry@HARRY-HP 2012-04-06 23:12:17" runUser="Harry-HP\Harry" xmlns="http://microsoft.com/schemas/VisualStudio/TeamTest/2010">
  <TestSettings name="Local" id="cea19d41-6cbd-46b6-b1ad-ed83a2b7d7fb">
    <Description>These are default test settings for a local test run.</Description>
    <Deployment enabled="false" runDeploymentRoot="Harry_HARRY-HP 2012-04-06 23_12_17">
      <DeploymentItem filename="C:\Users\Harry\Dropbox\Code\EComWithCQRS\ECom.Domain.Catalog\bin\Debug\ECom.Domain.Catalog.dll" />
      <DeploymentItem filename="C:\Users\Harry\Dropbox\Code\EComWithCQRS\ECom.Domain.Order\bin\Debug\ECom.Domain.Order.dll" />
      <DeploymentItem filename="C:\Users\Harry\Dropbox\Code\EComWithCQRS\ECom.CommandHandlers\bin\Debug\ECom.CommandHandlers.dll" />
      <DeploymentItem filename="C:\Users\Harry\Dropbox\Code\EComWithCQRS\ECom.Domain\bin\Debug\ECom.Domain.dll" />
      <DeploymentItem filename="C:\Users\Harry\Dropbox\Code\EComWithCQRS\ECom.Messages\bin\Debug\ECom.Messages.dll" />
      <DeploymentItem filename="C:\Users\Harry\Dropbox\Code\EComWithCQRS\ECom.Utility\bin\Debug\ECom.Utility.dll" />
    </Deployment>
    <Execution>
      <TestTypeSpecific />
      <AgentRule name="Execution Agents">
      </AgentRule>
    </Execution>
  </TestSettings>
  <Times creation="2012-04-06T23:12:17.9911404+03:00" queuing="2012-04-06T23:12:18.8071871+03:00" start="2012-04-06T23:12:18.8761910+03:00" finish="2012-04-06T23:12:19.5402290+03:00" />
  <ResultSummary outcome="Completed">
    <Counters total="23" executed="23" passed="23" error="0" failed="0" timeout="0" aborted="0" inconclusive="0" passedButRunAborted="0" notRunnable="0" notExecuted="0" disconnected="0" warning="0" completed="0" inProgress="0" pending="0" />
  </ResultSummary>
  <TestDefinitions>
    <UnitTest name="must_return_false_for_same_single_svents_with_different_property_values" storage="c:\users\harry\dropbox\code\ecomwithcqrs\ecom.commandhandlers.tests\bin\debug\ecom.commandhandlers.tests.dll" id="90c28b78-8e02-3570-f3bb-d23a1df37a0c">
      <Execution id="f7106f19-fa3c-49db-a3a9-737cc8879379" />
      <TestMethod codeBase="C:/Users/Harry/Dropbox/Code/EComWithCQRS/ECom.CommandHandlers.Tests/bin/Debug/ECom.CommandHandlers.Tests.DLL" adapterTypeName="Microsoft.VisualStudio.TestTools.TestTypes.Unit.UnitTestAdapter, Microsoft.VisualStudio.QualityTools.Tips.UnitTest.Adapter, Version=10.0.0.0, Culture=neutral, PublicKeyToken=b03f5f7f11d50a3a" className="ECom.CommandHandlers.Tests.AssertEventsClass+AreSameMethod, ECom.CommandHandlers.Tests, Version=1.0.0.0, Culture=neutral, PublicKeyToken=null" name="must_return_false_for_same_single_svents_with_different_property_values" />
    </UnitTest>
    <UnitTest name="must_return_true_for_same_event_sets" storage="c:\users\harry\dropbox\code\ecomwithcqrs\ecom.commandhandlers.tests\bin\debug\ecom.commandhandlers.tests.dll" id="0118925b-22d8-7f5b-5f82-6edad105c4e7">
      <Execution id="6c7a848a-1936-4638-8414-2620f4409363" />
      <TestMethod codeBase="C:/Users/Harry/Dropbox/Code/EComWithCQRS/ECom.CommandHandlers.Tests/bin/Debug/ECom.CommandHandlers.Tests.DLL" adapterTypeName="Microsoft.VisualStudio.TestTools.TestTypes.Unit.UnitTestAdapter, Microsoft.VisualStudio.QualityTools.Tips.UnitTest.Adapter, Version=10.0.0.0, Culture=neutral, PublicKeyToken=b03f5f7f11d50a3a" className="ECom.CommandHandlers.Tests.AssertEventsClass+AreSameMethod, ECom.CommandHandlers.Tests, Version=1.0.0.0, Culture=neutral, PublicKeyToken=null" name="must_return_true_for_same_event_sets" />
    </UnitTest>
    <UnitTest name="must_not_split_acronyms" storage="c:\users\harry\dropbox\code\ecomwithcqrs\ecom.utility.tests\bin\debug\ecom.utility.tests.dll" id="eb25f9e5-c7e6-0120-3cec-b3334e2cc8ee">
      <Execution id="22399219-bbde-4bb9-b016-46d00051a5e1" />
      <TestMethod codeBase="C:/Users/Harry/Dropbox/Code/EComWithCQRS/ECom.Utility.Tests/bin/Debug/ECom.Utility.Tests.DLL" adapterTypeName="Microsoft.VisualStudio.TestTools.TestTypes.Unit.UnitTestAdapter, Microsoft.VisualStudio.QualityTools.Tips.UnitTest.Adapter, Version=10.0.0.0, Culture=neutral, PublicKeyToken=b03f5f7f11d50a3a" className="ECom.Utility.Tests.StringExtentionsClass+WordifyMethod, ECom.Utility.Tests, Version=1.0.0.0, Culture=neutral, PublicKeyToken=null" name="must_not_split_acronyms" />
    </UnitTest>
    <UnitTest name="ArgumentChecker_PassedNullStringExpression_ShouldThrowException" storage="c:\users\harry\dropbox\code\ecomwithcqrs\ecom.utility.tests\bin\debug\ecom.utility.tests.dll" id="5aee6dcf-9313-de42-fbdf-f6fdfb7ede5b">
      <Execution id="31e2ca7b-bdb5-4604-acf7-bbb394680182" />
      <TestMethod codeBase="C:/Users/Harry/Dropbox/Code/EComWithCQRS/ECom.Utility.Tests/bin/Debug/ECom.Utility.Tests.DLL" adapterTypeName="Microsoft.VisualStudio.TestTools.TestTypes.Unit.UnitTestAdapter, Microsoft.VisualStudio.QualityTools.Tips.UnitTest.Adapter, Version=10.0.0.0, Culture=neutral, PublicKeyToken=b03f5f7f11d50a3a" className="ECom.Utility.Tests.ArgumentCheckerTests, ECom.Utility.Tests, Version=1.0.0.0, Culture=neutral, PublicKeyToken=null" name="ArgumentChecker_PassedNullStringExpression_ShouldThrowException" />
    </UnitTest>
    <UnitTest name="must_return_false_for_different_numbers_of_events" storage="c:\users\harry\dropbox\code\ecomwithcqrs\ecom.commandhandlers.tests\bin\debug\ecom.commandhandlers.tests.dll" id="1e03cdbf-eb8c-714d-15a7-40151d4cb660">
      <Execution id="4ee959f9-d4d8-4e80-8f7b-feacbafa3988" />
      <TestMethod codeBase="C:/Users/Harry/Dropbox/Code/EComWithCQRS/ECom.CommandHandlers.Tests/bin/Debug/ECom.CommandHandlers.Tests.DLL" adapterTypeName="Microsoft.VisualStudio.TestTools.TestTypes.Unit.UnitTestAdapter, Microsoft.VisualStudio.QualityTools.Tips.UnitTest.Adapter, Version=10.0.0.0, Culture=neutral, PublicKeyToken=b03f5f7f11d50a3a" className="ECom.CommandHandlers.Tests.AssertEventsClass+AreSameMethod, ECom.CommandHandlers.Tests, Version=1.0.0.0, Culture=neutral, PublicKeyToken=null" name="must_return_false_for_different_numbers_of_events" />
    </UnitTest>
    <UnitTest name="ArgumentChecker_PassedEmptyGuidStringExpression_ShouldThrowException" storage="c:\users\harry\dropbox\code\ecomwithcqrs\ecom.utility.tests\bin\debug\ecom.utility.tests.dll" id="de84f97e-6e54-3a63-597a-08f1ccab04cb">
      <Execution id="98421a4c-6904-4e02-9334-ad832625047a" />
      <TestMethod codeBase="C:/Users/Harry/Dropbox/Code/EComWithCQRS/ECom.Utility.Tests/bin/Debug/ECom.Utility.Tests.DLL" adapterTypeName="Microsoft.VisualStudio.TestTools.TestTypes.Unit.UnitTestAdapter, Microsoft.VisualStudio.QualityTools.Tips.UnitTest.Adapter, Version=10.0.0.0, Culture=neutral, PublicKeyToken=b03f5f7f11d50a3a" className="ECom.Utility.Tests.ArgumentCheckerTests, ECom.Utility.Tests, Version=1.0.0.0, Culture=neutral, PublicKeyToken=null" name="ArgumentChecker_PassedEmptyGuidStringExpression_ShouldThrowException" />
    </UnitTest>
    <UnitTest name="ArgumentChecker_PassedNullString_ShouldThrowException" storage="c:\users\harry\dropbox\code\ecomwithcqrs\ecom.utility.tests\bin\debug\ecom.utility.tests.dll" id="36c931ce-f29e-c43a-4ea7-07092f8ff6a6">
      <Execution id="5d3e42c7-e1ce-4135-9e74-10bc58e84952" />
      <TestMethod codeBase="C:/Users/Harry/Dropbox/Code/EComWithCQRS/ECom.Utility.Tests/bin/Debug/ECom.Utility.Tests.DLL" adapterTypeName="Microsoft.VisualStudio.TestTools.TestTypes.Unit.UnitTestAdapter, Microsoft.VisualStudio.QualityTools.Tips.UnitTest.Adapter, Version=10.0.0.0, Culture=neutral, PublicKeyToken=b03f5f7f11d50a3a" className="ECom.Utility.Tests.ArgumentCheckerTests, ECom.Utility.Tests, Version=1.0.0.0, Culture=neutral, PublicKeyToken=null" name="ArgumentChecker_PassedNullString_ShouldThrowException" />
    </UnitTest>
    <UnitTest name="ArgumentChecker_PassedNotEmptyStringExpression_ShouldNotThrowException" storage="c:\users\harry\dropbox\code\ecomwithcqrs\ecom.utility.tests\bin\debug\ecom.utility.tests.dll" id="123ab6d0-576e-7238-28bb-af69756167c3">
      <Execution id="fc4752b9-9d2c-4bce-b941-7431719a0db5" />
      <TestMethod codeBase="C:/Users/Harry/Dropbox/Code/EComWithCQRS/ECom.Utility.Tests/bin/Debug/ECom.Utility.Tests.DLL" adapterTypeName="Microsoft.VisualStudio.TestTools.TestTypes.Unit.UnitTestAdapter, Microsoft.VisualStudio.QualityTools.Tips.UnitTest.Adapter, Version=10.0.0.0, Culture=neutral, PublicKeyToken=b03f5f7f11d50a3a" className="ECom.Utility.Tests.ArgumentCheckerTests, ECom.Utility.Tests, Version=1.0.0.0, Culture=neutral, PublicKeyToken=null" name="ArgumentChecker_PassedNotEmptyStringExpression_ShouldNotThrowException" />
    </UnitTest>
    <UnitTest name="ArgumentChecker_PassedEmptyStringExpression_ShouldThrowException" storage="c:\users\harry\dropbox\code\ecomwithcqrs\ecom.utility.tests\bin\debug\ecom.utility.tests.dll" id="94ce33ea-ea21-1395-d5f4-8651fd575a21">
      <Execution id="a94cef58-fdf3-45f0-b9c6-8c4a09d24bf8" />
      <TestMethod codeBase="C:/Users/Harry/Dropbox/Code/EComWithCQRS/ECom.Utility.Tests/bin/Debug/ECom.Utility.Tests.DLL" adapterTypeName="Microsoft.VisualStudio.TestTools.TestTypes.Unit.UnitTestAdapter, Microsoft.VisualStudio.QualityTools.Tips.UnitTest.Adapter, Version=10.0.0.0, Culture=neutral, PublicKeyToken=b03f5f7f11d50a3a" className="ECom.Utility.Tests.ArgumentCheckerTests, ECom.Utility.Tests, Version=1.0.0.0, Culture=neutral, PublicKeyToken=null" name="ArgumentChecker_PassedEmptyStringExpression_ShouldThrowException" />
    </UnitTest>
    <UnitTest name="ArgumentChecker_PassedEmptyString_ShouldThrowException" storage="c:\users\harry\dropbox\code\ecomwithcqrs\ecom.utility.tests\bin\debug\ecom.utility.tests.dll" id="2383f518-7878-0165-501a-9a3b5957cce9">
      <Execution id="40ed6013-c7a0-44b8-a577-d46ba4b8644f" />
      <TestMethod codeBase="C:/Users/Harry/Dropbox/Code/EComWithCQRS/ECom.Utility.Tests/bin/Debug/ECom.Utility.Tests.DLL" adapterTypeName="Microsoft.VisualStudio.TestTools.TestTypes.Unit.UnitTestAdapter, Microsoft.VisualStudio.QualityTools.Tips.UnitTest.Adapter, Version=10.0.0.0, Culture=neutral, PublicKeyToken=b03f5f7f11d50a3a" className="ECom.Utility.Tests.ArgumentCheckerTests, ECom.Utility.Tests, Version=1.0.0.0, Culture=neutral, PublicKeyToken=null" name="ArgumentChecker_PassedEmptyString_ShouldThrowException" />
    </UnitTest>
    <UnitTest name="ArgumentChecker_PassedWhiteSpaceStringExpression_ShouldThrowException" storage="c:\users\harry\dropbox\code\ecomwithcqrs\ecom.utility.tests\bin\debug\ecom.utility.tests.dll" id="8b730576-1e8b-e7f7-697f-4b341fbbfc81">
      <Execution id="c40755b7-d547-41d8-b780-e7910eeccece" />
      <TestMethod codeBase="C:/Users/Harry/Dropbox/Code/EComWithCQRS/ECom.Utility.Tests/bin/Debug/ECom.Utility.Tests.DLL" adapterTypeName="Microsoft.VisualStudio.TestTools.TestTypes.Unit.UnitTestAdapter, Microsoft.VisualStudio.QualityTools.Tips.UnitTest.Adapter, Version=10.0.0.0, Culture=neutral, PublicKeyToken=b03f5f7f11d50a3a" className="ECom.Utility.Tests.ArgumentCheckerTests, ECom.Utility.Tests, Version=1.0.0.0, Culture=neutral, PublicKeyToken=null" name="ArgumentChecker_PassedWhiteSpaceStringExpression_ShouldThrowException" />
    </UnitTest>
    <UnitTest name="must_split_camel_case" storage="c:\users\harry\dropbox\code\ecomwithcqrs\ecom.utility.tests\bin\debug\ecom.utility.tests.dll" id="649c4c37-fae5-1328-131f-d26166ae551b">
      <Execution id="112fe7c4-18f3-4ee0-9a6d-0b33e2a4481f" />
      <TestMethod codeBase="C:/Users/Harry/Dropbox/Code/EComWithCQRS/ECom.Utility.Tests/bin/Debug/ECom.Utility.Tests.DLL" adapterTypeName="Microsoft.VisualStudio.TestTools.TestTypes.Unit.UnitTestAdapter, Microsoft.VisualStudio.QualityTools.Tips.UnitTest.Adapter, Version=10.0.0.0, Culture=neutral, PublicKeyToken=b03f5f7f11d50a3a" className="ECom.Utility.Tests.StringExtentionsClass+WordifyMethod, ECom.Utility.Tests, Version=1.0.0.0, Culture=neutral, PublicKeyToken=null" name="must_split_camel_case" />
    </UnitTest>
    <UnitTest name="ArgumentChecker_PassedWhiteSpaceString_ShouldThrowException" storage="c:\users\harry\dropbox\code\ecomwithcqrs\ecom.utility.tests\bin\debug\ecom.utility.tests.dll" id="059db0a2-88ba-f772-5484-000f779b9348">
      <Execution id="dade28ee-8a19-4fe9-9ec6-847f4630e45e" />
      <TestMethod codeBase="C:/Users/Harry/Dropbox/Code/EComWithCQRS/ECom.Utility.Tests/bin/Debug/ECom.Utility.Tests.DLL" adapterTypeName="Microsoft.VisualStudio.TestTools.TestTypes.Unit.UnitTestAdapter, Microsoft.VisualStudio.QualityTools.Tips.UnitTest.Adapter, Version=10.0.0.0, Culture=neutral, PublicKeyToken=b03f5f7f11d50a3a" className="ECom.Utility.Tests.ArgumentCheckerTests, ECom.Utility.Tests, Version=1.0.0.0, Culture=neutral, PublicKeyToken=null" name="ArgumentChecker_PassedWhiteSpaceString_ShouldThrowException" />
    </UnitTest>
    <UnitTest name="when_changing_product_price" storage="c:\users\harry\dropbox\code\ecomwithcqrs\ecom.commandhandlers.tests\bin\debug\ecom.commandhandlers.tests.dll" id="5137ecfd-80eb-079d-4e25-7ee38a4b3931">
      <Execution id="24caf1ec-f1b8-4a39-883e-d5e4cf759a9f" />
      <TestMethod codeBase="C:/Users/Harry/Dropbox/Code/EComWithCQRS/ECom.CommandHandlers.Tests/bin/Debug/ECom.CommandHandlers.Tests.DLL" adapterTypeName="Microsoft.VisualStudio.TestTools.TestTypes.Unit.UnitTestAdapter, Microsoft.VisualStudio.QualityTools.Tips.UnitTest.Adapter, Version=10.0.0.0, Culture=neutral, PublicKeyToken=b03f5f7f11d50a3a" className="ECom.CommandHandlers.Tests.Specifications.ChangeProductPriceSpecs, ECom.CommandHandlers.Tests, Version=1.0.0.0, Culture=neutral, PublicKeyToken=null" name="when_changing_product_price" />
    </UnitTest>
    <UnitTest name="must_return_true_for_same_single_events" storage="c:\users\harry\dropbox\code\ecomwithcqrs\ecom.commandhandlers.tests\bin\debug\ecom.commandhandlers.tests.dll" id="5dc8ce45-7224-a655-600e-bd4e235d6326">
      <Execution id="61c0e7b2-e7dc-44c0-9dea-cf6aa5db645a" />
      <TestMethod codeBase="C:/Users/Harry/Dropbox/Code/EComWithCQRS/ECom.CommandHandlers.Tests/bin/Debug/ECom.CommandHandlers.Tests.DLL" adapterTypeName="Microsoft.VisualStudio.TestTools.TestTypes.Unit.UnitTestAdapter, Microsoft.VisualStudio.QualityTools.Tips.UnitTest.Adapter, Version=10.0.0.0, Culture=neutral, PublicKeyToken=b03f5f7f11d50a3a" className="ECom.CommandHandlers.Tests.AssertEventsClass+AreSameMethod, ECom.CommandHandlers.Tests, Version=1.0.0.0, Culture=neutral, PublicKeyToken=null" name="must_return_true_for_same_single_events" />
    </UnitTest>
    <UnitTest name="ArgumentChecker_PassedNullExpression_ShouldThrowException" storage="c:\users\harry\dropbox\code\ecomwithcqrs\ecom.utility.tests\bin\debug\ecom.utility.tests.dll" id="4c848af4-d456-1cc3-681a-a327cbf81ab0">
      <Execution id="ca6209da-0e85-4db7-bf34-b542d4505e06" />
      <TestMethod codeBase="C:/Users/Harry/Dropbox/Code/EComWithCQRS/ECom.Utility.Tests/bin/Debug/ECom.Utility.Tests.DLL" adapterTypeName="Microsoft.VisualStudio.TestTools.TestTypes.Unit.UnitTestAdapter, Microsoft.VisualStudio.QualityTools.Tips.UnitTest.Adapter, Version=10.0.0.0, Culture=neutral, PublicKeyToken=b03f5f7f11d50a3a" className="ECom.Utility.Tests.ArgumentCheckerTests, ECom.Utility.Tests, Version=1.0.0.0, Culture=neutral, PublicKeyToken=null" name="ArgumentChecker_PassedNullExpression_ShouldThrowException" />
    </UnitTest>
    <UnitTest name="when_changing_price_of_not_existing_product" storage="c:\users\harry\dropbox\code\ecomwithcqrs\ecom.commandhandlers.tests\bin\debug\ecom.commandhandlers.tests.dll" id="89046cdd-a4cf-135d-dd9f-200e134698bd">
      <Execution id="7f51f033-c730-4f7b-882d-ea9160d6dd02" />
      <TestMethod codeBase="C:/Users/Harry/Dropbox/Code/EComWithCQRS/ECom.CommandHandlers.Tests/bin/Debug/ECom.CommandHandlers.Tests.DLL" adapterTypeName="Microsoft.VisualStudio.TestTools.TestTypes.Unit.UnitTestAdapter, Microsoft.VisualStudio.QualityTools.Tips.UnitTest.Adapter, Version=10.0.0.0, Culture=neutral, PublicKeyToken=b03f5f7f11d50a3a" className="ECom.CommandHandlers.Tests.Specifications.ChangeProductPriceSpecs, ECom.CommandHandlers.Tests, Version=1.0.0.0, Culture=neutral, PublicKeyToken=null" name="when_changing_price_of_not_existing_product" />
    </UnitTest>
    <UnitTest name="ArgumentChecker_PassedNotEmptyGuidExpression_ShouldNotThrowException" storage="c:\users\harry\dropbox\code\ecomwithcqrs\ecom.utility.tests\bin\debug\ecom.utility.tests.dll" id="0116cc0b-e067-4c42-c988-6271e1c0d153">
      <Execution id="2de82adf-487e-4225-95b6-7f64c1c71225" />
      <TestMethod codeBase="C:/Users/Harry/Dropbox/Code/EComWithCQRS/ECom.Utility.Tests/bin/Debug/ECom.Utility.Tests.DLL" adapterTypeName="Microsoft.VisualStudio.TestTools.TestTypes.Unit.UnitTestAdapter, Microsoft.VisualStudio.QualityTools.Tips.UnitTest.Adapter, Version=10.0.0.0, Culture=neutral, PublicKeyToken=b03f5f7f11d50a3a" className="ECom.Utility.Tests.ArgumentCheckerTests, ECom.Utility.Tests, Version=1.0.0.0, Culture=neutral, PublicKeyToken=null" name="ArgumentChecker_PassedNotEmptyGuidExpression_ShouldNotThrowException" />
    </UnitTest>
    <UnitTest name="ArgumentChecker_PassedNotNullObjectExpression_ShouldNotThrowException" storage="c:\users\harry\dropbox\code\ecomwithcqrs\ecom.utility.tests\bin\debug\ecom.utility.tests.dll" id="ea89121b-635d-81f6-b7fe-d4136b6c39f8">
      <Execution id="fb070e55-67b1-4294-935b-d30881a0cce3" />
      <TestMethod codeBase="C:/Users/Harry/Dropbox/Code/EComWithCQRS/ECom.Utility.Tests/bin/Debug/ECom.Utility.Tests.DLL" adapterTypeName="Microsoft.VisualStudio.TestTools.TestTypes.Unit.UnitTestAdapter, Microsoft.VisualStudio.QualityTools.Tips.UnitTest.Adapter, Version=10.0.0.0, Culture=neutral, PublicKeyToken=b03f5f7f11d50a3a" className="ECom.Utility.Tests.ArgumentCheckerTests, ECom.Utility.Tests, Version=1.0.0.0, Culture=neutral, PublicKeyToken=null" name="ArgumentChecker_PassedNotNullObjectExpression_ShouldNotThrowException" />
    </UnitTest>
    <UnitTest name="must_return_true_for_two_empty_lists_of_events" storage="c:\users\harry\dropbox\code\ecomwithcqrs\ecom.commandhandlers.tests\bin\debug\ecom.commandhandlers.tests.dll" id="5ff7eed9-7672-c9dc-92d4-18f241e1ced6">
      <Execution id="e70eb0d4-2614-4ecb-8f95-1db9f099ea92" />
      <TestMethod codeBase="C:/Users/Harry/Dropbox/Code/EComWithCQRS/ECom.CommandHandlers.Tests/bin/Debug/ECom.CommandHandlers.Tests.DLL" adapterTypeName="Microsoft.VisualStudio.TestTools.TestTypes.Unit.UnitTestAdapter, Microsoft.VisualStudio.QualityTools.Tips.UnitTest.Adapter, Version=10.0.0.0, Culture=neutral, PublicKeyToken=b03f5f7f11d50a3a" className="ECom.CommandHandlers.Tests.AssertEventsClass+AreSameMethod, ECom.CommandHandlers.Tests, Version=1.0.0.0, Culture=neutral, PublicKeyToken=null" name="must_return_true_for_two_empty_lists_of_events" />
    </UnitTest>
    <UnitTest name="when_adding_valid_product" storage="c:\users\harry\dropbox\code\ecomwithcqrs\ecom.commandhandlers.tests\bin\debug\ecom.commandhandlers.tests.dll" id="310b6ef3-9d44-0d42-64f9-ba186f06b209">
      <Execution id="cf7cc3cf-8eab-4cd4-bd41-28cba6a89102" />
      <TestMethod codeBase="C:/Users/Harry/Dropbox/Code/EComWithCQRS/ECom.CommandHandlers.Tests/bin/Debug/ECom.CommandHandlers.Tests.DLL" adapterTypeName="Microsoft.VisualStudio.TestTools.TestTypes.Unit.UnitTestAdapter, Microsoft.VisualStudio.QualityTools.Tips.UnitTest.Adapter, Version=10.0.0.0, Culture=neutral, PublicKeyToken=b03f5f7f11d50a3a" className="ECom.CommandHandlers.Tests.Specifications.CreateProductSpecs, ECom.CommandHandlers.Tests, Version=1.0.0.0, Culture=neutral, PublicKeyToken=null" name="when_adding_valid_product" />
    </UnitTest>
    <UnitTest name="ArgumentChecker_PassedNull_ShouldThrowException" storage="c:\users\harry\dropbox\code\ecomwithcqrs\ecom.utility.tests\bin\debug\ecom.utility.tests.dll" id="dea47f32-3e00-4ddb-1038-378d0269cff2">
      <Execution id="977311c0-1f7c-4059-8b44-0dd3045e24fe" />
      <TestMethod codeBase="C:/Users/Harry/Dropbox/Code/EComWithCQRS/ECom.Utility.Tests/bin/Debug/ECom.Utility.Tests.DLL" adapterTypeName="Microsoft.VisualStudio.TestTools.TestTypes.Unit.UnitTestAdapter, Microsoft.VisualStudio.QualityTools.Tips.UnitTest.Adapter, Version=10.0.0.0, Culture=neutral, PublicKeyToken=b03f5f7f11d50a3a" className="ECom.Utility.Tests.ArgumentCheckerTests, ECom.Utility.Tests, Version=1.0.0.0, Culture=neutral, PublicKeyToken=null" name="ArgumentChecker_PassedNull_ShouldThrowException" />
    </UnitTest>
    <UnitTest name="when_changing_price_of_product_to_negative_value" storage="c:\users\harry\dropbox\code\ecomwithcqrs\ecom.commandhandlers.tests\bin\debug\ecom.commandhandlers.tests.dll" id="b96a8b8f-f629-e34c-ba70-d9359d5f4aec">
      <Execution id="fade6e77-848a-4a4f-92d5-5d085cc5bf3f" />
      <TestMethod codeBase="C:/Users/Harry/Dropbox/Code/EComWithCQRS/ECom.CommandHandlers.Tests/bin/Debug/ECom.CommandHandlers.Tests.DLL" adapterTypeName="Microsoft.VisualStudio.TestTools.TestTypes.Unit.UnitTestAdapter, Microsoft.VisualStudio.QualityTools.Tips.UnitTest.Adapter, Version=10.0.0.0, Culture=neutral, PublicKeyToken=b03f5f7f11d50a3a" className="ECom.CommandHandlers.Tests.Specifications.ChangeProductPriceSpecs, ECom.CommandHandlers.Tests, Version=1.0.0.0, Culture=neutral, PublicKeyToken=null" name="when_changing_price_of_product_to_negative_value" />
    </UnitTest>
  </TestDefinitions>
  <TestLists>
    <TestList name="Unit Tests" id="156a42e0-daa0-49a6-ac4c-679204c9fa48" parentListId="8c43106b-9dc1-4907-a29f-aa66a61bf5b6">
      <TestLinks>
        <TestLink id="90c28b78-8e02-3570-f3bb-d23a1df37a0c" name="must_return_false_for_same_single_svents_with_different_property_values" storage="c:\users\harry\dropbox\code\ecomwithcqrs\ecom.commandhandlers.tests\bin\debug\ecom.commandhandlers.tests.dll" type="Microsoft.VisualStudio.TestTools.TestTypes.Unit.UnitTestElement, Microsoft.VisualStudio.QualityTools.Tips.UnitTest.ObjectModel, Version=10.0.0.0, Culture=neutral, PublicKeyToken=b03f5f7f11d50a3a" />
        <TestLink id="eb25f9e5-c7e6-0120-3cec-b3334e2cc8ee" name="must_not_split_acronyms" storage="c:\users\harry\dropbox\code\ecomwithcqrs\ecom.utility.tests\bin\debug\ecom.utility.tests.dll" type="Microsoft.VisualStudio.TestTools.TestTypes.Unit.UnitTestElement, Microsoft.VisualStudio.QualityTools.Tips.UnitTest.ObjectModel, Version=10.0.0.0, Culture=neutral, PublicKeyToken=b03f5f7f11d50a3a" />
        <TestLink id="2383f518-7878-0165-501a-9a3b5957cce9" name="ArgumentChecker_PassedEmptyString_ShouldThrowException" storage="c:\users\harry\dropbox\code\ecomwithcqrs\ecom.utility.tests\bin\debug\ecom.utility.tests.dll" type="Microsoft.VisualStudio.TestTools.TestTypes.Unit.UnitTestElement, Microsoft.VisualStudio.QualityTools.Tips.UnitTest.ObjectModel, Version=10.0.0.0, Culture=neutral, PublicKeyToken=b03f5f7f11d50a3a" />
        <TestLink id="1e03cdbf-eb8c-714d-15a7-40151d4cb660" name="must_return_false_for_different_numbers_of_events" storage="c:\users\harry\dropbox\code\ecomwithcqrs\ecom.commandhandlers.tests\bin\debug\ecom.commandhandlers.tests.dll" type="Microsoft.VisualStudio.TestTools.TestTypes.Unit.UnitTestElement, Microsoft.VisualStudio.QualityTools.Tips.UnitTest.ObjectModel, Version=10.0.0.0, Culture=neutral, PublicKeyToken=b03f5f7f11d50a3a" />
        <TestLink id="123ab6d0-576e-7238-28bb-af69756167c3" name="ArgumentChecker_PassedNotEmptyStringExpression_ShouldNotThrowException" storage="c:\users\harry\dropbox\code\ecomwithcqrs\ecom.utility.tests\bin\debug\ecom.utility.tests.dll" type="Microsoft.VisualStudio.TestTools.TestTypes.Unit.UnitTestElement, Microsoft.VisualStudio.QualityTools.Tips.UnitTest.ObjectModel, Version=10.0.0.0, Culture=neutral, PublicKeyToken=b03f5f7f11d50a3a" />
        <TestLink id="de84f97e-6e54-3a63-597a-08f1ccab04cb" name="ArgumentChecker_PassedEmptyGuidStringExpression_ShouldThrowException" storage="c:\users\harry\dropbox\code\ecomwithcqrs\ecom.utility.tests\bin\debug\ecom.utility.tests.dll" type="Microsoft.VisualStudio.TestTools.TestTypes.Unit.UnitTestElement, Microsoft.VisualStudio.QualityTools.Tips.UnitTest.ObjectModel, Version=10.0.0.0, Culture=neutral, PublicKeyToken=b03f5f7f11d50a3a" />
        <TestLink id="36c931ce-f29e-c43a-4ea7-07092f8ff6a6" name="ArgumentChecker_PassedNullString_ShouldThrowException" storage="c:\users\harry\dropbox\code\ecomwithcqrs\ecom.utility.tests\bin\debug\ecom.utility.tests.dll" type="Microsoft.VisualStudio.TestTools.TestTypes.Unit.UnitTestElement, Microsoft.VisualStudio.QualityTools.Tips.UnitTest.ObjectModel, Version=10.0.0.0, Culture=neutral, PublicKeyToken=b03f5f7f11d50a3a" />
        <TestLink id="5aee6dcf-9313-de42-fbdf-f6fdfb7ede5b" name="ArgumentChecker_PassedNullStringExpression_ShouldThrowException" storage="c:\users\harry\dropbox\code\ecomwithcqrs\ecom.utility.tests\bin\debug\ecom.utility.tests.dll" type="Microsoft.VisualStudio.TestTools.TestTypes.Unit.UnitTestElement, Microsoft.VisualStudio.QualityTools.Tips.UnitTest.ObjectModel, Version=10.0.0.0, Culture=neutral, PublicKeyToken=b03f5f7f11d50a3a" />
        <TestLink id="0118925b-22d8-7f5b-5f82-6edad105c4e7" name="must_return_true_for_same_event_sets" storage="c:\users\harry\dropbox\code\ecomwithcqrs\ecom.commandhandlers.tests\bin\debug\ecom.commandhandlers.tests.dll" type="Microsoft.VisualStudio.TestTools.TestTypes.Unit.UnitTestElement, Microsoft.VisualStudio.QualityTools.Tips.UnitTest.ObjectModel, Version=10.0.0.0, Culture=neutral, PublicKeyToken=b03f5f7f11d50a3a" />
        <TestLink id="4c848af4-d456-1cc3-681a-a327cbf81ab0" name="ArgumentChecker_PassedNullExpression_ShouldThrowException" storage="c:\users\harry\dropbox\code\ecomwithcqrs\ecom.utility.tests\bin\debug\ecom.utility.tests.dll" type="Microsoft.VisualStudio.TestTools.TestTypes.Unit.UnitTestElement, Microsoft.VisualStudio.QualityTools.Tips.UnitTest.ObjectModel, Version=10.0.0.0, Culture=neutral, PublicKeyToken=b03f5f7f11d50a3a" />
        <TestLink id="94ce33ea-ea21-1395-d5f4-8651fd575a21" name="ArgumentChecker_PassedEmptyStringExpression_ShouldThrowException" storage="c:\users\harry\dropbox\code\ecomwithcqrs\ecom.utility.tests\bin\debug\ecom.utility.tests.dll" type="Microsoft.VisualStudio.TestTools.TestTypes.Unit.UnitTestElement, Microsoft.VisualStudio.QualityTools.Tips.UnitTest.ObjectModel, Version=10.0.0.0, Culture=neutral, PublicKeyToken=b03f5f7f11d50a3a" />
        <TestLink id="8b730576-1e8b-e7f7-697f-4b341fbbfc81" name="ArgumentChecker_PassedWhiteSpaceStringExpression_ShouldThrowException" storage="c:\users\harry\dropbox\code\ecomwithcqrs\ecom.utility.tests\bin\debug\ecom.utility.tests.dll" type="Microsoft.VisualStudio.TestTools.TestTypes.Unit.UnitTestElement, Microsoft.VisualStudio.QualityTools.Tips.UnitTest.ObjectModel, Version=10.0.0.0, Culture=neutral, PublicKeyToken=b03f5f7f11d50a3a" />
        <TestLink id="649c4c37-fae5-1328-131f-d26166ae551b" name="must_split_camel_case" storage="c:\users\harry\dropbox\code\ecomwithcqrs\ecom.utility.tests\bin\debug\ecom.utility.tests.dll" type="Microsoft.VisualStudio.TestTools.TestTypes.Unit.UnitTestElement, Microsoft.VisualStudio.QualityTools.Tips.UnitTest.ObjectModel, Version=10.0.0.0, Culture=neutral, PublicKeyToken=b03f5f7f11d50a3a" />
        <TestLink id="ea89121b-635d-81f6-b7fe-d4136b6c39f8" name="ArgumentChecker_PassedNotNullObjectExpression_ShouldNotThrowException" storage="c:\users\harry\dropbox\code\ecomwithcqrs\ecom.utility.tests\bin\debug\ecom.utility.tests.dll" type="Microsoft.VisualStudio.TestTools.TestTypes.Unit.UnitTestElement, Microsoft.VisualStudio.QualityTools.Tips.UnitTest.ObjectModel, Version=10.0.0.0, Culture=neutral, PublicKeyToken=b03f5f7f11d50a3a" />
        <TestLink id="5137ecfd-80eb-079d-4e25-7ee38a4b3931" name="when_changing_product_price" storage="c:\users\harry\dropbox\code\ecomwithcqrs\ecom.commandhandlers.tests\bin\debug\ecom.commandhandlers.tests.dll" type="Microsoft.VisualStudio.TestTools.TestTypes.Unit.UnitTestElement, Microsoft.VisualStudio.QualityTools.Tips.UnitTest.ObjectModel, Version=10.0.0.0, Culture=neutral, PublicKeyToken=b03f5f7f11d50a3a" />
        <TestLink id="5dc8ce45-7224-a655-600e-bd4e235d6326" name="must_return_true_for_same_single_events" storage="c:\users\harry\dropbox\code\ecomwithcqrs\ecom.commandhandlers.tests\bin\debug\ecom.commandhandlers.tests.dll" type="Microsoft.VisualStudio.TestTools.TestTypes.Unit.UnitTestElement, Microsoft.VisualStudio.QualityTools.Tips.UnitTest.ObjectModel, Version=10.0.0.0, Culture=neutral, PublicKeyToken=b03f5f7f11d50a3a" />
        <TestLink id="89046cdd-a4cf-135d-dd9f-200e134698bd" name="when_changing_price_of_not_existing_product" storage="c:\users\harry\dropbox\code\ecomwithcqrs\ecom.commandhandlers.tests\bin\debug\ecom.commandhandlers.tests.dll" type="Microsoft.VisualStudio.TestTools.TestTypes.Unit.UnitTestElement, Microsoft.VisualStudio.QualityTools.Tips.UnitTest.ObjectModel, Version=10.0.0.0, Culture=neutral, PublicKeyToken=b03f5f7f11d50a3a" />
        <TestLink id="0116cc0b-e067-4c42-c988-6271e1c0d153" name="ArgumentChecker_PassedNotEmptyGuidExpression_ShouldNotThrowException" storage="c:\users\harry\dropbox\code\ecomwithcqrs\ecom.utility.tests\bin\debug\ecom.utility.tests.dll" type="Microsoft.VisualStudio.TestTools.TestTypes.Unit.UnitTestElement, Microsoft.VisualStudio.QualityTools.Tips.UnitTest.ObjectModel, Version=10.0.0.0, Culture=neutral, PublicKeyToken=b03f5f7f11d50a3a" />
        <TestLink id="059db0a2-88ba-f772-5484-000f779b9348" name="ArgumentChecker_PassedWhiteSpaceString_ShouldThrowException" storage="c:\users\harry\dropbox\code\ecomwithcqrs\ecom.utility.tests\bin\debug\ecom.utility.tests.dll" type="Microsoft.VisualStudio.TestTools.TestTypes.Unit.UnitTestElement, Microsoft.VisualStudio.QualityTools.Tips.UnitTest.ObjectModel, Version=10.0.0.0, Culture=neutral, PublicKeyToken=b03f5f7f11d50a3a" />
        <TestLink id="5ff7eed9-7672-c9dc-92d4-18f241e1ced6" name="must_return_true_for_two_empty_lists_of_events" storage="c:\users\harry\dropbox\code\ecomwithcqrs\ecom.commandhandlers.tests\bin\debug\ecom.commandhandlers.tests.dll" type="Microsoft.VisualStudio.TestTools.TestTypes.Unit.UnitTestElement, Microsoft.VisualStudio.QualityTools.Tips.UnitTest.ObjectModel, Version=10.0.0.0, Culture=neutral, PublicKeyToken=b03f5f7f11d50a3a" />
        <TestLink id="310b6ef3-9d44-0d42-64f9-ba186f06b209" name="when_adding_valid_product" storage="c:\users\harry\dropbox\code\ecomwithcqrs\ecom.commandhandlers.tests\bin\debug\ecom.commandhandlers.tests.dll" type="Microsoft.VisualStudio.TestTools.TestTypes.Unit.UnitTestElement, Microsoft.VisualStudio.QualityTools.Tips.UnitTest.ObjectModel, Version=10.0.0.0, Culture=neutral, PublicKeyToken=b03f5f7f11d50a3a" />
        <TestLink id="dea47f32-3e00-4ddb-1038-378d0269cff2" name="ArgumentChecker_PassedNull_ShouldThrowException" storage="c:\users\harry\dropbox\code\ecomwithcqrs\ecom.utility.tests\bin\debug\ecom.utility.tests.dll" type="Microsoft.VisualStudio.TestTools.TestTypes.Unit.UnitTestElement, Microsoft.VisualStudio.QualityTools.Tips.UnitTest.ObjectModel, Version=10.0.0.0, Culture=neutral, PublicKeyToken=b03f5f7f11d50a3a" />
        <TestLink id="b96a8b8f-f629-e34c-ba70-d9359d5f4aec" name="when_changing_price_of_product_to_negative_value" storage="c:\users\harry\dropbox\code\ecomwithcqrs\ecom.commandhandlers.tests\bin\debug\ecom.commandhandlers.tests.dll" type="Microsoft.VisualStudio.TestTools.TestTypes.Unit.UnitTestElement, Microsoft.VisualStudio.QualityTools.Tips.UnitTest.ObjectModel, Version=10.0.0.0, Culture=neutral, PublicKeyToken=b03f5f7f11d50a3a" />
      </TestLinks>
    </TestList>
    <TestList name="Lists of Results" id="8c43106b-9dc1-4907-a29f-aa66a61bf5b6" />
    <TestList name="All Loaded Results" id="19431567-8539-422a-85d7-44ee4e166bda" />
  </TestLists>
  <TestEntries>
    <TestEntry testId="de84f97e-6e54-3a63-597a-08f1ccab04cb" executionId="98421a4c-6904-4e02-9334-ad832625047a" testListId="156a42e0-daa0-49a6-ac4c-679204c9fa48" />
    <TestEntry testId="ea89121b-635d-81f6-b7fe-d4136b6c39f8" executionId="fb070e55-67b1-4294-935b-d30881a0cce3" testListId="156a42e0-daa0-49a6-ac4c-679204c9fa48" />
    <TestEntry testId="5aee6dcf-9313-de42-fbdf-f6fdfb7ede5b" executionId="31e2ca7b-bdb5-4604-acf7-bbb394680182" testListId="156a42e0-daa0-49a6-ac4c-679204c9fa48" />
    <TestEntry testId="059db0a2-88ba-f772-5484-000f779b9348" executionId="dade28ee-8a19-4fe9-9ec6-847f4630e45e" testListId="156a42e0-daa0-49a6-ac4c-679204c9fa48" />
    <TestEntry testId="dea47f32-3e00-4ddb-1038-378d0269cff2" executionId="977311c0-1f7c-4059-8b44-0dd3045e24fe" testListId="156a42e0-daa0-49a6-ac4c-679204c9fa48" />
    <TestEntry testId="5dc8ce45-7224-a655-600e-bd4e235d6326" executionId="61c0e7b2-e7dc-44c0-9dea-cf6aa5db645a" testListId="156a42e0-daa0-49a6-ac4c-679204c9fa48" />
    <TestEntry testId="89046cdd-a4cf-135d-dd9f-200e134698bd" executionId="7f51f033-c730-4f7b-882d-ea9160d6dd02" testListId="156a42e0-daa0-49a6-ac4c-679204c9fa48" />
    <TestEntry testId="8b730576-1e8b-e7f7-697f-4b341fbbfc81" executionId="c40755b7-d547-41d8-b780-e7910eeccece" testListId="156a42e0-daa0-49a6-ac4c-679204c9fa48" />
    <TestEntry testId="123ab6d0-576e-7238-28bb-af69756167c3" executionId="fc4752b9-9d2c-4bce-b941-7431719a0db5" testListId="156a42e0-daa0-49a6-ac4c-679204c9fa48" />
    <TestEntry testId="5ff7eed9-7672-c9dc-92d4-18f241e1ced6" executionId="e70eb0d4-2614-4ecb-8f95-1db9f099ea92" testListId="156a42e0-daa0-49a6-ac4c-679204c9fa48" />
    <TestEntry testId="36c931ce-f29e-c43a-4ea7-07092f8ff6a6" executionId="5d3e42c7-e1ce-4135-9e74-10bc58e84952" testListId="156a42e0-daa0-49a6-ac4c-679204c9fa48" />
    <TestEntry testId="310b6ef3-9d44-0d42-64f9-ba186f06b209" executionId="cf7cc3cf-8eab-4cd4-bd41-28cba6a89102" testListId="156a42e0-daa0-49a6-ac4c-679204c9fa48" />
    <TestEntry testId="94ce33ea-ea21-1395-d5f4-8651fd575a21" executionId="a94cef58-fdf3-45f0-b9c6-8c4a09d24bf8" testListId="156a42e0-daa0-49a6-ac4c-679204c9fa48" />
    <TestEntry testId="2383f518-7878-0165-501a-9a3b5957cce9" executionId="40ed6013-c7a0-44b8-a577-d46ba4b8644f" testListId="156a42e0-daa0-49a6-ac4c-679204c9fa48" />
    <TestEntry testId="90c28b78-8e02-3570-f3bb-d23a1df37a0c" executionId="f7106f19-fa3c-49db-a3a9-737cc8879379" testListId="156a42e0-daa0-49a6-ac4c-679204c9fa48" />
    <TestEntry testId="b96a8b8f-f629-e34c-ba70-d9359d5f4aec" executionId="fade6e77-848a-4a4f-92d5-5d085cc5bf3f" testListId="156a42e0-daa0-49a6-ac4c-679204c9fa48" />
    <TestEntry testId="0118925b-22d8-7f5b-5f82-6edad105c4e7" executionId="6c7a848a-1936-4638-8414-2620f4409363" testListId="156a42e0-daa0-49a6-ac4c-679204c9fa48" />
    <TestEntry testId="5137ecfd-80eb-079d-4e25-7ee38a4b3931" executionId="24caf1ec-f1b8-4a39-883e-d5e4cf759a9f" testListId="156a42e0-daa0-49a6-ac4c-679204c9fa48" />
    <TestEntry testId="eb25f9e5-c7e6-0120-3cec-b3334e2cc8ee" executionId="22399219-bbde-4bb9-b016-46d00051a5e1" testListId="156a42e0-daa0-49a6-ac4c-679204c9fa48" />
    <TestEntry testId="4c848af4-d456-1cc3-681a-a327cbf81ab0" executionId="ca6209da-0e85-4db7-bf34-b542d4505e06" testListId="156a42e0-daa0-49a6-ac4c-679204c9fa48" />
    <TestEntry testId="1e03cdbf-eb8c-714d-15a7-40151d4cb660" executionId="4ee959f9-d4d8-4e80-8f7b-feacbafa3988" testListId="156a42e0-daa0-49a6-ac4c-679204c9fa48" />
    <TestEntry testId="0116cc0b-e067-4c42-c988-6271e1c0d153" executionId="2de82adf-487e-4225-95b6-7f64c1c71225" testListId="156a42e0-daa0-49a6-ac4c-679204c9fa48" />
    <TestEntry testId="649c4c37-fae5-1328-131f-d26166ae551b" executionId="112fe7c4-18f3-4ee0-9a6d-0b33e2a4481f" testListId="156a42e0-daa0-49a6-ac4c-679204c9fa48" />
  </TestEntries>
  <Results>
    <UnitTestResult executionId="98421a4c-6904-4e02-9334-ad832625047a" testId="de84f97e-6e54-3a63-597a-08f1ccab04cb" testName="ArgumentChecker_PassedEmptyGuidStringExpression_ShouldThrowException" computerName="HARRY-HP" duration="00:00:00.0166235" startTime="2012-04-06T23:12:18.9011925+03:00" endTime="2012-04-06T23:12:19.1812085+03:00" testType="13cdc9d9-ddb5-4fa4-a97d-d965ccfc6d4b" outcome="Passed" testListId="156a42e0-daa0-49a6-ac4c-679204c9fa48" relativeResultsDirectory="98421a4c-6904-4e02-9334-ad832625047a">
    </UnitTestResult>
    <UnitTestResult executionId="fb070e55-67b1-4294-935b-d30881a0cce3" testId="ea89121b-635d-81f6-b7fe-d4136b6c39f8" testName="ArgumentChecker_PassedNotNullObjectExpression_ShouldNotThrowException" computerName="HARRY-HP" duration="00:00:00.0011040" startTime="2012-04-06T23:12:19.1832086+03:00" endTime="2012-04-06T23:12:19.1902090+03:00" testType="13cdc9d9-ddb5-4fa4-a97d-d965ccfc6d4b" outcome="Passed" testListId="156a42e0-daa0-49a6-ac4c-679204c9fa48" relativeResultsDirectory="fb070e55-67b1-4294-935b-d30881a0cce3">
    </UnitTestResult>
    <UnitTestResult executionId="31e2ca7b-bdb5-4604-acf7-bbb394680182" testId="5aee6dcf-9313-de42-fbdf-f6fdfb7ede5b" testName="ArgumentChecker_PassedNullStringExpression_ShouldThrowException" computerName="HARRY-HP" duration="00:00:00.0011167" startTime="2012-04-06T23:12:19.1932092+03:00" endTime="2012-04-06T23:12:19.1972094+03:00" testType="13cdc9d9-ddb5-4fa4-a97d-d965ccfc6d4b" outcome="Passed" testListId="156a42e0-daa0-49a6-ac4c-679204c9fa48" relativeResultsDirectory="31e2ca7b-bdb5-4604-acf7-bbb394680182">
    </UnitTestResult>
    <UnitTestResult executionId="dade28ee-8a19-4fe9-9ec6-847f4630e45e" testId="059db0a2-88ba-f772-5484-000f779b9348" testName="ArgumentChecker_PassedWhiteSpaceString_ShouldThrowException" computerName="HARRY-HP" duration="00:00:00.0004626" startTime="2012-04-06T23:12:19.1982094+03:00" endTime="2012-04-06T23:12:19.2022097+03:00" testType="13cdc9d9-ddb5-4fa4-a97d-d965ccfc6d4b" outcome="Passed" testListId="156a42e0-daa0-49a6-ac4c-679204c9fa48" relativeResultsDirectory="dade28ee-8a19-4fe9-9ec6-847f4630e45e">
    </UnitTestResult>
    <UnitTestResult executionId="977311c0-1f7c-4059-8b44-0dd3045e24fe" testId="dea47f32-3e00-4ddb-1038-378d0269cff2" testName="ArgumentChecker_PassedNull_ShouldThrowException" computerName="HARRY-HP" duration="00:00:00.0004353" startTime="2012-04-06T23:12:19.2042098+03:00" endTime="2012-04-06T23:12:19.2072100+03:00" testType="13cdc9d9-ddb5-4fa4-a97d-d965ccfc6d4b" outcome="Passed" testListId="156a42e0-daa0-49a6-ac4c-679204c9fa48" relativeResultsDirectory="977311c0-1f7c-4059-8b44-0dd3045e24fe">
    </UnitTestResult>
    <UnitTestResult executionId="61c0e7b2-e7dc-44c0-9dea-cf6aa5db645a" testId="5dc8ce45-7224-a655-600e-bd4e235d6326" testName="must_return_true_for_same_single_events" computerName="HARRY-HP" duration="00:00:00.0147777" startTime="2012-04-06T23:12:19.2092101+03:00" endTime="2012-04-06T23:12:19.3762196+03:00" testType="13cdc9d9-ddb5-4fa4-a97d-d965ccfc6d4b" outcome="Passed" testListId="156a42e0-daa0-49a6-ac4c-679204c9fa48" relativeResultsDirectory="61c0e7b2-e7dc-44c0-9dea-cf6aa5db645a">
    </UnitTestResult>
    <UnitTestResult executionId="7f51f033-c730-4f7b-882d-ea9160d6dd02" testId="89046cdd-a4cf-135d-dd9f-200e134698bd" testName="when_changing_price_of_not_existing_product" computerName="HARRY-HP" duration="00:00:00.0114493" startTime="2012-04-06T23:12:19.3782197+03:00" endTime="2012-04-06T23:12:19.3942207+03:00" testType="13cdc9d9-ddb5-4fa4-a97d-d965ccfc6d4b" outcome="Passed" testListId="156a42e0-daa0-49a6-ac4c-679204c9fa48" relativeResultsDirectory="7f51f033-c730-4f7b-882d-ea9160d6dd02">
    </UnitTestResult>
    <UnitTestResult executionId="c40755b7-d547-41d8-b780-e7910eeccece" testId="8b730576-1e8b-e7f7-697f-4b341fbbfc81" testName="ArgumentChecker_PassedWhiteSpaceStringExpression_ShouldThrowException" computerName="HARRY-HP" duration="00:00:00.0007752" startTime="2012-04-06T23:12:19.3962208+03:00" endTime="2012-04-06T23:12:19.3992209+03:00" testType="13cdc9d9-ddb5-4fa4-a97d-d965ccfc6d4b" outcome="Passed" testListId="156a42e0-daa0-49a6-ac4c-679204c9fa48" relativeResultsDirectory="c40755b7-d547-41d8-b780-e7910eeccece">
    </UnitTestResult>
    <UnitTestResult executionId="fc4752b9-9d2c-4bce-b941-7431719a0db5" testId="123ab6d0-576e-7238-28bb-af69756167c3" testName="ArgumentChecker_PassedNotEmptyStringExpression_ShouldNotThrowException" computerName="HARRY-HP" duration="00:00:00.0006888" startTime="2012-04-06T23:12:19.4012211+03:00" endTime="2012-04-06T23:12:19.4042212+03:00" testType="13cdc9d9-ddb5-4fa4-a97d-d965ccfc6d4b" outcome="Passed" testListId="156a42e0-daa0-49a6-ac4c-679204c9fa48" relativeResultsDirectory="fc4752b9-9d2c-4bce-b941-7431719a0db5">
    </UnitTestResult>
    <UnitTestResult executionId="e70eb0d4-2614-4ecb-8f95-1db9f099ea92" testId="5ff7eed9-7672-c9dc-92d4-18f241e1ced6" testName="must_return_true_for_two_empty_lists_of_events" computerName="HARRY-HP" duration="00:00:00.0001878" startTime="2012-04-06T23:12:19.4052213+03:00" endTime="2012-04-06T23:12:19.4082215+03:00" testType="13cdc9d9-ddb5-4fa4-a97d-d965ccfc6d4b" outcome="Passed" testListId="156a42e0-daa0-49a6-ac4c-679204c9fa48" relativeResultsDirectory="e70eb0d4-2614-4ecb-8f95-1db9f099ea92">
    </UnitTestResult>
    <UnitTestResult executionId="5d3e42c7-e1ce-4135-9e74-10bc58e84952" testId="36c931ce-f29e-c43a-4ea7-07092f8ff6a6" testName="ArgumentChecker_PassedNullString_ShouldThrowException" computerName="HARRY-HP" duration="00:00:00.0003923" startTime="2012-04-06T23:12:19.4102216+03:00" endTime="2012-04-06T23:12:19.4132217+03:00" testType="13cdc9d9-ddb5-4fa4-a97d-d965ccfc6d4b" outcome="Passed" testListId="156a42e0-daa0-49a6-ac4c-679204c9fa48" relativeResultsDirectory="5d3e42c7-e1ce-4135-9e74-10bc58e84952">
    </UnitTestResult>
    <UnitTestResult executionId="cf7cc3cf-8eab-4cd4-bd41-28cba6a89102" testId="310b6ef3-9d44-0d42-64f9-ba186f06b209" testName="when_adding_valid_product" computerName="HARRY-HP" duration="00:00:00.0183343" startTime="2012-04-06T23:12:19.4152219+03:00" endTime="2012-04-06T23:12:19.4362231+03:00" testType="13cdc9d9-ddb5-4fa4-a97d-d965ccfc6d4b" outcome="Passed" testListId="156a42e0-daa0-49a6-ac4c-679204c9fa48" relativeResultsDirectory="cf7cc3cf-8eab-4cd4-bd41-28cba6a89102">
    </UnitTestResult>
    <UnitTestResult executionId="a94cef58-fdf3-45f0-b9c6-8c4a09d24bf8" testId="94ce33ea-ea21-1395-d5f4-8651fd575a21" testName="ArgumentChecker_PassedEmptyStringExpression_ShouldThrowException" computerName="HARRY-HP" duration="00:00:00.0007902" startTime="2012-04-06T23:12:19.4382232+03:00" endTime="2012-04-06T23:12:19.4412233+03:00" testType="13cdc9d9-ddb5-4fa4-a97d-d965ccfc6d4b" outcome="Passed" testListId="156a42e0-daa0-49a6-ac4c-679204c9fa48" relativeResultsDirectory="a94cef58-fdf3-45f0-b9c6-8c4a09d24bf8">
    </UnitTestResult>
    <UnitTestResult executionId="40ed6013-c7a0-44b8-a577-d46ba4b8644f" testId="2383f518-7878-0165-501a-9a3b5957cce9" testName="ArgumentChecker_PassedEmptyString_ShouldThrowException" computerName="HARRY-HP" duration="00:00:00.0003698" startTime="2012-04-06T23:12:19.4442235+03:00" endTime="2012-04-06T23:12:19.4462236+03:00" testType="13cdc9d9-ddb5-4fa4-a97d-d965ccfc6d4b" outcome="Passed" testListId="156a42e0-daa0-49a6-ac4c-679204c9fa48" relativeResultsDirectory="40ed6013-c7a0-44b8-a577-d46ba4b8644f">
    </UnitTestResult>
    <UnitTestResult executionId="f7106f19-fa3c-49db-a3a9-737cc8879379" testId="90c28b78-8e02-3570-f3bb-d23a1df37a0c" testName="must_return_false_for_same_single_svents_with_different_property_values" computerName="HARRY-HP" duration="00:00:00.0007953" startTime="2012-04-06T23:12:19.4482237+03:00" endTime="2012-04-06T23:12:19.4512239+03:00" testType="13cdc9d9-ddb5-4fa4-a97d-d965ccfc6d4b" outcome="Passed" testListId="156a42e0-daa0-49a6-ac4c-679204c9fa48" relativeResultsDirectory="f7106f19-fa3c-49db-a3a9-737cc8879379">
    </UnitTestResult>
    <UnitTestResult executionId="fade6e77-848a-4a4f-92d5-5d085cc5bf3f" testId="b96a8b8f-f629-e34c-ba70-d9359d5f4aec" testName="when_changing_price_of_product_to_negative_value" computerName="HARRY-HP" duration="00:00:00.0018288" startTime="2012-04-06T23:12:19.4532240+03:00" endTime="2012-04-06T23:12:19.4572243+03:00" testType="13cdc9d9-ddb5-4fa4-a97d-d965ccfc6d4b" outcome="Passed" testListId="156a42e0-daa0-49a6-ac4c-679204c9fa48" relativeResultsDirectory="fade6e77-848a-4a4f-92d5-5d085cc5bf3f">
    </UnitTestResult>
    <UnitTestResult executionId="6c7a848a-1936-4638-8414-2620f4409363" testId="0118925b-22d8-7f5b-5f82-6edad105c4e7" testName="must_return_true_for_same_event_sets" computerName="HARRY-HP" duration="00:00:00.0016693" startTime="2012-04-06T23:12:19.4592244+03:00" endTime="2012-04-06T23:12:19.4642247+03:00" testType="13cdc9d9-ddb5-4fa4-a97d-d965ccfc6d4b" outcome="Passed" testListId="156a42e0-daa0-49a6-ac4c-679204c9fa48" relativeResultsDirectory="6c7a848a-1936-4638-8414-2620f4409363">
    </UnitTestResult>
    <UnitTestResult executionId="24caf1ec-f1b8-4a39-883e-d5e4cf759a9f" testId="5137ecfd-80eb-079d-4e25-7ee38a4b3931" testName="when_changing_product_price" computerName="HARRY-HP" duration="00:00:00.0029944" startTime="2012-04-06T23:12:19.4662248+03:00" endTime="2012-04-06T23:12:19.4712251+03:00" testType="13cdc9d9-ddb5-4fa4-a97d-d965ccfc6d4b" outcome="Passed" testListId="156a42e0-daa0-49a6-ac4c-679204c9fa48" relativeResultsDirectory="24caf1ec-f1b8-4a39-883e-d5e4cf759a9f">
    </UnitTestResult>
    <UnitTestResult executionId="22399219-bbde-4bb9-b016-46d00051a5e1" testId="eb25f9e5-c7e6-0120-3cec-b3334e2cc8ee" testName="must_not_split_acronyms" computerName="HARRY-HP" duration="00:00:00.0006098" startTime="2012-04-06T23:12:19.4732252+03:00" endTime="2012-04-06T23:12:19.4762253+03:00" testType="13cdc9d9-ddb5-4fa4-a97d-d965ccfc6d4b" outcome="Passed" testListId="156a42e0-daa0-49a6-ac4c-679204c9fa48" relativeResultsDirectory="22399219-bbde-4bb9-b016-46d00051a5e1">
    </UnitTestResult>
    <UnitTestResult executionId="ca6209da-0e85-4db7-bf34-b542d4505e06" testId="4c848af4-d456-1cc3-681a-a327cbf81ab0" testName="ArgumentChecker_PassedNullExpression_ShouldThrowException" computerName="HARRY-HP" duration="00:00:00.0008167" startTime="2012-04-06T23:12:19.4792255+03:00" endTime="2012-04-06T23:12:19.4822257+03:00" testType="13cdc9d9-ddb5-4fa4-a97d-d965ccfc6d4b" outcome="Passed" testListId="156a42e0-daa0-49a6-ac4c-679204c9fa48" relativeResultsDirectory="ca6209da-0e85-4db7-bf34-b542d4505e06">
    </UnitTestResult>
    <UnitTestResult executionId="4ee959f9-d4d8-4e80-8f7b-feacbafa3988" testId="1e03cdbf-eb8c-714d-15a7-40151d4cb660" testName="must_return_false_for_different_numbers_of_events" computerName="HARRY-HP" duration="00:00:00.0005198" startTime="2012-04-06T23:12:19.4842258+03:00" endTime="2012-04-06T23:12:19.4872260+03:00" testType="13cdc9d9-ddb5-4fa4-a97d-d965ccfc6d4b" outcome="Passed" testListId="156a42e0-daa0-49a6-ac4c-679204c9fa48" relativeResultsDirectory="4ee959f9-d4d8-4e80-8f7b-feacbafa3988">
    </UnitTestResult>
    <UnitTestResult executionId="2de82adf-487e-4225-95b6-7f64c1c71225" testId="0116cc0b-e067-4c42-c988-6271e1c0d153" testName="ArgumentChecker_PassedNotEmptyGuidExpression_ShouldNotThrowException" computerName="HARRY-HP" duration="00:00:00.0005798" startTime="2012-04-06T23:12:19.4892261+03:00" endTime="2012-04-06T23:12:19.4922263+03:00" testType="13cdc9d9-ddb5-4fa4-a97d-d965ccfc6d4b" outcome="Passed" testListId="156a42e0-daa0-49a6-ac4c-679204c9fa48" relativeResultsDirectory="2de82adf-487e-4225-95b6-7f64c1c71225">
    </UnitTestResult>
    <UnitTestResult executionId="112fe7c4-18f3-4ee0-9a6d-0b33e2a4481f" testId="649c4c37-fae5-1328-131f-d26166ae551b" testName="must_split_camel_case" computerName="HARRY-HP" duration="00:00:00.0001693" startTime="2012-04-06T23:12:19.4932263+03:00" endTime="2012-04-06T23:12:19.4962265+03:00" testType="13cdc9d9-ddb5-4fa4-a97d-d965ccfc6d4b" outcome="Passed" testListId="156a42e0-daa0-49a6-ac4c-679204c9fa48" relativeResultsDirectory="112fe7c4-18f3-4ee0-9a6d-0b33e2a4481f">
    </UnitTestResult>
  </Results>
</TestRun>