<?xml version="1.0" encoding="UTF-8"?>
<TestRun id="b56d9663-12c4-4c41-9714-f2c531e9477d" name="Harry@HARRY-HP 2012-04-11 23:51:19" runUser="Harry-HP\Harry" xmlns="http://microsoft.com/schemas/VisualStudio/TeamTest/2010">
  <TestSettings name="Local" id="cea19d41-6cbd-46b6-b1ad-ed83a2b7d7fb">
    <Description>These are default test settings for a local test run.</Description>
    <Deployment enabled="false" runDeploymentRoot="Harry_HARRY-HP 2012-04-11 23_51_19">
      <DeploymentItem filename="C:\Users\Harry\Dropbox\Code\EComWithCQRS\ECom.Domain.Catalog\bin\Debug\ECom.Domain.Catalog.dll" />
      <DeploymentItem filename="C:\Users\Harry\Dropbox\Code\EComWithCQRS\ECom.Domain.Order\bin\Debug\ECom.Domain.Order.dll" />
      <DeploymentItem filename="C:\Users\Harry\Dropbox\Code\EComWithCQRS\ECom.CommandHandlers\bin\Debug\ECom.CommandHandlers.dll" />
      <DeploymentItem filename="C:\Users\Harry\Dropbox\Code\EComWithCQRS\ECom.Domain\bin\Debug\ECom.Domain.dll" />
      <DeploymentItem filename="C:\Users\Harry\Dropbox\Code\EComWithCQRS\ECom.Messages\bin\Debug\ECom.Messages.dll" />
      <DeploymentItem filename="C:\Users\Harry\Dropbox\Code\EComWithCQRS\ECom.Utility\bin\Debug\ECom.Utility.dll" />
    </Deployment>
    <Execution>
      <TestTypeSpecific />
      <AgentRule name="Execution Agents">
      </AgentRule>
    </Execution>
  </TestSettings>
  <Times creation="2012-04-11T23:51:19.5258852+03:00" queuing="2012-04-11T23:51:19.6188905+03:00" start="2012-04-11T23:51:19.6298911+03:00" finish="2012-04-11T23:51:20.2199249+03:00" />
  <ResultSummary outcome="Completed">
    <Counters total="25" executed="25" passed="25" error="0" failed="0" timeout="0" aborted="0" inconclusive="0" passedButRunAborted="0" notRunnable="0" notExecuted="0" disconnected="0" warning="0" completed="0" inProgress="0" pending="0" />
  </ResultSummary>
  <TestDefinitions>
    <UnitTest name="Argument_PassedWhiteSpaceString_ShouldThrowException" storage="c:\users\harry\dropbox\code\ecomwithcqrs\ecom.utility.tests\bin\debug\ecom.utility.tests.dll" id="30f4accc-0ebe-c8de-e4c7-1581b4516403">
      <Execution id="681ef675-8ee9-4d80-9617-cdad6e8c0bca" />
      <TestMethod codeBase="C:/Users/Harry/Dropbox/Code/EComWithCQRS/ECom.Utility.Tests/bin/Debug/ECom.Utility.Tests.DLL" adapterTypeName="Microsoft.VisualStudio.TestTools.TestTypes.Unit.UnitTestAdapter, Microsoft.VisualStudio.QualityTools.Tips.UnitTest.Adapter, Version=10.0.0.0, Culture=neutral, PublicKeyToken=b03f5f7f11d50a3a" className="ECom.Utility.Tests.ArgumentTests, ECom.Utility.Tests, Version=1.0.0.0, Culture=neutral, PublicKeyToken=null" name="Argument_PassedWhiteSpaceString_ShouldThrowException" />
    </UnitTest>
    <UnitTest name="Argument_PassedEmptyStringExpression_ShouldThrowException" storage="c:\users\harry\dropbox\code\ecomwithcqrs\ecom.utility.tests\bin\debug\ecom.utility.tests.dll" id="0c6770b8-b914-078b-4c5e-6b069bb0caaf">
      <Execution id="6cf605af-940b-4be7-b964-33e8c31d50ce" />
      <TestMethod codeBase="C:/Users/Harry/Dropbox/Code/EComWithCQRS/ECom.Utility.Tests/bin/Debug/ECom.Utility.Tests.DLL" adapterTypeName="Microsoft.VisualStudio.TestTools.TestTypes.Unit.UnitTestAdapter, Microsoft.VisualStudio.QualityTools.Tips.UnitTest.Adapter, Version=10.0.0.0, Culture=neutral, PublicKeyToken=b03f5f7f11d50a3a" className="ECom.Utility.Tests.ArgumentTests, ECom.Utility.Tests, Version=1.0.0.0, Culture=neutral, PublicKeyToken=null" name="Argument_PassedEmptyStringExpression_ShouldThrowException" />
    </UnitTest>
    <UnitTest name="Argument_PassedNotEmptyStringExpression_ShouldNotThrowException" storage="c:\users\harry\dropbox\code\ecomwithcqrs\ecom.utility.tests\bin\debug\ecom.utility.tests.dll" id="35614b8e-8426-353c-4721-aef5a1b85d42">
      <Execution id="863ba356-e991-40a3-8ffb-2527f3922be9" />
      <TestMethod codeBase="C:/Users/Harry/Dropbox/Code/EComWithCQRS/ECom.Utility.Tests/bin/Debug/ECom.Utility.Tests.DLL" adapterTypeName="Microsoft.VisualStudio.TestTools.TestTypes.Unit.UnitTestAdapter, Microsoft.VisualStudio.QualityTools.Tips.UnitTest.Adapter, Version=10.0.0.0, Culture=neutral, PublicKeyToken=b03f5f7f11d50a3a" className="ECom.Utility.Tests.ArgumentTests, ECom.Utility.Tests, Version=1.0.0.0, Culture=neutral, PublicKeyToken=null" name="Argument_PassedNotEmptyStringExpression_ShouldNotThrowException" />
    </UnitTest>
    <UnitTest name="Argument_PassedEmptyGuidStringExpression_ShouldThrowException" storage="c:\users\harry\dropbox\code\ecomwithcqrs\ecom.utility.tests\bin\debug\ecom.utility.tests.dll" id="f6dc3825-5fde-f1c3-46eb-a2127c952849">
      <Execution id="3b2715d6-ae60-4505-851c-0cde56b139d6" />
      <TestMethod codeBase="C:/Users/Harry/Dropbox/Code/EComWithCQRS/ECom.Utility.Tests/bin/Debug/ECom.Utility.Tests.DLL" adapterTypeName="Microsoft.VisualStudio.TestTools.TestTypes.Unit.UnitTestAdapter, Microsoft.VisualStudio.QualityTools.Tips.UnitTest.Adapter, Version=10.0.0.0, Culture=neutral, PublicKeyToken=b03f5f7f11d50a3a" className="ECom.Utility.Tests.ArgumentTests, ECom.Utility.Tests, Version=1.0.0.0, Culture=neutral, PublicKeyToken=null" name="Argument_PassedEmptyGuidStringExpression_ShouldThrowException" />
    </UnitTest>
    <UnitTest name="when_changing_price_of_product_to_negative_value" storage="c:\users\harry\dropbox\code\ecomwithcqrs\ecom.commandhandlers.tests\bin\debug\ecom.commandhandlers.tests.dll" id="b96a8b8f-f629-e34c-ba70-d9359d5f4aec">
      <Execution id="b34c112e-0338-4619-9868-8d8bd8427b57" />
      <TestMethod codeBase="C:/Users/Harry/Dropbox/Code/EComWithCQRS/ECom.CommandHandlers.Tests/bin/Debug/ECom.CommandHandlers.Tests.DLL" adapterTypeName="Microsoft.VisualStudio.TestTools.TestTypes.Unit.UnitTestAdapter, Microsoft.VisualStudio.QualityTools.Tips.UnitTest.Adapter, Version=10.0.0.0, Culture=neutral, PublicKeyToken=b03f5f7f11d50a3a" className="ECom.CommandHandlers.Tests.Specifications.ChangeProductPriceSpecs, ECom.CommandHandlers.Tests, Version=1.0.0.0, Culture=neutral, PublicKeyToken=null" name="when_changing_price_of_product_to_negative_value" />
    </UnitTest>
    <UnitTest name="Argument_PassedTrueCondition_ShouldNotThrowException" storage="c:\users\harry\dropbox\code\ecomwithcqrs\ecom.utility.tests\bin\debug\ecom.utility.tests.dll" id="04481d99-8b24-ce0e-4b63-29009813e4cf">
      <Execution id="f454e377-dee3-4d99-be21-ac817b1d6c87" />
      <TestMethod codeBase="C:/Users/Harry/Dropbox/Code/EComWithCQRS/ECom.Utility.Tests/bin/Debug/ECom.Utility.Tests.DLL" adapterTypeName="Microsoft.VisualStudio.TestTools.TestTypes.Unit.UnitTestAdapter, Microsoft.VisualStudio.QualityTools.Tips.UnitTest.Adapter, Version=10.0.0.0, Culture=neutral, PublicKeyToken=b03f5f7f11d50a3a" className="ECom.Utility.Tests.ArgumentTests, ECom.Utility.Tests, Version=1.0.0.0, Culture=neutral, PublicKeyToken=null" name="Argument_PassedTrueCondition_ShouldNotThrowException" />
    </UnitTest>
    <UnitTest name="must_return_false_for_different_numbers_of_events" storage="c:\users\harry\dropbox\code\ecomwithcqrs\ecom.commandhandlers.tests\bin\debug\ecom.commandhandlers.tests.dll" id="1e03cdbf-eb8c-714d-15a7-40151d4cb660">
      <Execution id="a9b3f22a-f458-481d-8e8f-731e3b51b820" />
      <TestMethod codeBase="C:/Users/Harry/Dropbox/Code/EComWithCQRS/ECom.CommandHandlers.Tests/bin/Debug/ECom.CommandHandlers.Tests.DLL" adapterTypeName="Microsoft.VisualStudio.TestTools.TestTypes.Unit.UnitTestAdapter, Microsoft.VisualStudio.QualityTools.Tips.UnitTest.Adapter, Version=10.0.0.0, Culture=neutral, PublicKeyToken=b03f5f7f11d50a3a" className="ECom.CommandHandlers.Tests.AssertEventsClass+AreSameMethod, ECom.CommandHandlers.Tests, Version=1.0.0.0, Culture=neutral, PublicKeyToken=null" name="must_return_false_for_different_numbers_of_events" />
    </UnitTest>
    <UnitTest name="Argument_PassedNotEmptyGuidExpression_ShouldNotThrowException" storage="c:\users\harry\dropbox\code\ecomwithcqrs\ecom.utility.tests\bin\debug\ecom.utility.tests.dll" id="030a41f6-f2c7-d276-5729-c0592bc957ba">
      <Execution id="ec1c9d79-f42a-4510-8a5c-fbef1ebf585a" />
      <TestMethod codeBase="C:/Users/Harry/Dropbox/Code/EComWithCQRS/ECom.Utility.Tests/bin/Debug/ECom.Utility.Tests.DLL" adapterTypeName="Microsoft.VisualStudio.TestTools.TestTypes.Unit.UnitTestAdapter, Microsoft.VisualStudio.QualityTools.Tips.UnitTest.Adapter, Version=10.0.0.0, Culture=neutral, PublicKeyToken=b03f5f7f11d50a3a" className="ECom.Utility.Tests.ArgumentTests, ECom.Utility.Tests, Version=1.0.0.0, Culture=neutral, PublicKeyToken=null" name="Argument_PassedNotEmptyGuidExpression_ShouldNotThrowException" />
    </UnitTest>
    <UnitTest name="Argument_PassedNullExpression_ShouldThrowException" storage="c:\users\harry\dropbox\code\ecomwithcqrs\ecom.utility.tests\bin\debug\ecom.utility.tests.dll" id="6c07353f-3558-7dbc-956b-054b7a5ea429">
      <Execution id="cf3ebf58-6303-41c6-b2ca-29d1def52936" />
      <TestMethod codeBase="C:/Users/Harry/Dropbox/Code/EComWithCQRS/ECom.Utility.Tests/bin/Debug/ECom.Utility.Tests.DLL" adapterTypeName="Microsoft.VisualStudio.TestTools.TestTypes.Unit.UnitTestAdapter, Microsoft.VisualStudio.QualityTools.Tips.UnitTest.Adapter, Version=10.0.0.0, Culture=neutral, PublicKeyToken=b03f5f7f11d50a3a" className="ECom.Utility.Tests.ArgumentTests, ECom.Utility.Tests, Version=1.0.0.0, Culture=neutral, PublicKeyToken=null" name="Argument_PassedNullExpression_ShouldThrowException" />
    </UnitTest>
    <UnitTest name="must_return_true_for_same_event_sets" storage="c:\users\harry\dropbox\code\ecomwithcqrs\ecom.commandhandlers.tests\bin\debug\ecom.commandhandlers.tests.dll" id="0118925b-22d8-7f5b-5f82-6edad105c4e7">
      <Execution id="36d9bbb5-e305-4800-a83d-a26a5f2d8b44" />
      <TestMethod codeBase="C:/Users/Harry/Dropbox/Code/EComWithCQRS/ECom.CommandHandlers.Tests/bin/Debug/ECom.CommandHandlers.Tests.DLL" adapterTypeName="Microsoft.VisualStudio.TestTools.TestTypes.Unit.UnitTestAdapter, Microsoft.VisualStudio.QualityTools.Tips.UnitTest.Adapter, Version=10.0.0.0, Culture=neutral, PublicKeyToken=b03f5f7f11d50a3a" className="ECom.CommandHandlers.Tests.AssertEventsClass+AreSameMethod, ECom.CommandHandlers.Tests, Version=1.0.0.0, Culture=neutral, PublicKeyToken=null" name="must_return_true_for_same_event_sets" />
    </UnitTest>
    <UnitTest name="Argument_PassedNullStringExpression_ShouldThrowException" storage="c:\users\harry\dropbox\code\ecomwithcqrs\ecom.utility.tests\bin\debug\ecom.utility.tests.dll" id="33df93cd-3a66-5bec-5e7f-956114463e88">
      <Execution id="3b0681d2-29f6-4c65-ac13-e262d6f08d34" />
      <TestMethod codeBase="C:/Users/Harry/Dropbox/Code/EComWithCQRS/ECom.Utility.Tests/bin/Debug/ECom.Utility.Tests.DLL" adapterTypeName="Microsoft.VisualStudio.TestTools.TestTypes.Unit.UnitTestAdapter, Microsoft.VisualStudio.QualityTools.Tips.UnitTest.Adapter, Version=10.0.0.0, Culture=neutral, PublicKeyToken=b03f5f7f11d50a3a" className="ECom.Utility.Tests.ArgumentTests, ECom.Utility.Tests, Version=1.0.0.0, Culture=neutral, PublicKeyToken=null" name="Argument_PassedNullStringExpression_ShouldThrowException" />
    </UnitTest>
    <UnitTest name="Argument_PassedEmptyString_ShouldThrowException" storage="c:\users\harry\dropbox\code\ecomwithcqrs\ecom.utility.tests\bin\debug\ecom.utility.tests.dll" id="63697fcb-a4ce-89d3-f119-958ddc0bc56b">
      <Execution id="4faad5e5-20ee-4d35-977f-2239fc5d3926" />
      <TestMethod codeBase="C:/Users/Harry/Dropbox/Code/EComWithCQRS/ECom.Utility.Tests/bin/Debug/ECom.Utility.Tests.DLL" adapterTypeName="Microsoft.VisualStudio.TestTools.TestTypes.Unit.UnitTestAdapter, Microsoft.VisualStudio.QualityTools.Tips.UnitTest.Adapter, Version=10.0.0.0, Culture=neutral, PublicKeyToken=b03f5f7f11d50a3a" className="ECom.Utility.Tests.ArgumentTests, ECom.Utility.Tests, Version=1.0.0.0, Culture=neutral, PublicKeyToken=null" name="Argument_PassedEmptyString_ShouldThrowException" />
    </UnitTest>
    <UnitTest name="must_split_camel_case" storage="c:\users\harry\dropbox\code\ecomwithcqrs\ecom.utility.tests\bin\debug\ecom.utility.tests.dll" id="649c4c37-fae5-1328-131f-d26166ae551b">
      <Execution id="7edf2008-2115-4031-9097-82a08bd10649" />
      <TestMethod codeBase="C:/Users/Harry/Dropbox/Code/EComWithCQRS/ECom.Utility.Tests/bin/Debug/ECom.Utility.Tests.DLL" adapterTypeName="Microsoft.VisualStudio.TestTools.TestTypes.Unit.UnitTestAdapter, Microsoft.VisualStudio.QualityTools.Tips.UnitTest.Adapter, Version=10.0.0.0, Culture=neutral, PublicKeyToken=b03f5f7f11d50a3a" className="ECom.Utility.Tests.StringExtentionsClass+WordifyMethod, ECom.Utility.Tests, Version=1.0.0.0, Culture=neutral, PublicKeyToken=null" name="must_split_camel_case" />
    </UnitTest>
    <UnitTest name="when_changing_product_price" storage="c:\users\harry\dropbox\code\ecomwithcqrs\ecom.commandhandlers.tests\bin\debug\ecom.commandhandlers.tests.dll" id="5137ecfd-80eb-079d-4e25-7ee38a4b3931">
      <Execution id="fa24e043-4698-46fc-b595-f3880c5f0217" />
      <TestMethod codeBase="C:/Users/Harry/Dropbox/Code/EComWithCQRS/ECom.CommandHandlers.Tests/bin/Debug/ECom.CommandHandlers.Tests.DLL" adapterTypeName="Microsoft.VisualStudio.TestTools.TestTypes.Unit.UnitTestAdapter, Microsoft.VisualStudio.QualityTools.Tips.UnitTest.Adapter, Version=10.0.0.0, Culture=neutral, PublicKeyToken=b03f5f7f11d50a3a" className="ECom.CommandHandlers.Tests.Specifications.ChangeProductPriceSpecs, ECom.CommandHandlers.Tests, Version=1.0.0.0, Culture=neutral, PublicKeyToken=null" name="when_changing_product_price" />
    </UnitTest>
    <UnitTest name="must_not_split_acronyms" storage="c:\users\harry\dropbox\code\ecomwithcqrs\ecom.utility.tests\bin\debug\ecom.utility.tests.dll" id="eb25f9e5-c7e6-0120-3cec-b3334e2cc8ee">
      <Execution id="6de09064-8e3b-48fd-be96-f6fc9ac3aa10" />
      <TestMethod codeBase="C:/Users/Harry/Dropbox/Code/EComWithCQRS/ECom.Utility.Tests/bin/Debug/ECom.Utility.Tests.DLL" adapterTypeName="Microsoft.VisualStudio.TestTools.TestTypes.Unit.UnitTestAdapter, Microsoft.VisualStudio.QualityTools.Tips.UnitTest.Adapter, Version=10.0.0.0, Culture=neutral, PublicKeyToken=b03f5f7f11d50a3a" className="ECom.Utility.Tests.StringExtentionsClass+WordifyMethod, ECom.Utility.Tests, Version=1.0.0.0, Culture=neutral, PublicKeyToken=null" name="must_not_split_acronyms" />
    </UnitTest>
    <UnitTest name="Argument_PassedNull_ShouldThrowException" storage="c:\users\harry\dropbox\code\ecomwithcqrs\ecom.utility.tests\bin\debug\ecom.utility.tests.dll" id="a043125e-cfce-1409-16b4-37940b1b0668">
      <Execution id="e03d68d9-a256-4c0c-b280-caa915d874e4" />
      <TestMethod codeBase="C:/Users/Harry/Dropbox/Code/EComWithCQRS/ECom.Utility.Tests/bin/Debug/ECom.Utility.Tests.DLL" adapterTypeName="Microsoft.VisualStudio.TestTools.TestTypes.Unit.UnitTestAdapter, Microsoft.VisualStudio.QualityTools.Tips.UnitTest.Adapter, Version=10.0.0.0, Culture=neutral, PublicKeyToken=b03f5f7f11d50a3a" className="ECom.Utility.Tests.ArgumentTests, ECom.Utility.Tests, Version=1.0.0.0, Culture=neutral, PublicKeyToken=null" name="Argument_PassedNull_ShouldThrowException" />
    </UnitTest>
    <UnitTest name="must_return_false_for_same_single_svents_with_different_property_values" storage="c:\users\harry\dropbox\code\ecomwithcqrs\ecom.commandhandlers.tests\bin\debug\ecom.commandhandlers.tests.dll" id="90c28b78-8e02-3570-f3bb-d23a1df37a0c">
      <Execution id="3bfd762e-e297-48ca-bcaa-bd38adc93d6f" />
      <TestMethod codeBase="C:/Users/Harry/Dropbox/Code/EComWithCQRS/ECom.CommandHandlers.Tests/bin/Debug/ECom.CommandHandlers.Tests.DLL" adapterTypeName="Microsoft.VisualStudio.TestTools.TestTypes.Unit.UnitTestAdapter, Microsoft.VisualStudio.QualityTools.Tips.UnitTest.Adapter, Version=10.0.0.0, Culture=neutral, PublicKeyToken=b03f5f7f11d50a3a" className="ECom.CommandHandlers.Tests.AssertEventsClass+AreSameMethod, ECom.CommandHandlers.Tests, Version=1.0.0.0, Culture=neutral, PublicKeyToken=null" name="must_return_false_for_same_single_svents_with_different_property_values" />
    </UnitTest>
    <UnitTest name="Argument_PassedWhiteSpaceStringExpression_ShouldThrowException" storage="c:\users\harry\dropbox\code\ecomwithcqrs\ecom.utility.tests\bin\debug\ecom.utility.tests.dll" id="b0032b49-7d8c-7fec-62a0-63d2dcec42e1">
      <Execution id="3376af72-0ad1-4700-83a3-6c422b9a6835" />
      <TestMethod codeBase="C:/Users/Harry/Dropbox/Code/EComWithCQRS/ECom.Utility.Tests/bin/Debug/ECom.Utility.Tests.DLL" adapterTypeName="Microsoft.VisualStudio.TestTools.TestTypes.Unit.UnitTestAdapter, Microsoft.VisualStudio.QualityTools.Tips.UnitTest.Adapter, Version=10.0.0.0, Culture=neutral, PublicKeyToken=b03f5f7f11d50a3a" className="ECom.Utility.Tests.ArgumentTests, ECom.Utility.Tests, Version=1.0.0.0, Culture=neutral, PublicKeyToken=null" name="Argument_PassedWhiteSpaceStringExpression_ShouldThrowException" />
    </UnitTest>
    <UnitTest name="when_adding_valid_product" storage="c:\users\harry\dropbox\code\ecomwithcqrs\ecom.commandhandlers.tests\bin\debug\ecom.commandhandlers.tests.dll" id="310b6ef3-9d44-0d42-64f9-ba186f06b209">
      <Execution id="2e40bccb-6910-48dc-8587-665f568ba658" />
      <TestMethod codeBase="C:/Users/Harry/Dropbox/Code/EComWithCQRS/ECom.CommandHandlers.Tests/bin/Debug/ECom.CommandHandlers.Tests.DLL" adapterTypeName="Microsoft.VisualStudio.TestTools.TestTypes.Unit.UnitTestAdapter, Microsoft.VisualStudio.QualityTools.Tips.UnitTest.Adapter, Version=10.0.0.0, Culture=neutral, PublicKeyToken=b03f5f7f11d50a3a" className="ECom.CommandHandlers.Tests.Specifications.CreateProductSpecs, ECom.CommandHandlers.Tests, Version=1.0.0.0, Culture=neutral, PublicKeyToken=null" name="when_adding_valid_product" />
    </UnitTest>
    <UnitTest name="must_return_true_for_same_single_events" storage="c:\users\harry\dropbox\code\ecomwithcqrs\ecom.commandhandlers.tests\bin\debug\ecom.commandhandlers.tests.dll" id="5dc8ce45-7224-a655-600e-bd4e235d6326">
      <Execution id="baf16492-3b6f-4fdd-81b4-b8edd330f425" />
      <TestMethod codeBase="C:/Users/Harry/Dropbox/Code/EComWithCQRS/ECom.CommandHandlers.Tests/bin/Debug/ECom.CommandHandlers.Tests.DLL" adapterTypeName="Microsoft.VisualStudio.TestTools.TestTypes.Unit.UnitTestAdapter, Microsoft.VisualStudio.QualityTools.Tips.UnitTest.Adapter, Version=10.0.0.0, Culture=neutral, PublicKeyToken=b03f5f7f11d50a3a" className="ECom.CommandHandlers.Tests.AssertEventsClass+AreSameMethod, ECom.CommandHandlers.Tests, Version=1.0.0.0, Culture=neutral, PublicKeyToken=null" name="must_return_true_for_same_single_events" />
    </UnitTest>
    <UnitTest name="Argument_PassedFalseCondition_ShouldThrowException" storage="c:\users\harry\dropbox\code\ecomwithcqrs\ecom.utility.tests\bin\debug\ecom.utility.tests.dll" id="33cc7ba4-a102-772e-b938-657f62254a7e">
      <Execution id="3169a20e-8622-4f2e-912c-09b43630590c" />
      <TestMethod codeBase="C:/Users/Harry/Dropbox/Code/EComWithCQRS/ECom.Utility.Tests/bin/Debug/ECom.Utility.Tests.DLL" adapterTypeName="Microsoft.VisualStudio.TestTools.TestTypes.Unit.UnitTestAdapter, Microsoft.VisualStudio.QualityTools.Tips.UnitTest.Adapter, Version=10.0.0.0, Culture=neutral, PublicKeyToken=b03f5f7f11d50a3a" className="ECom.Utility.Tests.ArgumentTests, ECom.Utility.Tests, Version=1.0.0.0, Culture=neutral, PublicKeyToken=null" name="Argument_PassedFalseCondition_ShouldThrowException" />
    </UnitTest>
    <UnitTest name="must_return_true_for_two_empty_lists_of_events" storage="c:\users\harry\dropbox\code\ecomwithcqrs\ecom.commandhandlers.tests\bin\debug\ecom.commandhandlers.tests.dll" id="5ff7eed9-7672-c9dc-92d4-18f241e1ced6">
      <Execution id="70e9520d-81fe-4950-b14d-7c42ceacbfab" />
      <TestMethod codeBase="C:/Users/Harry/Dropbox/Code/EComWithCQRS/ECom.CommandHandlers.Tests/bin/Debug/ECom.CommandHandlers.Tests.DLL" adapterTypeName="Microsoft.VisualStudio.TestTools.TestTypes.Unit.UnitTestAdapter, Microsoft.VisualStudio.QualityTools.Tips.UnitTest.Adapter, Version=10.0.0.0, Culture=neutral, PublicKeyToken=b03f5f7f11d50a3a" className="ECom.CommandHandlers.Tests.AssertEventsClass+AreSameMethod, ECom.CommandHandlers.Tests, Version=1.0.0.0, Culture=neutral, PublicKeyToken=null" name="must_return_true_for_two_empty_lists_of_events" />
    </UnitTest>
    <UnitTest name="Argument_PassedNotNullObjectExpression_ShouldNotThrowException" storage="c:\users\harry\dropbox\code\ecomwithcqrs\ecom.utility.tests\bin\debug\ecom.utility.tests.dll" id="c94e2f0a-5d90-c7b2-7de8-84f41c8c74d8">
      <Execution id="3917883c-7af1-4c98-8e84-42ab615469d6" />
      <TestMethod codeBase="C:/Users/Harry/Dropbox/Code/EComWithCQRS/ECom.Utility.Tests/bin/Debug/ECom.Utility.Tests.DLL" adapterTypeName="Microsoft.VisualStudio.TestTools.TestTypes.Unit.UnitTestAdapter, Microsoft.VisualStudio.QualityTools.Tips.UnitTest.Adapter, Version=10.0.0.0, Culture=neutral, PublicKeyToken=b03f5f7f11d50a3a" className="ECom.Utility.Tests.ArgumentTests, ECom.Utility.Tests, Version=1.0.0.0, Culture=neutral, PublicKeyToken=null" name="Argument_PassedNotNullObjectExpression_ShouldNotThrowException" />
    </UnitTest>
    <UnitTest name="when_changing_price_of_not_existing_product" storage="c:\users\harry\dropbox\code\ecomwithcqrs\ecom.commandhandlers.tests\bin\debug\ecom.commandhandlers.tests.dll" id="89046cdd-a4cf-135d-dd9f-200e134698bd">
      <Execution id="ff2e1a4f-47bf-4c41-8bb2-ce7757ae4040" />
      <TestMethod codeBase="C:/Users/Harry/Dropbox/Code/EComWithCQRS/ECom.CommandHandlers.Tests/bin/Debug/ECom.CommandHandlers.Tests.DLL" adapterTypeName="Microsoft.VisualStudio.TestTools.TestTypes.Unit.UnitTestAdapter, Microsoft.VisualStudio.QualityTools.Tips.UnitTest.Adapter, Version=10.0.0.0, Culture=neutral, PublicKeyToken=b03f5f7f11d50a3a" className="ECom.CommandHandlers.Tests.Specifications.ChangeProductPriceSpecs, ECom.CommandHandlers.Tests, Version=1.0.0.0, Culture=neutral, PublicKeyToken=null" name="when_changing_price_of_not_existing_product" />
    </UnitTest>
    <UnitTest name="Argument_PassedNullString_ShouldThrowException" storage="c:\users\harry\dropbox\code\ecomwithcqrs\ecom.utility.tests\bin\debug\ecom.utility.tests.dll" id="e64571bc-af6a-966c-4775-36fa2d416269">
      <Execution id="3b6bd6c5-44ad-4cff-9daf-a46da6c6b7e6" />
      <TestMethod codeBase="C:/Users/Harry/Dropbox/Code/EComWithCQRS/ECom.Utility.Tests/bin/Debug/ECom.Utility.Tests.DLL" adapterTypeName="Microsoft.VisualStudio.TestTools.TestTypes.Unit.UnitTestAdapter, Microsoft.VisualStudio.QualityTools.Tips.UnitTest.Adapter, Version=10.0.0.0, Culture=neutral, PublicKeyToken=b03f5f7f11d50a3a" className="ECom.Utility.Tests.ArgumentTests, ECom.Utility.Tests, Version=1.0.0.0, Culture=neutral, PublicKeyToken=null" name="Argument_PassedNullString_ShouldThrowException" />
    </UnitTest>
  </TestDefinitions>
  <TestLists>
    <TestList name="Results Not in a List" id="8c84fa94-04c1-424b-9868-57a2d4851a1d" />
    <TestList name="All Loaded Results" id="19431567-8539-422a-85d7-44ee4e166bda" />
  </TestLists>
  <TestEntries>
    <TestEntry testId="a043125e-cfce-1409-16b4-37940b1b0668" executionId="e03d68d9-a256-4c0c-b280-caa915d874e4" testListId="8c84fa94-04c1-424b-9868-57a2d4851a1d" />
    <TestEntry testId="63697fcb-a4ce-89d3-f119-958ddc0bc56b" executionId="4faad5e5-20ee-4d35-977f-2239fc5d3926" testListId="8c84fa94-04c1-424b-9868-57a2d4851a1d" />
    <TestEntry testId="e64571bc-af6a-966c-4775-36fa2d416269" executionId="3b6bd6c5-44ad-4cff-9daf-a46da6c6b7e6" testListId="8c84fa94-04c1-424b-9868-57a2d4851a1d" />
    <TestEntry testId="30f4accc-0ebe-c8de-e4c7-1581b4516403" executionId="681ef675-8ee9-4d80-9617-cdad6e8c0bca" testListId="8c84fa94-04c1-424b-9868-57a2d4851a1d" />
    <TestEntry testId="6c07353f-3558-7dbc-956b-054b7a5ea429" executionId="cf3ebf58-6303-41c6-b2ca-29d1def52936" testListId="8c84fa94-04c1-424b-9868-57a2d4851a1d" />
    <TestEntry testId="0c6770b8-b914-078b-4c5e-6b069bb0caaf" executionId="6cf605af-940b-4be7-b964-33e8c31d50ce" testListId="8c84fa94-04c1-424b-9868-57a2d4851a1d" />
    <TestEntry testId="33df93cd-3a66-5bec-5e7f-956114463e88" executionId="3b0681d2-29f6-4c65-ac13-e262d6f08d34" testListId="8c84fa94-04c1-424b-9868-57a2d4851a1d" />
    <TestEntry testId="b0032b49-7d8c-7fec-62a0-63d2dcec42e1" executionId="3376af72-0ad1-4700-83a3-6c422b9a6835" testListId="8c84fa94-04c1-424b-9868-57a2d4851a1d" />
    <TestEntry testId="f6dc3825-5fde-f1c3-46eb-a2127c952849" executionId="3b2715d6-ae60-4505-851c-0cde56b139d6" testListId="8c84fa94-04c1-424b-9868-57a2d4851a1d" />
    <TestEntry testId="35614b8e-8426-353c-4721-aef5a1b85d42" executionId="863ba356-e991-40a3-8ffb-2527f3922be9" testListId="8c84fa94-04c1-424b-9868-57a2d4851a1d" />
    <TestEntry testId="c94e2f0a-5d90-c7b2-7de8-84f41c8c74d8" executionId="3917883c-7af1-4c98-8e84-42ab615469d6" testListId="8c84fa94-04c1-424b-9868-57a2d4851a1d" />
    <TestEntry testId="030a41f6-f2c7-d276-5729-c0592bc957ba" executionId="ec1c9d79-f42a-4510-8a5c-fbef1ebf585a" testListId="8c84fa94-04c1-424b-9868-57a2d4851a1d" />
    <TestEntry testId="33cc7ba4-a102-772e-b938-657f62254a7e" executionId="3169a20e-8622-4f2e-912c-09b43630590c" testListId="8c84fa94-04c1-424b-9868-57a2d4851a1d" />
    <TestEntry testId="04481d99-8b24-ce0e-4b63-29009813e4cf" executionId="f454e377-dee3-4d99-be21-ac817b1d6c87" testListId="8c84fa94-04c1-424b-9868-57a2d4851a1d" />
    <TestEntry testId="5ff7eed9-7672-c9dc-92d4-18f241e1ced6" executionId="70e9520d-81fe-4950-b14d-7c42ceacbfab" testListId="8c84fa94-04c1-424b-9868-57a2d4851a1d" />
    <TestEntry testId="5dc8ce45-7224-a655-600e-bd4e235d6326" executionId="baf16492-3b6f-4fdd-81b4-b8edd330f425" testListId="8c84fa94-04c1-424b-9868-57a2d4851a1d" />
    <TestEntry testId="0118925b-22d8-7f5b-5f82-6edad105c4e7" executionId="36d9bbb5-e305-4800-a83d-a26a5f2d8b44" testListId="8c84fa94-04c1-424b-9868-57a2d4851a1d" />
    <TestEntry testId="90c28b78-8e02-3570-f3bb-d23a1df37a0c" executionId="3bfd762e-e297-48ca-bcaa-bd38adc93d6f" testListId="8c84fa94-04c1-424b-9868-57a2d4851a1d" />
    <TestEntry testId="1e03cdbf-eb8c-714d-15a7-40151d4cb660" executionId="a9b3f22a-f458-481d-8e8f-731e3b51b820" testListId="8c84fa94-04c1-424b-9868-57a2d4851a1d" />
    <TestEntry testId="5137ecfd-80eb-079d-4e25-7ee38a4b3931" executionId="fa24e043-4698-46fc-b595-f3880c5f0217" testListId="8c84fa94-04c1-424b-9868-57a2d4851a1d" />
    <TestEntry testId="89046cdd-a4cf-135d-dd9f-200e134698bd" executionId="ff2e1a4f-47bf-4c41-8bb2-ce7757ae4040" testListId="8c84fa94-04c1-424b-9868-57a2d4851a1d" />
    <TestEntry testId="b96a8b8f-f629-e34c-ba70-d9359d5f4aec" executionId="b34c112e-0338-4619-9868-8d8bd8427b57" testListId="8c84fa94-04c1-424b-9868-57a2d4851a1d" />
    <TestEntry testId="310b6ef3-9d44-0d42-64f9-ba186f06b209" executionId="2e40bccb-6910-48dc-8587-665f568ba658" testListId="8c84fa94-04c1-424b-9868-57a2d4851a1d" />
    <TestEntry testId="649c4c37-fae5-1328-131f-d26166ae551b" executionId="7edf2008-2115-4031-9097-82a08bd10649" testListId="8c84fa94-04c1-424b-9868-57a2d4851a1d" />
    <TestEntry testId="eb25f9e5-c7e6-0120-3cec-b3334e2cc8ee" executionId="6de09064-8e3b-48fd-be96-f6fc9ac3aa10" testListId="8c84fa94-04c1-424b-9868-57a2d4851a1d" />
  </TestEntries>
  <Results>
    <UnitTestResult executionId="e03d68d9-a256-4c0c-b280-caa915d874e4" testId="a043125e-cfce-1409-16b4-37940b1b0668" testName="Argument_PassedNull_ShouldThrowException" computerName="HARRY-HP" duration="00:00:00.0176317" startTime="2012-04-11T23:51:19.6408917+03:00" endTime="2012-04-11T23:51:19.8479036+03:00" testType="13cdc9d9-ddb5-4fa4-a97d-d965ccfc6d4b" outcome="Passed" testListId="8c84fa94-04c1-424b-9868-57a2d4851a1d" relativeResultsDirectory="e03d68d9-a256-4c0c-b280-caa915d874e4">
    </UnitTestResult>
    <UnitTestResult executionId="4faad5e5-20ee-4d35-977f-2239fc5d3926" testId="63697fcb-a4ce-89d3-f119-958ddc0bc56b" testName="Argument_PassedEmptyString_ShouldThrowException" computerName="HARRY-HP" duration="00:00:00.0008313" startTime="2012-04-11T23:51:19.8499037+03:00" endTime="2012-04-11T23:51:19.8539039+03:00" testType="13cdc9d9-ddb5-4fa4-a97d-d965ccfc6d4b" outcome="Passed" testListId="8c84fa94-04c1-424b-9868-57a2d4851a1d" relativeResultsDirectory="4faad5e5-20ee-4d35-977f-2239fc5d3926">
    </UnitTestResult>
    <UnitTestResult executionId="3b6bd6c5-44ad-4cff-9daf-a46da6c6b7e6" testId="e64571bc-af6a-966c-4775-36fa2d416269" testName="Argument_PassedNullString_ShouldThrowException" computerName="HARRY-HP" duration="00:00:00.0004061" startTime="2012-04-11T23:51:19.8569041+03:00" endTime="2012-04-11T23:51:19.8599043+03:00" testType="13cdc9d9-ddb5-4fa4-a97d-d965ccfc6d4b" outcome="Passed" testListId="8c84fa94-04c1-424b-9868-57a2d4851a1d" relativeResultsDirectory="3b6bd6c5-44ad-4cff-9daf-a46da6c6b7e6">
    </UnitTestResult>
    <UnitTestResult executionId="681ef675-8ee9-4d80-9617-cdad6e8c0bca" testId="30f4accc-0ebe-c8de-e4c7-1581b4516403" testName="Argument_PassedWhiteSpaceString_ShouldThrowException" computerName="HARRY-HP" duration="00:00:00.0003832" startTime="2012-04-11T23:51:19.8619044+03:00" endTime="2012-04-11T23:51:19.8649046+03:00" testType="13cdc9d9-ddb5-4fa4-a97d-d965ccfc6d4b" outcome="Passed" testListId="8c84fa94-04c1-424b-9868-57a2d4851a1d" relativeResultsDirectory="681ef675-8ee9-4d80-9617-cdad6e8c0bca">
    </UnitTestResult>
    <UnitTestResult executionId="cf3ebf58-6303-41c6-b2ca-29d1def52936" testId="6c07353f-3558-7dbc-956b-054b7a5ea429" testName="Argument_PassedNullExpression_ShouldThrowException" computerName="HARRY-HP" duration="00:00:00.0018907" startTime="2012-04-11T23:51:19.8669047+03:00" endTime="2012-04-11T23:51:19.8709049+03:00" testType="13cdc9d9-ddb5-4fa4-a97d-d965ccfc6d4b" outcome="Passed" testListId="8c84fa94-04c1-424b-9868-57a2d4851a1d" relativeResultsDirectory="cf3ebf58-6303-41c6-b2ca-29d1def52936">
    </UnitTestResult>
    <UnitTestResult executionId="6cf605af-940b-4be7-b964-33e8c31d50ce" testId="0c6770b8-b914-078b-4c5e-6b069bb0caaf" testName="Argument_PassedEmptyStringExpression_ShouldThrowException" computerName="HARRY-HP" duration="00:00:00.0011537" startTime="2012-04-11T23:51:19.8729050+03:00" endTime="2012-04-11T23:51:19.8769052+03:00" testType="13cdc9d9-ddb5-4fa4-a97d-d965ccfc6d4b" outcome="Passed" testListId="8c84fa94-04c1-424b-9868-57a2d4851a1d" relativeResultsDirectory="6cf605af-940b-4be7-b964-33e8c31d50ce">
    </UnitTestResult>
    <UnitTestResult executionId="3b0681d2-29f6-4c65-ac13-e262d6f08d34" testId="33df93cd-3a66-5bec-5e7f-956114463e88" testName="Argument_PassedNullStringExpression_ShouldThrowException" computerName="HARRY-HP" duration="00:00:00.0008905" startTime="2012-04-11T23:51:19.8789054+03:00" endTime="2012-04-11T23:51:19.8819055+03:00" testType="13cdc9d9-ddb5-4fa4-a97d-d965ccfc6d4b" outcome="Passed" testListId="8c84fa94-04c1-424b-9868-57a2d4851a1d" relativeResultsDirectory="3b0681d2-29f6-4c65-ac13-e262d6f08d34">
    </UnitTestResult>
    <UnitTestResult executionId="3376af72-0ad1-4700-83a3-6c422b9a6835" testId="b0032b49-7d8c-7fec-62a0-63d2dcec42e1" testName="Argument_PassedWhiteSpaceStringExpression_ShouldThrowException" computerName="HARRY-HP" duration="00:00:00.0010310" startTime="2012-04-11T23:51:19.8849057+03:00" endTime="2012-04-11T23:51:19.8889059+03:00" testType="13cdc9d9-ddb5-4fa4-a97d-d965ccfc6d4b" outcome="Passed" testListId="8c84fa94-04c1-424b-9868-57a2d4851a1d" relativeResultsDirectory="3376af72-0ad1-4700-83a3-6c422b9a6835">
    </UnitTestResult>
    <UnitTestResult executionId="3b2715d6-ae60-4505-851c-0cde56b139d6" testId="f6dc3825-5fde-f1c3-46eb-a2127c952849" testName="Argument_PassedEmptyGuidStringExpression_ShouldThrowException" computerName="HARRY-HP" duration="00:00:00.0011743" startTime="2012-04-11T23:51:19.8909060+03:00" endTime="2012-04-11T23:51:19.8939062+03:00" testType="13cdc9d9-ddb5-4fa4-a97d-d965ccfc6d4b" outcome="Passed" testListId="8c84fa94-04c1-424b-9868-57a2d4851a1d" relativeResultsDirectory="3b2715d6-ae60-4505-851c-0cde56b139d6">
    </UnitTestResult>
    <UnitTestResult executionId="863ba356-e991-40a3-8ffb-2527f3922be9" testId="35614b8e-8426-353c-4721-aef5a1b85d42" testName="Argument_PassedNotEmptyStringExpression_ShouldNotThrowException" computerName="HARRY-HP" duration="00:00:00.0011072" startTime="2012-04-11T23:51:19.8969064+03:00" endTime="2012-04-11T23:51:19.9019067+03:00" testType="13cdc9d9-ddb5-4fa4-a97d-d965ccfc6d4b" outcome="Passed" testListId="8c84fa94-04c1-424b-9868-57a2d4851a1d" relativeResultsDirectory="863ba356-e991-40a3-8ffb-2527f3922be9">
    </UnitTestResult>
    <UnitTestResult executionId="3917883c-7af1-4c98-8e84-42ab615469d6" testId="c94e2f0a-5d90-c7b2-7de8-84f41c8c74d8" testName="Argument_PassedNotNullObjectExpression_ShouldNotThrowException" computerName="HARRY-HP" duration="00:00:00.0006197" startTime="2012-04-11T23:51:19.9039068+03:00" endTime="2012-04-11T23:51:19.9069070+03:00" testType="13cdc9d9-ddb5-4fa4-a97d-d965ccfc6d4b" outcome="Passed" testListId="8c84fa94-04c1-424b-9868-57a2d4851a1d" relativeResultsDirectory="3917883c-7af1-4c98-8e84-42ab615469d6">
    </UnitTestResult>
    <UnitTestResult executionId="ec1c9d79-f42a-4510-8a5c-fbef1ebf585a" testId="030a41f6-f2c7-d276-5729-c0592bc957ba" testName="Argument_PassedNotEmptyGuidExpression_ShouldNotThrowException" computerName="HARRY-HP" duration="00:00:00.0008316" startTime="2012-04-11T23:51:19.9089071+03:00" endTime="2012-04-11T23:51:19.9119072+03:00" testType="13cdc9d9-ddb5-4fa4-a97d-d965ccfc6d4b" outcome="Passed" testListId="8c84fa94-04c1-424b-9868-57a2d4851a1d" relativeResultsDirectory="ec1c9d79-f42a-4510-8a5c-fbef1ebf585a">
    </UnitTestResult>
    <UnitTestResult executionId="3169a20e-8622-4f2e-912c-09b43630590c" testId="33cc7ba4-a102-772e-b938-657f62254a7e" testName="Argument_PassedFalseCondition_ShouldThrowException" computerName="HARRY-HP" duration="00:00:00.0007424" startTime="2012-04-11T23:51:19.9139074+03:00" endTime="2012-04-11T23:51:19.9179076+03:00" testType="13cdc9d9-ddb5-4fa4-a97d-d965ccfc6d4b" outcome="Passed" testListId="8c84fa94-04c1-424b-9868-57a2d4851a1d" relativeResultsDirectory="3169a20e-8622-4f2e-912c-09b43630590c">
    </UnitTestResult>
    <UnitTestResult executionId="f454e377-dee3-4d99-be21-ac817b1d6c87" testId="04481d99-8b24-ce0e-4b63-29009813e4cf" testName="Argument_PassedTrueCondition_ShouldNotThrowException" computerName="HARRY-HP" duration="00:00:00.0003323" startTime="2012-04-11T23:51:19.9209078+03:00" endTime="2012-04-11T23:51:19.9249080+03:00" testType="13cdc9d9-ddb5-4fa4-a97d-d965ccfc6d4b" outcome="Passed" testListId="8c84fa94-04c1-424b-9868-57a2d4851a1d" relativeResultsDirectory="f454e377-dee3-4d99-be21-ac817b1d6c87">
    </UnitTestResult>
    <UnitTestResult executionId="70e9520d-81fe-4950-b14d-7c42ceacbfab" testId="5ff7eed9-7672-c9dc-92d4-18f241e1ced6" testName="must_return_true_for_two_empty_lists_of_events" computerName="HARRY-HP" duration="00:00:00.0098307" startTime="2012-04-11T23:51:19.9279082+03:00" endTime="2012-04-11T23:51:20.1149189+03:00" testType="13cdc9d9-ddb5-4fa4-a97d-d965ccfc6d4b" outcome="Passed" testListId="8c84fa94-04c1-424b-9868-57a2d4851a1d" relativeResultsDirectory="70e9520d-81fe-4950-b14d-7c42ceacbfab">
    </UnitTestResult>
    <UnitTestResult executionId="baf16492-3b6f-4fdd-81b4-b8edd330f425" testId="5dc8ce45-7224-a655-600e-bd4e235d6326" testName="must_return_true_for_same_single_events" computerName="HARRY-HP" duration="00:00:00.0050000" startTime="2012-04-11T23:51:20.1169190+03:00" endTime="2012-04-11T23:51:20.1239194+03:00" testType="13cdc9d9-ddb5-4fa4-a97d-d965ccfc6d4b" outcome="Passed" testListId="8c84fa94-04c1-424b-9868-57a2d4851a1d" relativeResultsDirectory="baf16492-3b6f-4fdd-81b4-b8edd330f425">
    </UnitTestResult>
    <UnitTestResult executionId="36d9bbb5-e305-4800-a83d-a26a5f2d8b44" testId="0118925b-22d8-7f5b-5f82-6edad105c4e7" testName="must_return_true_for_same_event_sets" computerName="HARRY-HP" duration="00:00:00.0017012" startTime="2012-04-11T23:51:20.1259195+03:00" endTime="2012-04-11T23:51:20.1299197+03:00" testType="13cdc9d9-ddb5-4fa4-a97d-d965ccfc6d4b" outcome="Passed" testListId="8c84fa94-04c1-424b-9868-57a2d4851a1d" relativeResultsDirectory="36d9bbb5-e305-4800-a83d-a26a5f2d8b44">
    </UnitTestResult>
    <UnitTestResult executionId="3bfd762e-e297-48ca-bcaa-bd38adc93d6f" testId="90c28b78-8e02-3570-f3bb-d23a1df37a0c" testName="must_return_false_for_same_single_svents_with_different_property_values" computerName="HARRY-HP" duration="00:00:00.0007685" startTime="2012-04-11T23:51:20.1329199+03:00" endTime="2012-04-11T23:51:20.1349200+03:00" testType="13cdc9d9-ddb5-4fa4-a97d-d965ccfc6d4b" outcome="Passed" testListId="8c84fa94-04c1-424b-9868-57a2d4851a1d" relativeResultsDirectory="3bfd762e-e297-48ca-bcaa-bd38adc93d6f">
    </UnitTestResult>
    <UnitTestResult executionId="a9b3f22a-f458-481d-8e8f-731e3b51b820" testId="1e03cdbf-eb8c-714d-15a7-40151d4cb660" testName="must_return_false_for_different_numbers_of_events" computerName="HARRY-HP" duration="00:00:00.0005439" startTime="2012-04-11T23:51:20.1369201+03:00" endTime="2012-04-11T23:51:20.1399203+03:00" testType="13cdc9d9-ddb5-4fa4-a97d-d965ccfc6d4b" outcome="Passed" testListId="8c84fa94-04c1-424b-9868-57a2d4851a1d" relativeResultsDirectory="a9b3f22a-f458-481d-8e8f-731e3b51b820">
    </UnitTestResult>
    <UnitTestResult executionId="fa24e043-4698-46fc-b595-f3880c5f0217" testId="5137ecfd-80eb-079d-4e25-7ee38a4b3931" testName="when_changing_product_price" computerName="HARRY-HP" duration="00:00:00.0242632" startTime="2012-04-11T23:51:20.1429205+03:00" endTime="2012-04-11T23:51:20.1709221+03:00" testType="13cdc9d9-ddb5-4fa4-a97d-d965ccfc6d4b" outcome="Passed" testListId="8c84fa94-04c1-424b-9868-57a2d4851a1d" relativeResultsDirectory="fa24e043-4698-46fc-b595-f3880c5f0217">
    </UnitTestResult>
    <UnitTestResult executionId="ff2e1a4f-47bf-4c41-8bb2-ce7757ae4040" testId="89046cdd-a4cf-135d-dd9f-200e134698bd" testName="when_changing_price_of_not_existing_product" computerName="HARRY-HP" duration="00:00:00.0015406" startTime="2012-04-11T23:51:20.1729222+03:00" endTime="2012-04-11T23:51:20.1769224+03:00" testType="13cdc9d9-ddb5-4fa4-a97d-d965ccfc6d4b" outcome="Passed" testListId="8c84fa94-04c1-424b-9868-57a2d4851a1d" relativeResultsDirectory="ff2e1a4f-47bf-4c41-8bb2-ce7757ae4040">
    </UnitTestResult>
    <UnitTestResult executionId="b34c112e-0338-4619-9868-8d8bd8427b57" testId="b96a8b8f-f629-e34c-ba70-d9359d5f4aec" testName="when_changing_price_of_product_to_negative_value" computerName="HARRY-HP" duration="00:00:00.0015323" startTime="2012-04-11T23:51:20.1789225+03:00" endTime="2012-04-11T23:51:20.1839228+03:00" testType="13cdc9d9-ddb5-4fa4-a97d-d965ccfc6d4b" outcome="Passed" testListId="8c84fa94-04c1-424b-9868-57a2d4851a1d" relativeResultsDirectory="b34c112e-0338-4619-9868-8d8bd8427b57">
    </UnitTestResult>
    <UnitTestResult executionId="2e40bccb-6910-48dc-8587-665f568ba658" testId="310b6ef3-9d44-0d42-64f9-ba186f06b209" testName="when_adding_valid_product" computerName="HARRY-HP" duration="00:00:00.0030133" startTime="2012-04-11T23:51:20.1859229+03:00" endTime="2012-04-11T23:51:20.1919233+03:00" testType="13cdc9d9-ddb5-4fa4-a97d-d965ccfc6d4b" outcome="Passed" testListId="8c84fa94-04c1-424b-9868-57a2d4851a1d" relativeResultsDirectory="2e40bccb-6910-48dc-8587-665f568ba658">
    </UnitTestResult>
    <UnitTestResult executionId="7edf2008-2115-4031-9097-82a08bd10649" testId="649c4c37-fae5-1328-131f-d26166ae551b" testName="must_split_camel_case" computerName="HARRY-HP" duration="00:00:00.0005317" startTime="2012-04-11T23:51:20.1929233+03:00" endTime="2012-04-11T23:51:20.1959235+03:00" testType="13cdc9d9-ddb5-4fa4-a97d-d965ccfc6d4b" outcome="Passed" testListId="8c84fa94-04c1-424b-9868-57a2d4851a1d" relativeResultsDirectory="7edf2008-2115-4031-9097-82a08bd10649">
    </UnitTestResult>
    <UnitTestResult executionId="6de09064-8e3b-48fd-be96-f6fc9ac3aa10" testId="eb25f9e5-c7e6-0120-3cec-b3334e2cc8ee" testName="must_not_split_acronyms" computerName="HARRY-HP" duration="00:00:00.0001646" startTime="2012-04-11T23:51:20.1979236+03:00" endTime="2012-04-11T23:51:20.1999237+03:00" testType="13cdc9d9-ddb5-4fa4-a97d-d965ccfc6d4b" outcome="Passed" testListId="8c84fa94-04c1-424b-9868-57a2d4851a1d" relativeResultsDirectory="6de09064-8e3b-48fd-be96-f6fc9ac3aa10">
    </UnitTestResult>
  </Results>
</TestRun>