<?xml version="1.0" encoding="UTF-8"?>
<TestRun id="f7e8e964-4690-4c55-81ba-176837da589a" name="Harry@HARRY-HP 2012-04-10 13:55:22" runUser="Harry-HP\Harry" xmlns="http://microsoft.com/schemas/VisualStudio/TeamTest/2010">
  <TestSettings name="Local" id="cea19d41-6cbd-46b6-b1ad-ed83a2b7d7fb">
    <Description>These are default test settings for a local test run.</Description>
    <Deployment enabled="false" runDeploymentRoot="Harry_HARRY-HP 2012-04-10 13_55_22">
      <DeploymentItem filename="C:\Users\Harry\Dropbox\Code\EComWithCQRS\ECom.Domain.Catalog\bin\Debug\ECom.Domain.Catalog.dll" />
      <DeploymentItem filename="C:\Users\Harry\Dropbox\Code\EComWithCQRS\ECom.Domain.Order\bin\Debug\ECom.Domain.Order.dll" />
      <DeploymentItem filename="C:\Users\Harry\Dropbox\Code\EComWithCQRS\ECom.CommandHandlers\bin\Debug\ECom.CommandHandlers.dll" />
      <DeploymentItem filename="C:\Users\Harry\Dropbox\Code\EComWithCQRS\ECom.Domain\bin\Debug\ECom.Domain.dll" />
      <DeploymentItem filename="C:\Users\Harry\Dropbox\Code\EComWithCQRS\ECom.Messages\bin\Debug\ECom.Messages.dll" />
      <DeploymentItem filename="C:\Users\Harry\Dropbox\Code\EComWithCQRS\ECom.Utility\bin\Debug\ECom.Utility.dll" />
    </Deployment>
    <Execution>
      <TestTypeSpecific />
      <AgentRule name="Execution Agents">
      </AgentRule>
    </Execution>
  </TestSettings>
  <Times creation="2012-04-10T13:55:22.9296808+03:00" queuing="2012-04-10T13:55:23.0796894+03:00" start="2012-04-10T13:55:23.0986905+03:00" finish="2012-04-10T13:55:23.8997363+03:00" />
  <ResultSummary outcome="Completed">
    <Counters total="25" executed="25" passed="25" error="0" failed="0" timeout="0" aborted="0" inconclusive="0" passedButRunAborted="0" notRunnable="0" notExecuted="0" disconnected="0" warning="0" completed="0" inProgress="0" pending="0" />
  </ResultSummary>
  <TestDefinitions>
    <UnitTest name="Argument_PassedWhiteSpaceString_ShouldThrowException" storage="c:\users\harry\dropbox\code\ecomwithcqrs\ecom.utility.tests\bin\debug\ecom.utility.tests.dll" id="30f4accc-0ebe-c8de-e4c7-1581b4516403">
      <Execution id="6da63067-7490-48ce-975a-2111de41f8ce" />
      <TestMethod codeBase="C:/Users/Harry/Dropbox/Code/EComWithCQRS/ECom.Utility.Tests/bin/Debug/ECom.Utility.Tests.DLL" adapterTypeName="Microsoft.VisualStudio.TestTools.TestTypes.Unit.UnitTestAdapter, Microsoft.VisualStudio.QualityTools.Tips.UnitTest.Adapter, Version=10.0.0.0, Culture=neutral, PublicKeyToken=b03f5f7f11d50a3a" className="ECom.Utility.Tests.ArgumentTests, ECom.Utility.Tests, Version=1.0.0.0, Culture=neutral, PublicKeyToken=null" name="Argument_PassedWhiteSpaceString_ShouldThrowException" />
    </UnitTest>
    <UnitTest name="Argument_PassedEmptyStringExpression_ShouldThrowException" storage="c:\users\harry\dropbox\code\ecomwithcqrs\ecom.utility.tests\bin\debug\ecom.utility.tests.dll" id="0c6770b8-b914-078b-4c5e-6b069bb0caaf">
      <Execution id="86a1ab42-e465-47e4-a678-38271acfb3a1" />
      <TestMethod codeBase="C:/Users/Harry/Dropbox/Code/EComWithCQRS/ECom.Utility.Tests/bin/Debug/ECom.Utility.Tests.DLL" adapterTypeName="Microsoft.VisualStudio.TestTools.TestTypes.Unit.UnitTestAdapter, Microsoft.VisualStudio.QualityTools.Tips.UnitTest.Adapter, Version=10.0.0.0, Culture=neutral, PublicKeyToken=b03f5f7f11d50a3a" className="ECom.Utility.Tests.ArgumentTests, ECom.Utility.Tests, Version=1.0.0.0, Culture=neutral, PublicKeyToken=null" name="Argument_PassedEmptyStringExpression_ShouldThrowException" />
    </UnitTest>
    <UnitTest name="Argument_PassedNotEmptyStringExpression_ShouldNotThrowException" storage="c:\users\harry\dropbox\code\ecomwithcqrs\ecom.utility.tests\bin\debug\ecom.utility.tests.dll" id="35614b8e-8426-353c-4721-aef5a1b85d42">
      <Execution id="ace32f23-254a-44d8-88d5-c14a3ca6adee" />
      <TestMethod codeBase="C:/Users/Harry/Dropbox/Code/EComWithCQRS/ECom.Utility.Tests/bin/Debug/ECom.Utility.Tests.DLL" adapterTypeName="Microsoft.VisualStudio.TestTools.TestTypes.Unit.UnitTestAdapter, Microsoft.VisualStudio.QualityTools.Tips.UnitTest.Adapter, Version=10.0.0.0, Culture=neutral, PublicKeyToken=b03f5f7f11d50a3a" className="ECom.Utility.Tests.ArgumentTests, ECom.Utility.Tests, Version=1.0.0.0, Culture=neutral, PublicKeyToken=null" name="Argument_PassedNotEmptyStringExpression_ShouldNotThrowException" />
    </UnitTest>
    <UnitTest name="Argument_PassedEmptyGuidStringExpression_ShouldThrowException" storage="c:\users\harry\dropbox\code\ecomwithcqrs\ecom.utility.tests\bin\debug\ecom.utility.tests.dll" id="f6dc3825-5fde-f1c3-46eb-a2127c952849">
      <Execution id="503c7590-ead5-4fcb-bba2-3fe87f8d156b" />
      <TestMethod codeBase="C:/Users/Harry/Dropbox/Code/EComWithCQRS/ECom.Utility.Tests/bin/Debug/ECom.Utility.Tests.DLL" adapterTypeName="Microsoft.VisualStudio.TestTools.TestTypes.Unit.UnitTestAdapter, Microsoft.VisualStudio.QualityTools.Tips.UnitTest.Adapter, Version=10.0.0.0, Culture=neutral, PublicKeyToken=b03f5f7f11d50a3a" className="ECom.Utility.Tests.ArgumentTests, ECom.Utility.Tests, Version=1.0.0.0, Culture=neutral, PublicKeyToken=null" name="Argument_PassedEmptyGuidStringExpression_ShouldThrowException" />
    </UnitTest>
    <UnitTest name="when_changing_price_of_product_to_negative_value" storage="c:\users\harry\dropbox\code\ecomwithcqrs\ecom.commandhandlers.tests\bin\debug\ecom.commandhandlers.tests.dll" id="b96a8b8f-f629-e34c-ba70-d9359d5f4aec">
      <Execution id="b881673f-9603-4b20-aa71-45a417afd3cd" />
      <TestMethod codeBase="C:/Users/Harry/Dropbox/Code/EComWithCQRS/ECom.CommandHandlers.Tests/bin/Debug/ECom.CommandHandlers.Tests.DLL" adapterTypeName="Microsoft.VisualStudio.TestTools.TestTypes.Unit.UnitTestAdapter, Microsoft.VisualStudio.QualityTools.Tips.UnitTest.Adapter, Version=10.0.0.0, Culture=neutral, PublicKeyToken=b03f5f7f11d50a3a" className="ECom.CommandHandlers.Tests.Specifications.ChangeProductPriceSpecs, ECom.CommandHandlers.Tests, Version=1.0.0.0, Culture=neutral, PublicKeyToken=null" name="when_changing_price_of_product_to_negative_value" />
    </UnitTest>
    <UnitTest name="Argument_PassedTrueCondition_ShouldNotThrowException" storage="c:\users\harry\dropbox\code\ecomwithcqrs\ecom.utility.tests\bin\debug\ecom.utility.tests.dll" id="04481d99-8b24-ce0e-4b63-29009813e4cf">
      <Execution id="23d4368e-85ee-4e92-a769-36f280eb741c" />
      <TestMethod codeBase="C:/Users/Harry/Dropbox/Code/EComWithCQRS/ECom.Utility.Tests/bin/Debug/ECom.Utility.Tests.DLL" adapterTypeName="Microsoft.VisualStudio.TestTools.TestTypes.Unit.UnitTestAdapter, Microsoft.VisualStudio.QualityTools.Tips.UnitTest.Adapter, Version=10.0.0.0, Culture=neutral, PublicKeyToken=b03f5f7f11d50a3a" className="ECom.Utility.Tests.ArgumentTests, ECom.Utility.Tests, Version=1.0.0.0, Culture=neutral, PublicKeyToken=null" name="Argument_PassedTrueCondition_ShouldNotThrowException" />
    </UnitTest>
    <UnitTest name="must_return_false_for_different_numbers_of_events" storage="c:\users\harry\dropbox\code\ecomwithcqrs\ecom.commandhandlers.tests\bin\debug\ecom.commandhandlers.tests.dll" id="1e03cdbf-eb8c-714d-15a7-40151d4cb660">
      <Execution id="43ce4843-a56e-4a95-a30d-837cc78950cb" />
      <TestMethod codeBase="C:/Users/Harry/Dropbox/Code/EComWithCQRS/ECom.CommandHandlers.Tests/bin/Debug/ECom.CommandHandlers.Tests.DLL" adapterTypeName="Microsoft.VisualStudio.TestTools.TestTypes.Unit.UnitTestAdapter, Microsoft.VisualStudio.QualityTools.Tips.UnitTest.Adapter, Version=10.0.0.0, Culture=neutral, PublicKeyToken=b03f5f7f11d50a3a" className="ECom.CommandHandlers.Tests.AssertEventsClass+AreSameMethod, ECom.CommandHandlers.Tests, Version=1.0.0.0, Culture=neutral, PublicKeyToken=null" name="must_return_false_for_different_numbers_of_events" />
    </UnitTest>
    <UnitTest name="Argument_PassedNotEmptyGuidExpression_ShouldNotThrowException" storage="c:\users\harry\dropbox\code\ecomwithcqrs\ecom.utility.tests\bin\debug\ecom.utility.tests.dll" id="030a41f6-f2c7-d276-5729-c0592bc957ba">
      <Execution id="c2286390-2689-4a25-8ea7-37aa5de3d6eb" />
      <TestMethod codeBase="C:/Users/Harry/Dropbox/Code/EComWithCQRS/ECom.Utility.Tests/bin/Debug/ECom.Utility.Tests.DLL" adapterTypeName="Microsoft.VisualStudio.TestTools.TestTypes.Unit.UnitTestAdapter, Microsoft.VisualStudio.QualityTools.Tips.UnitTest.Adapter, Version=10.0.0.0, Culture=neutral, PublicKeyToken=b03f5f7f11d50a3a" className="ECom.Utility.Tests.ArgumentTests, ECom.Utility.Tests, Version=1.0.0.0, Culture=neutral, PublicKeyToken=null" name="Argument_PassedNotEmptyGuidExpression_ShouldNotThrowException" />
    </UnitTest>
    <UnitTest name="Argument_PassedNullExpression_ShouldThrowException" storage="c:\users\harry\dropbox\code\ecomwithcqrs\ecom.utility.tests\bin\debug\ecom.utility.tests.dll" id="6c07353f-3558-7dbc-956b-054b7a5ea429">
      <Execution id="5f44ce71-3ff3-4636-80d5-ad6a2e585d6b" />
      <TestMethod codeBase="C:/Users/Harry/Dropbox/Code/EComWithCQRS/ECom.Utility.Tests/bin/Debug/ECom.Utility.Tests.DLL" adapterTypeName="Microsoft.VisualStudio.TestTools.TestTypes.Unit.UnitTestAdapter, Microsoft.VisualStudio.QualityTools.Tips.UnitTest.Adapter, Version=10.0.0.0, Culture=neutral, PublicKeyToken=b03f5f7f11d50a3a" className="ECom.Utility.Tests.ArgumentTests, ECom.Utility.Tests, Version=1.0.0.0, Culture=neutral, PublicKeyToken=null" name="Argument_PassedNullExpression_ShouldThrowException" />
    </UnitTest>
    <UnitTest name="must_return_true_for_same_event_sets" storage="c:\users\harry\dropbox\code\ecomwithcqrs\ecom.commandhandlers.tests\bin\debug\ecom.commandhandlers.tests.dll" id="0118925b-22d8-7f5b-5f82-6edad105c4e7">
      <Execution id="653b6926-9145-413b-8677-1cb62e466e2f" />
      <TestMethod codeBase="C:/Users/Harry/Dropbox/Code/EComWithCQRS/ECom.CommandHandlers.Tests/bin/Debug/ECom.CommandHandlers.Tests.DLL" adapterTypeName="Microsoft.VisualStudio.TestTools.TestTypes.Unit.UnitTestAdapter, Microsoft.VisualStudio.QualityTools.Tips.UnitTest.Adapter, Version=10.0.0.0, Culture=neutral, PublicKeyToken=b03f5f7f11d50a3a" className="ECom.CommandHandlers.Tests.AssertEventsClass+AreSameMethod, ECom.CommandHandlers.Tests, Version=1.0.0.0, Culture=neutral, PublicKeyToken=null" name="must_return_true_for_same_event_sets" />
    </UnitTest>
    <UnitTest name="Argument_PassedNullStringExpression_ShouldThrowException" storage="c:\users\harry\dropbox\code\ecomwithcqrs\ecom.utility.tests\bin\debug\ecom.utility.tests.dll" id="33df93cd-3a66-5bec-5e7f-956114463e88">
      <Execution id="5174d793-5e69-4f77-b4bc-405bb44edd3a" />
      <TestMethod codeBase="C:/Users/Harry/Dropbox/Code/EComWithCQRS/ECom.Utility.Tests/bin/Debug/ECom.Utility.Tests.DLL" adapterTypeName="Microsoft.VisualStudio.TestTools.TestTypes.Unit.UnitTestAdapter, Microsoft.VisualStudio.QualityTools.Tips.UnitTest.Adapter, Version=10.0.0.0, Culture=neutral, PublicKeyToken=b03f5f7f11d50a3a" className="ECom.Utility.Tests.ArgumentTests, ECom.Utility.Tests, Version=1.0.0.0, Culture=neutral, PublicKeyToken=null" name="Argument_PassedNullStringExpression_ShouldThrowException" />
    </UnitTest>
    <UnitTest name="Argument_PassedEmptyString_ShouldThrowException" storage="c:\users\harry\dropbox\code\ecomwithcqrs\ecom.utility.tests\bin\debug\ecom.utility.tests.dll" id="63697fcb-a4ce-89d3-f119-958ddc0bc56b">
      <Execution id="093d347c-203b-45b1-8f71-cef07bf81446" />
      <TestMethod codeBase="C:/Users/Harry/Dropbox/Code/EComWithCQRS/ECom.Utility.Tests/bin/Debug/ECom.Utility.Tests.DLL" adapterTypeName="Microsoft.VisualStudio.TestTools.TestTypes.Unit.UnitTestAdapter, Microsoft.VisualStudio.QualityTools.Tips.UnitTest.Adapter, Version=10.0.0.0, Culture=neutral, PublicKeyToken=b03f5f7f11d50a3a" className="ECom.Utility.Tests.ArgumentTests, ECom.Utility.Tests, Version=1.0.0.0, Culture=neutral, PublicKeyToken=null" name="Argument_PassedEmptyString_ShouldThrowException" />
    </UnitTest>
    <UnitTest name="must_split_camel_case" storage="c:\users\harry\dropbox\code\ecomwithcqrs\ecom.utility.tests\bin\debug\ecom.utility.tests.dll" id="649c4c37-fae5-1328-131f-d26166ae551b">
      <Execution id="c727cd6d-e3e7-44f7-9c8f-f1e74e3f75c8" />
      <TestMethod codeBase="C:/Users/Harry/Dropbox/Code/EComWithCQRS/ECom.Utility.Tests/bin/Debug/ECom.Utility.Tests.DLL" adapterTypeName="Microsoft.VisualStudio.TestTools.TestTypes.Unit.UnitTestAdapter, Microsoft.VisualStudio.QualityTools.Tips.UnitTest.Adapter, Version=10.0.0.0, Culture=neutral, PublicKeyToken=b03f5f7f11d50a3a" className="ECom.Utility.Tests.StringExtentionsClass+WordifyMethod, ECom.Utility.Tests, Version=1.0.0.0, Culture=neutral, PublicKeyToken=null" name="must_split_camel_case" />
    </UnitTest>
    <UnitTest name="when_changing_product_price" storage="c:\users\harry\dropbox\code\ecomwithcqrs\ecom.commandhandlers.tests\bin\debug\ecom.commandhandlers.tests.dll" id="5137ecfd-80eb-079d-4e25-7ee38a4b3931">
      <Execution id="d0ecbe9f-7023-43e8-aa5d-ae7d3449c768" />
      <TestMethod codeBase="C:/Users/Harry/Dropbox/Code/EComWithCQRS/ECom.CommandHandlers.Tests/bin/Debug/ECom.CommandHandlers.Tests.DLL" adapterTypeName="Microsoft.VisualStudio.TestTools.TestTypes.Unit.UnitTestAdapter, Microsoft.VisualStudio.QualityTools.Tips.UnitTest.Adapter, Version=10.0.0.0, Culture=neutral, PublicKeyToken=b03f5f7f11d50a3a" className="ECom.CommandHandlers.Tests.Specifications.ChangeProductPriceSpecs, ECom.CommandHandlers.Tests, Version=1.0.0.0, Culture=neutral, PublicKeyToken=null" name="when_changing_product_price" />
    </UnitTest>
    <UnitTest name="must_not_split_acronyms" storage="c:\users\harry\dropbox\code\ecomwithcqrs\ecom.utility.tests\bin\debug\ecom.utility.tests.dll" id="eb25f9e5-c7e6-0120-3cec-b3334e2cc8ee">
      <Execution id="1796278c-88fe-4962-b913-cc966c0c9780" />
      <TestMethod codeBase="C:/Users/Harry/Dropbox/Code/EComWithCQRS/ECom.Utility.Tests/bin/Debug/ECom.Utility.Tests.DLL" adapterTypeName="Microsoft.VisualStudio.TestTools.TestTypes.Unit.UnitTestAdapter, Microsoft.VisualStudio.QualityTools.Tips.UnitTest.Adapter, Version=10.0.0.0, Culture=neutral, PublicKeyToken=b03f5f7f11d50a3a" className="ECom.Utility.Tests.StringExtentionsClass+WordifyMethod, ECom.Utility.Tests, Version=1.0.0.0, Culture=neutral, PublicKeyToken=null" name="must_not_split_acronyms" />
    </UnitTest>
    <UnitTest name="Argument_PassedNull_ShouldThrowException" storage="c:\users\harry\dropbox\code\ecomwithcqrs\ecom.utility.tests\bin\debug\ecom.utility.tests.dll" id="a043125e-cfce-1409-16b4-37940b1b0668">
      <Execution id="7f66faf8-0e17-4e79-9955-005c3b4a71d7" />
      <TestMethod codeBase="C:/Users/Harry/Dropbox/Code/EComWithCQRS/ECom.Utility.Tests/bin/Debug/ECom.Utility.Tests.DLL" adapterTypeName="Microsoft.VisualStudio.TestTools.TestTypes.Unit.UnitTestAdapter, Microsoft.VisualStudio.QualityTools.Tips.UnitTest.Adapter, Version=10.0.0.0, Culture=neutral, PublicKeyToken=b03f5f7f11d50a3a" className="ECom.Utility.Tests.ArgumentTests, ECom.Utility.Tests, Version=1.0.0.0, Culture=neutral, PublicKeyToken=null" name="Argument_PassedNull_ShouldThrowException" />
    </UnitTest>
    <UnitTest name="must_return_false_for_same_single_svents_with_different_property_values" storage="c:\users\harry\dropbox\code\ecomwithcqrs\ecom.commandhandlers.tests\bin\debug\ecom.commandhandlers.tests.dll" id="90c28b78-8e02-3570-f3bb-d23a1df37a0c">
      <Execution id="64c67510-49b9-477b-8107-a0344a04229d" />
      <TestMethod codeBase="C:/Users/Harry/Dropbox/Code/EComWithCQRS/ECom.CommandHandlers.Tests/bin/Debug/ECom.CommandHandlers.Tests.DLL" adapterTypeName="Microsoft.VisualStudio.TestTools.TestTypes.Unit.UnitTestAdapter, Microsoft.VisualStudio.QualityTools.Tips.UnitTest.Adapter, Version=10.0.0.0, Culture=neutral, PublicKeyToken=b03f5f7f11d50a3a" className="ECom.CommandHandlers.Tests.AssertEventsClass+AreSameMethod, ECom.CommandHandlers.Tests, Version=1.0.0.0, Culture=neutral, PublicKeyToken=null" name="must_return_false_for_same_single_svents_with_different_property_values" />
    </UnitTest>
    <UnitTest name="Argument_PassedWhiteSpaceStringExpression_ShouldThrowException" storage="c:\users\harry\dropbox\code\ecomwithcqrs\ecom.utility.tests\bin\debug\ecom.utility.tests.dll" id="b0032b49-7d8c-7fec-62a0-63d2dcec42e1">
      <Execution id="ea84aa4e-2779-4173-b704-790b4e90052b" />
      <TestMethod codeBase="C:/Users/Harry/Dropbox/Code/EComWithCQRS/ECom.Utility.Tests/bin/Debug/ECom.Utility.Tests.DLL" adapterTypeName="Microsoft.VisualStudio.TestTools.TestTypes.Unit.UnitTestAdapter, Microsoft.VisualStudio.QualityTools.Tips.UnitTest.Adapter, Version=10.0.0.0, Culture=neutral, PublicKeyToken=b03f5f7f11d50a3a" className="ECom.Utility.Tests.ArgumentTests, ECom.Utility.Tests, Version=1.0.0.0, Culture=neutral, PublicKeyToken=null" name="Argument_PassedWhiteSpaceStringExpression_ShouldThrowException" />
    </UnitTest>
    <UnitTest name="when_adding_valid_product" storage="c:\users\harry\dropbox\code\ecomwithcqrs\ecom.commandhandlers.tests\bin\debug\ecom.commandhandlers.tests.dll" id="310b6ef3-9d44-0d42-64f9-ba186f06b209">
      <Execution id="f5d34933-2fb8-4e38-a746-8dfa86b9cad5" />
      <TestMethod codeBase="C:/Users/Harry/Dropbox/Code/EComWithCQRS/ECom.CommandHandlers.Tests/bin/Debug/ECom.CommandHandlers.Tests.DLL" adapterTypeName="Microsoft.VisualStudio.TestTools.TestTypes.Unit.UnitTestAdapter, Microsoft.VisualStudio.QualityTools.Tips.UnitTest.Adapter, Version=10.0.0.0, Culture=neutral, PublicKeyToken=b03f5f7f11d50a3a" className="ECom.CommandHandlers.Tests.Specifications.CreateProductSpecs, ECom.CommandHandlers.Tests, Version=1.0.0.0, Culture=neutral, PublicKeyToken=null" name="when_adding_valid_product" />
    </UnitTest>
    <UnitTest name="must_return_true_for_same_single_events" storage="c:\users\harry\dropbox\code\ecomwithcqrs\ecom.commandhandlers.tests\bin\debug\ecom.commandhandlers.tests.dll" id="5dc8ce45-7224-a655-600e-bd4e235d6326">
      <Execution id="0e8beb8e-a5ee-408f-bae6-8bdb83cd2ce1" />
      <TestMethod codeBase="C:/Users/Harry/Dropbox/Code/EComWithCQRS/ECom.CommandHandlers.Tests/bin/Debug/ECom.CommandHandlers.Tests.DLL" adapterTypeName="Microsoft.VisualStudio.TestTools.TestTypes.Unit.UnitTestAdapter, Microsoft.VisualStudio.QualityTools.Tips.UnitTest.Adapter, Version=10.0.0.0, Culture=neutral, PublicKeyToken=b03f5f7f11d50a3a" className="ECom.CommandHandlers.Tests.AssertEventsClass+AreSameMethod, ECom.CommandHandlers.Tests, Version=1.0.0.0, Culture=neutral, PublicKeyToken=null" name="must_return_true_for_same_single_events" />
    </UnitTest>
    <UnitTest name="Argument_PassedFalseCondition_ShouldThrowException" storage="c:\users\harry\dropbox\code\ecomwithcqrs\ecom.utility.tests\bin\debug\ecom.utility.tests.dll" id="33cc7ba4-a102-772e-b938-657f62254a7e">
      <Execution id="7c3f3dba-cca8-415f-a93c-739164ba4fbc" />
      <TestMethod codeBase="C:/Users/Harry/Dropbox/Code/EComWithCQRS/ECom.Utility.Tests/bin/Debug/ECom.Utility.Tests.DLL" adapterTypeName="Microsoft.VisualStudio.TestTools.TestTypes.Unit.UnitTestAdapter, Microsoft.VisualStudio.QualityTools.Tips.UnitTest.Adapter, Version=10.0.0.0, Culture=neutral, PublicKeyToken=b03f5f7f11d50a3a" className="ECom.Utility.Tests.ArgumentTests, ECom.Utility.Tests, Version=1.0.0.0, Culture=neutral, PublicKeyToken=null" name="Argument_PassedFalseCondition_ShouldThrowException" />
    </UnitTest>
    <UnitTest name="must_return_true_for_two_empty_lists_of_events" storage="c:\users\harry\dropbox\code\ecomwithcqrs\ecom.commandhandlers.tests\bin\debug\ecom.commandhandlers.tests.dll" id="5ff7eed9-7672-c9dc-92d4-18f241e1ced6">
      <Execution id="68f7e47c-9a28-4ccf-b498-d39510d6cadb" />
      <TestMethod codeBase="C:/Users/Harry/Dropbox/Code/EComWithCQRS/ECom.CommandHandlers.Tests/bin/Debug/ECom.CommandHandlers.Tests.DLL" adapterTypeName="Microsoft.VisualStudio.TestTools.TestTypes.Unit.UnitTestAdapter, Microsoft.VisualStudio.QualityTools.Tips.UnitTest.Adapter, Version=10.0.0.0, Culture=neutral, PublicKeyToken=b03f5f7f11d50a3a" className="ECom.CommandHandlers.Tests.AssertEventsClass+AreSameMethod, ECom.CommandHandlers.Tests, Version=1.0.0.0, Culture=neutral, PublicKeyToken=null" name="must_return_true_for_two_empty_lists_of_events" />
    </UnitTest>
    <UnitTest name="Argument_PassedNotNullObjectExpression_ShouldNotThrowException" storage="c:\users\harry\dropbox\code\ecomwithcqrs\ecom.utility.tests\bin\debug\ecom.utility.tests.dll" id="c94e2f0a-5d90-c7b2-7de8-84f41c8c74d8">
      <Execution id="2a4840c6-64d9-4d28-9278-010bcbe4818d" />
      <TestMethod codeBase="C:/Users/Harry/Dropbox/Code/EComWithCQRS/ECom.Utility.Tests/bin/Debug/ECom.Utility.Tests.DLL" adapterTypeName="Microsoft.VisualStudio.TestTools.TestTypes.Unit.UnitTestAdapter, Microsoft.VisualStudio.QualityTools.Tips.UnitTest.Adapter, Version=10.0.0.0, Culture=neutral, PublicKeyToken=b03f5f7f11d50a3a" className="ECom.Utility.Tests.ArgumentTests, ECom.Utility.Tests, Version=1.0.0.0, Culture=neutral, PublicKeyToken=null" name="Argument_PassedNotNullObjectExpression_ShouldNotThrowException" />
    </UnitTest>
    <UnitTest name="when_changing_price_of_not_existing_product" storage="c:\users\harry\dropbox\code\ecomwithcqrs\ecom.commandhandlers.tests\bin\debug\ecom.commandhandlers.tests.dll" id="89046cdd-a4cf-135d-dd9f-200e134698bd">
      <Execution id="735fbf2c-2892-4ef2-a2e2-e5b17a4e2d61" />
      <TestMethod codeBase="C:/Users/Harry/Dropbox/Code/EComWithCQRS/ECom.CommandHandlers.Tests/bin/Debug/ECom.CommandHandlers.Tests.DLL" adapterTypeName="Microsoft.VisualStudio.TestTools.TestTypes.Unit.UnitTestAdapter, Microsoft.VisualStudio.QualityTools.Tips.UnitTest.Adapter, Version=10.0.0.0, Culture=neutral, PublicKeyToken=b03f5f7f11d50a3a" className="ECom.CommandHandlers.Tests.Specifications.ChangeProductPriceSpecs, ECom.CommandHandlers.Tests, Version=1.0.0.0, Culture=neutral, PublicKeyToken=null" name="when_changing_price_of_not_existing_product" />
    </UnitTest>
    <UnitTest name="Argument_PassedNullString_ShouldThrowException" storage="c:\users\harry\dropbox\code\ecomwithcqrs\ecom.utility.tests\bin\debug\ecom.utility.tests.dll" id="e64571bc-af6a-966c-4775-36fa2d416269">
      <Execution id="4b48040e-42c5-4775-9b4b-be04184818f6" />
      <TestMethod codeBase="C:/Users/Harry/Dropbox/Code/EComWithCQRS/ECom.Utility.Tests/bin/Debug/ECom.Utility.Tests.DLL" adapterTypeName="Microsoft.VisualStudio.TestTools.TestTypes.Unit.UnitTestAdapter, Microsoft.VisualStudio.QualityTools.Tips.UnitTest.Adapter, Version=10.0.0.0, Culture=neutral, PublicKeyToken=b03f5f7f11d50a3a" className="ECom.Utility.Tests.ArgumentTests, ECom.Utility.Tests, Version=1.0.0.0, Culture=neutral, PublicKeyToken=null" name="Argument_PassedNullString_ShouldThrowException" />
    </UnitTest>
  </TestDefinitions>
  <TestLists>
    <TestList name="Results Not in a List" id="8c84fa94-04c1-424b-9868-57a2d4851a1d" />
    <TestList name="All Loaded Results" id="19431567-8539-422a-85d7-44ee4e166bda" />
  </TestLists>
  <TestEntries>
    <TestEntry testId="a043125e-cfce-1409-16b4-37940b1b0668" executionId="7f66faf8-0e17-4e79-9955-005c3b4a71d7" testListId="8c84fa94-04c1-424b-9868-57a2d4851a1d" />
    <TestEntry testId="63697fcb-a4ce-89d3-f119-958ddc0bc56b" executionId="093d347c-203b-45b1-8f71-cef07bf81446" testListId="8c84fa94-04c1-424b-9868-57a2d4851a1d" />
    <TestEntry testId="e64571bc-af6a-966c-4775-36fa2d416269" executionId="4b48040e-42c5-4775-9b4b-be04184818f6" testListId="8c84fa94-04c1-424b-9868-57a2d4851a1d" />
    <TestEntry testId="30f4accc-0ebe-c8de-e4c7-1581b4516403" executionId="6da63067-7490-48ce-975a-2111de41f8ce" testListId="8c84fa94-04c1-424b-9868-57a2d4851a1d" />
    <TestEntry testId="6c07353f-3558-7dbc-956b-054b7a5ea429" executionId="5f44ce71-3ff3-4636-80d5-ad6a2e585d6b" testListId="8c84fa94-04c1-424b-9868-57a2d4851a1d" />
    <TestEntry testId="0c6770b8-b914-078b-4c5e-6b069bb0caaf" executionId="86a1ab42-e465-47e4-a678-38271acfb3a1" testListId="8c84fa94-04c1-424b-9868-57a2d4851a1d" />
    <TestEntry testId="33df93cd-3a66-5bec-5e7f-956114463e88" executionId="5174d793-5e69-4f77-b4bc-405bb44edd3a" testListId="8c84fa94-04c1-424b-9868-57a2d4851a1d" />
    <TestEntry testId="b0032b49-7d8c-7fec-62a0-63d2dcec42e1" executionId="ea84aa4e-2779-4173-b704-790b4e90052b" testListId="8c84fa94-04c1-424b-9868-57a2d4851a1d" />
    <TestEntry testId="f6dc3825-5fde-f1c3-46eb-a2127c952849" executionId="503c7590-ead5-4fcb-bba2-3fe87f8d156b" testListId="8c84fa94-04c1-424b-9868-57a2d4851a1d" />
    <TestEntry testId="35614b8e-8426-353c-4721-aef5a1b85d42" executionId="ace32f23-254a-44d8-88d5-c14a3ca6adee" testListId="8c84fa94-04c1-424b-9868-57a2d4851a1d" />
    <TestEntry testId="c94e2f0a-5d90-c7b2-7de8-84f41c8c74d8" executionId="2a4840c6-64d9-4d28-9278-010bcbe4818d" testListId="8c84fa94-04c1-424b-9868-57a2d4851a1d" />
    <TestEntry testId="030a41f6-f2c7-d276-5729-c0592bc957ba" executionId="c2286390-2689-4a25-8ea7-37aa5de3d6eb" testListId="8c84fa94-04c1-424b-9868-57a2d4851a1d" />
    <TestEntry testId="33cc7ba4-a102-772e-b938-657f62254a7e" executionId="7c3f3dba-cca8-415f-a93c-739164ba4fbc" testListId="8c84fa94-04c1-424b-9868-57a2d4851a1d" />
    <TestEntry testId="04481d99-8b24-ce0e-4b63-29009813e4cf" executionId="23d4368e-85ee-4e92-a769-36f280eb741c" testListId="8c84fa94-04c1-424b-9868-57a2d4851a1d" />
    <TestEntry testId="5ff7eed9-7672-c9dc-92d4-18f241e1ced6" executionId="68f7e47c-9a28-4ccf-b498-d39510d6cadb" testListId="8c84fa94-04c1-424b-9868-57a2d4851a1d" />
    <TestEntry testId="5dc8ce45-7224-a655-600e-bd4e235d6326" executionId="0e8beb8e-a5ee-408f-bae6-8bdb83cd2ce1" testListId="8c84fa94-04c1-424b-9868-57a2d4851a1d" />
    <TestEntry testId="0118925b-22d8-7f5b-5f82-6edad105c4e7" executionId="653b6926-9145-413b-8677-1cb62e466e2f" testListId="8c84fa94-04c1-424b-9868-57a2d4851a1d" />
    <TestEntry testId="90c28b78-8e02-3570-f3bb-d23a1df37a0c" executionId="64c67510-49b9-477b-8107-a0344a04229d" testListId="8c84fa94-04c1-424b-9868-57a2d4851a1d" />
    <TestEntry testId="1e03cdbf-eb8c-714d-15a7-40151d4cb660" executionId="43ce4843-a56e-4a95-a30d-837cc78950cb" testListId="8c84fa94-04c1-424b-9868-57a2d4851a1d" />
    <TestEntry testId="5137ecfd-80eb-079d-4e25-7ee38a4b3931" executionId="d0ecbe9f-7023-43e8-aa5d-ae7d3449c768" testListId="8c84fa94-04c1-424b-9868-57a2d4851a1d" />
    <TestEntry testId="89046cdd-a4cf-135d-dd9f-200e134698bd" executionId="735fbf2c-2892-4ef2-a2e2-e5b17a4e2d61" testListId="8c84fa94-04c1-424b-9868-57a2d4851a1d" />
    <TestEntry testId="b96a8b8f-f629-e34c-ba70-d9359d5f4aec" executionId="b881673f-9603-4b20-aa71-45a417afd3cd" testListId="8c84fa94-04c1-424b-9868-57a2d4851a1d" />
    <TestEntry testId="310b6ef3-9d44-0d42-64f9-ba186f06b209" executionId="f5d34933-2fb8-4e38-a746-8dfa86b9cad5" testListId="8c84fa94-04c1-424b-9868-57a2d4851a1d" />
    <TestEntry testId="649c4c37-fae5-1328-131f-d26166ae551b" executionId="c727cd6d-e3e7-44f7-9c8f-f1e74e3f75c8" testListId="8c84fa94-04c1-424b-9868-57a2d4851a1d" />
    <TestEntry testId="eb25f9e5-c7e6-0120-3cec-b3334e2cc8ee" executionId="1796278c-88fe-4962-b913-cc966c0c9780" testListId="8c84fa94-04c1-424b-9868-57a2d4851a1d" />
  </TestEntries>
  <Results>
    <UnitTestResult executionId="7f66faf8-0e17-4e79-9955-005c3b4a71d7" testId="a043125e-cfce-1409-16b4-37940b1b0668" testName="Argument_PassedNull_ShouldThrowException" computerName="HARRY-HP" duration="00:00:00.0173043" startTime="2012-04-10T13:55:23.1056909+03:00" endTime="2012-04-10T13:55:23.3237034+03:00" testType="13cdc9d9-ddb5-4fa4-a97d-d965ccfc6d4b" outcome="Passed" testListId="8c84fa94-04c1-424b-9868-57a2d4851a1d" relativeResultsDirectory="7f66faf8-0e17-4e79-9955-005c3b4a71d7">
    </UnitTestResult>
    <UnitTestResult executionId="093d347c-203b-45b1-8f71-cef07bf81446" testId="63697fcb-a4ce-89d3-f119-958ddc0bc56b" testName="Argument_PassedEmptyString_ShouldThrowException" computerName="HARRY-HP" duration="00:00:00.0008778" startTime="2012-04-10T13:55:23.3257035+03:00" endTime="2012-04-10T13:55:23.3357041+03:00" testType="13cdc9d9-ddb5-4fa4-a97d-d965ccfc6d4b" outcome="Passed" testListId="8c84fa94-04c1-424b-9868-57a2d4851a1d" relativeResultsDirectory="093d347c-203b-45b1-8f71-cef07bf81446">
    </UnitTestResult>
    <UnitTestResult executionId="4b48040e-42c5-4775-9b4b-be04184818f6" testId="e64571bc-af6a-966c-4775-36fa2d416269" testName="Argument_PassedNullString_ShouldThrowException" computerName="HARRY-HP" duration="00:00:00.0005328" startTime="2012-04-10T13:55:23.3367041+03:00" endTime="2012-04-10T13:55:23.3417044+03:00" testType="13cdc9d9-ddb5-4fa4-a97d-d965ccfc6d4b" outcome="Passed" testListId="8c84fa94-04c1-424b-9868-57a2d4851a1d" relativeResultsDirectory="4b48040e-42c5-4775-9b4b-be04184818f6">
    </UnitTestResult>
    <UnitTestResult executionId="6da63067-7490-48ce-975a-2111de41f8ce" testId="30f4accc-0ebe-c8de-e4c7-1581b4516403" testName="Argument_PassedWhiteSpaceString_ShouldThrowException" computerName="HARRY-HP" duration="00:00:00.0003884" startTime="2012-04-10T13:55:23.3447046+03:00" endTime="2012-04-10T13:55:23.3477047+03:00" testType="13cdc9d9-ddb5-4fa4-a97d-d965ccfc6d4b" outcome="Passed" testListId="8c84fa94-04c1-424b-9868-57a2d4851a1d" relativeResultsDirectory="6da63067-7490-48ce-975a-2111de41f8ce">
    </UnitTestResult>
    <UnitTestResult executionId="5f44ce71-3ff3-4636-80d5-ad6a2e585d6b" testId="6c07353f-3558-7dbc-956b-054b7a5ea429" testName="Argument_PassedNullExpression_ShouldThrowException" computerName="HARRY-HP" duration="00:00:00.0018891" startTime="2012-04-10T13:55:23.3497049+03:00" endTime="2012-04-10T13:55:23.3547051+03:00" testType="13cdc9d9-ddb5-4fa4-a97d-d965ccfc6d4b" outcome="Passed" testListId="8c84fa94-04c1-424b-9868-57a2d4851a1d" relativeResultsDirectory="5f44ce71-3ff3-4636-80d5-ad6a2e585d6b">
    </UnitTestResult>
    <UnitTestResult executionId="86a1ab42-e465-47e4-a678-38271acfb3a1" testId="0c6770b8-b914-078b-4c5e-6b069bb0caaf" testName="Argument_PassedEmptyStringExpression_ShouldThrowException" computerName="HARRY-HP" duration="00:00:00.0010563" startTime="2012-04-10T13:55:23.3577053+03:00" endTime="2012-04-10T13:55:23.3607055+03:00" testType="13cdc9d9-ddb5-4fa4-a97d-d965ccfc6d4b" outcome="Passed" testListId="8c84fa94-04c1-424b-9868-57a2d4851a1d" relativeResultsDirectory="86a1ab42-e465-47e4-a678-38271acfb3a1">
    </UnitTestResult>
    <UnitTestResult executionId="5174d793-5e69-4f77-b4bc-405bb44edd3a" testId="33df93cd-3a66-5bec-5e7f-956114463e88" testName="Argument_PassedNullStringExpression_ShouldThrowException" computerName="HARRY-HP" duration="00:00:00.0008557" startTime="2012-04-10T13:55:23.3637057+03:00" endTime="2012-04-10T13:55:23.3667058+03:00" testType="13cdc9d9-ddb5-4fa4-a97d-d965ccfc6d4b" outcome="Passed" testListId="8c84fa94-04c1-424b-9868-57a2d4851a1d" relativeResultsDirectory="5174d793-5e69-4f77-b4bc-405bb44edd3a">
    </UnitTestResult>
    <UnitTestResult executionId="ea84aa4e-2779-4173-b704-790b4e90052b" testId="b0032b49-7d8c-7fec-62a0-63d2dcec42e1" testName="Argument_PassedWhiteSpaceStringExpression_ShouldThrowException" computerName="HARRY-HP" duration="00:00:00.0010101" startTime="2012-04-10T13:55:23.3687059+03:00" endTime="2012-04-10T13:55:23.3737062+03:00" testType="13cdc9d9-ddb5-4fa4-a97d-d965ccfc6d4b" outcome="Passed" testListId="8c84fa94-04c1-424b-9868-57a2d4851a1d" relativeResultsDirectory="ea84aa4e-2779-4173-b704-790b4e90052b">
    </UnitTestResult>
    <UnitTestResult executionId="503c7590-ead5-4fcb-bba2-3fe87f8d156b" testId="f6dc3825-5fde-f1c3-46eb-a2127c952849" testName="Argument_PassedEmptyGuidStringExpression_ShouldThrowException" computerName="HARRY-HP" duration="00:00:00.0015840" startTime="2012-04-10T13:55:23.3747063+03:00" endTime="2012-04-10T13:55:23.3787065+03:00" testType="13cdc9d9-ddb5-4fa4-a97d-d965ccfc6d4b" outcome="Passed" testListId="8c84fa94-04c1-424b-9868-57a2d4851a1d" relativeResultsDirectory="503c7590-ead5-4fcb-bba2-3fe87f8d156b">
    </UnitTestResult>
    <UnitTestResult executionId="ace32f23-254a-44d8-88d5-c14a3ca6adee" testId="35614b8e-8426-353c-4721-aef5a1b85d42" testName="Argument_PassedNotEmptyStringExpression_ShouldNotThrowException" computerName="HARRY-HP" duration="00:00:00.0006015" startTime="2012-04-10T13:55:23.3817067+03:00" endTime="2012-04-10T13:55:23.3847069+03:00" testType="13cdc9d9-ddb5-4fa4-a97d-d965ccfc6d4b" outcome="Passed" testListId="8c84fa94-04c1-424b-9868-57a2d4851a1d" relativeResultsDirectory="ace32f23-254a-44d8-88d5-c14a3ca6adee">
    </UnitTestResult>
    <UnitTestResult executionId="2a4840c6-64d9-4d28-9278-010bcbe4818d" testId="c94e2f0a-5d90-c7b2-7de8-84f41c8c74d8" testName="Argument_PassedNotNullObjectExpression_ShouldNotThrowException" computerName="HARRY-HP" duration="00:00:00.0006153" startTime="2012-04-10T13:55:23.3867070+03:00" endTime="2012-04-10T13:55:23.3907072+03:00" testType="13cdc9d9-ddb5-4fa4-a97d-d965ccfc6d4b" outcome="Passed" testListId="8c84fa94-04c1-424b-9868-57a2d4851a1d" relativeResultsDirectory="2a4840c6-64d9-4d28-9278-010bcbe4818d">
    </UnitTestResult>
    <UnitTestResult executionId="c2286390-2689-4a25-8ea7-37aa5de3d6eb" testId="030a41f6-f2c7-d276-5729-c0592bc957ba" testName="Argument_PassedNotEmptyGuidExpression_ShouldNotThrowException" computerName="HARRY-HP" duration="00:00:00.0006153" startTime="2012-04-10T13:55:23.3927073+03:00" endTime="2012-04-10T13:55:23.3967076+03:00" testType="13cdc9d9-ddb5-4fa4-a97d-d965ccfc6d4b" outcome="Passed" testListId="8c84fa94-04c1-424b-9868-57a2d4851a1d" relativeResultsDirectory="c2286390-2689-4a25-8ea7-37aa5de3d6eb">
    </UnitTestResult>
    <UnitTestResult executionId="7c3f3dba-cca8-415f-a93c-739164ba4fbc" testId="33cc7ba4-a102-772e-b938-657f62254a7e" testName="Argument_PassedFalseCondition_ShouldThrowException" computerName="HARRY-HP" duration="00:00:00.0005928" startTime="2012-04-10T13:55:23.3987077+03:00" endTime="2012-04-10T13:55:23.4027079+03:00" testType="13cdc9d9-ddb5-4fa4-a97d-d965ccfc6d4b" outcome="Passed" testListId="8c84fa94-04c1-424b-9868-57a2d4851a1d" relativeResultsDirectory="7c3f3dba-cca8-415f-a93c-739164ba4fbc">
    </UnitTestResult>
    <UnitTestResult executionId="23d4368e-85ee-4e92-a769-36f280eb741c" testId="04481d99-8b24-ce0e-4b63-29009813e4cf" testName="Argument_PassedTrueCondition_ShouldNotThrowException" computerName="HARRY-HP" duration="00:00:00.0002767" startTime="2012-04-10T13:55:23.4057081+03:00" endTime="2012-04-10T13:55:23.4077082+03:00" testType="13cdc9d9-ddb5-4fa4-a97d-d965ccfc6d4b" outcome="Passed" testListId="8c84fa94-04c1-424b-9868-57a2d4851a1d" relativeResultsDirectory="23d4368e-85ee-4e92-a769-36f280eb741c">
    </UnitTestResult>
    <UnitTestResult executionId="68f7e47c-9a28-4ccf-b498-d39510d6cadb" testId="5ff7eed9-7672-c9dc-92d4-18f241e1ced6" testName="must_return_true_for_two_empty_lists_of_events" computerName="HARRY-HP" duration="00:00:00.0104328" startTime="2012-04-10T13:55:23.4107084+03:00" endTime="2012-04-10T13:55:23.6177202+03:00" testType="13cdc9d9-ddb5-4fa4-a97d-d965ccfc6d4b" outcome="Passed" testListId="8c84fa94-04c1-424b-9868-57a2d4851a1d" relativeResultsDirectory="68f7e47c-9a28-4ccf-b498-d39510d6cadb">
    </UnitTestResult>
    <UnitTestResult executionId="0e8beb8e-a5ee-408f-bae6-8bdb83cd2ce1" testId="5dc8ce45-7224-a655-600e-bd4e235d6326" testName="must_return_true_for_same_single_events" computerName="HARRY-HP" duration="00:00:00.0771551" startTime="2012-04-10T13:55:23.6197203+03:00" endTime="2012-04-10T13:55:23.6997249+03:00" testType="13cdc9d9-ddb5-4fa4-a97d-d965ccfc6d4b" outcome="Passed" testListId="8c84fa94-04c1-424b-9868-57a2d4851a1d" relativeResultsDirectory="0e8beb8e-a5ee-408f-bae6-8bdb83cd2ce1">
    </UnitTestResult>
    <UnitTestResult executionId="653b6926-9145-413b-8677-1cb62e466e2f" testId="0118925b-22d8-7f5b-5f82-6edad105c4e7" testName="must_return_true_for_same_event_sets" computerName="HARRY-HP" duration="00:00:00.0020435" startTime="2012-04-10T13:55:23.7037251+03:00" endTime="2012-04-10T13:55:23.7087254+03:00" testType="13cdc9d9-ddb5-4fa4-a97d-d965ccfc6d4b" outcome="Passed" testListId="8c84fa94-04c1-424b-9868-57a2d4851a1d" relativeResultsDirectory="653b6926-9145-413b-8677-1cb62e466e2f">
    </UnitTestResult>
    <UnitTestResult executionId="64c67510-49b9-477b-8107-a0344a04229d" testId="90c28b78-8e02-3570-f3bb-d23a1df37a0c" testName="must_return_false_for_same_single_svents_with_different_property_values" computerName="HARRY-HP" duration="00:00:00.0011076" startTime="2012-04-10T13:55:23.7117256+03:00" endTime="2012-04-10T13:55:23.7147257+03:00" testType="13cdc9d9-ddb5-4fa4-a97d-d965ccfc6d4b" outcome="Passed" testListId="8c84fa94-04c1-424b-9868-57a2d4851a1d" relativeResultsDirectory="64c67510-49b9-477b-8107-a0344a04229d">
    </UnitTestResult>
    <UnitTestResult executionId="43ce4843-a56e-4a95-a30d-837cc78950cb" testId="1e03cdbf-eb8c-714d-15a7-40151d4cb660" testName="must_return_false_for_different_numbers_of_events" computerName="HARRY-HP" duration="00:00:00.0005167" startTime="2012-04-10T13:55:23.7167259+03:00" endTime="2012-04-10T13:55:23.7207261+03:00" testType="13cdc9d9-ddb5-4fa4-a97d-d965ccfc6d4b" outcome="Passed" testListId="8c84fa94-04c1-424b-9868-57a2d4851a1d" relativeResultsDirectory="43ce4843-a56e-4a95-a30d-837cc78950cb">
    </UnitTestResult>
    <UnitTestResult executionId="d0ecbe9f-7023-43e8-aa5d-ae7d3449c768" testId="5137ecfd-80eb-079d-4e25-7ee38a4b3931" testName="when_changing_product_price" computerName="HARRY-HP" duration="00:00:00.0733282" startTime="2012-04-10T13:55:23.7227262+03:00" endTime="2012-04-10T13:55:23.7997306+03:00" testType="13cdc9d9-ddb5-4fa4-a97d-d965ccfc6d4b" outcome="Passed" testListId="8c84fa94-04c1-424b-9868-57a2d4851a1d" relativeResultsDirectory="d0ecbe9f-7023-43e8-aa5d-ae7d3449c768">
    </UnitTestResult>
    <UnitTestResult executionId="735fbf2c-2892-4ef2-a2e2-e5b17a4e2d61" testId="89046cdd-a4cf-135d-dd9f-200e134698bd" testName="when_changing_price_of_not_existing_product" computerName="HARRY-HP" duration="00:00:00.0018848" startTime="2012-04-10T13:55:23.8027308+03:00" endTime="2012-04-10T13:55:23.8077311+03:00" testType="13cdc9d9-ddb5-4fa4-a97d-d965ccfc6d4b" outcome="Passed" testListId="8c84fa94-04c1-424b-9868-57a2d4851a1d" relativeResultsDirectory="735fbf2c-2892-4ef2-a2e2-e5b17a4e2d61">
    </UnitTestResult>
    <UnitTestResult executionId="b881673f-9603-4b20-aa71-45a417afd3cd" testId="b96a8b8f-f629-e34c-ba70-d9359d5f4aec" testName="when_changing_price_of_product_to_negative_value" computerName="HARRY-HP" duration="00:00:00.0017680" startTime="2012-04-10T13:55:23.8097312+03:00" endTime="2012-04-10T13:55:23.8147315+03:00" testType="13cdc9d9-ddb5-4fa4-a97d-d965ccfc6d4b" outcome="Passed" testListId="8c84fa94-04c1-424b-9868-57a2d4851a1d" relativeResultsDirectory="b881673f-9603-4b20-aa71-45a417afd3cd">
    </UnitTestResult>
    <UnitTestResult executionId="f5d34933-2fb8-4e38-a746-8dfa86b9cad5" testId="310b6ef3-9d44-0d42-64f9-ba186f06b209" testName="when_adding_valid_product" computerName="HARRY-HP" duration="00:00:00.0040420" startTime="2012-04-10T13:55:23.8167316+03:00" endTime="2012-04-10T13:55:23.8337325+03:00" testType="13cdc9d9-ddb5-4fa4-a97d-d965ccfc6d4b" outcome="Passed" testListId="8c84fa94-04c1-424b-9868-57a2d4851a1d" relativeResultsDirectory="f5d34933-2fb8-4e38-a746-8dfa86b9cad5">
    </UnitTestResult>
    <UnitTestResult executionId="c727cd6d-e3e7-44f7-9c8f-f1e74e3f75c8" testId="649c4c37-fae5-1328-131f-d26166ae551b" testName="must_split_camel_case" computerName="HARRY-HP" duration="00:00:00.0008668" startTime="2012-04-10T13:55:23.8357327+03:00" endTime="2012-04-10T13:55:23.8407329+03:00" testType="13cdc9d9-ddb5-4fa4-a97d-d965ccfc6d4b" outcome="Passed" testListId="8c84fa94-04c1-424b-9868-57a2d4851a1d" relativeResultsDirectory="c727cd6d-e3e7-44f7-9c8f-f1e74e3f75c8">
    </UnitTestResult>
    <UnitTestResult executionId="1796278c-88fe-4962-b913-cc966c0c9780" testId="eb25f9e5-c7e6-0120-3cec-b3334e2cc8ee" testName="must_not_split_acronyms" computerName="HARRY-HP" duration="00:00:00.0001626" startTime="2012-04-10T13:55:23.8427331+03:00" endTime="2012-04-10T13:55:23.8467333+03:00" testType="13cdc9d9-ddb5-4fa4-a97d-d965ccfc6d4b" outcome="Passed" testListId="8c84fa94-04c1-424b-9868-57a2d4851a1d" relativeResultsDirectory="1796278c-88fe-4962-b913-cc966c0c9780">
    </UnitTestResult>
  </Results>
</TestRun>