<?xml version="1.0" encoding="UTF-8"?>
<TestRun id="e4419e6f-3bae-4478-b9bf-e1fc88ff24aa" name="Harry@HARRY-HP 2012-04-05 22:46:57" runUser="Harry-HP\Harry" xmlns="http://microsoft.com/schemas/VisualStudio/TeamTest/2010">
  <TestSettings name="Local" id="cea19d41-6cbd-46b6-b1ad-ed83a2b7d7fb">
    <Description>These are default test settings for a local test run.</Description>
    <Deployment enabled="false" runDeploymentRoot="Harry_HARRY-HP 2012-04-05 22_46_57">
      <DeploymentItem filename="C:\Users\Harry\Dropbox\Code\EComWithCQRS\ECom.Domain.Catalog\bin\Debug\ECom.Domain.Catalog.dll" />
      <DeploymentItem filename="C:\Users\Harry\Dropbox\Code\EComWithCQRS\ECom.Domain.Order\bin\Debug\ECom.Domain.Order.dll" />
      <DeploymentItem filename="C:\Users\Harry\Dropbox\Code\EComWithCQRS\ECom.CommandHandlers\bin\Debug\ECom.CommandHandlers.dll" />
      <DeploymentItem filename="C:\Users\Harry\Dropbox\Code\EComWithCQRS\ECom.Domain\bin\Debug\ECom.Domain.dll" />
      <DeploymentItem filename="C:\Users\Harry\Dropbox\Code\EComWithCQRS\ECom.Messages\bin\Debug\ECom.Messages.dll" />
      <DeploymentItem filename="C:\Users\Harry\Dropbox\Code\EComWithCQRS\ECom.Utility\bin\Debug\ECom.Utility.dll" />
    </Deployment>
    <Execution>
      <TestTypeSpecific />
      <AgentRule name="Execution Agents">
      </AgentRule>
    </Execution>
  </TestSettings>
  <Times creation="2012-04-05T22:46:57.2748070+03:00" queuing="2012-04-05T22:46:57.3668123+03:00" start="2012-04-05T22:46:57.3878135+03:00" finish="2012-04-05T22:46:57.6708297+03:00" />
  <ResultSummary outcome="Completed">
    <Counters total="5" executed="5" passed="5" error="0" failed="0" timeout="0" aborted="0" inconclusive="0" passedButRunAborted="0" notRunnable="0" notExecuted="0" disconnected="0" warning="0" completed="0" inProgress="0" pending="0" />
  </ResultSummary>
  <TestDefinitions>
    <UnitTest name="must_return_false_for_same_single_svents_with_different_property_values" storage="c:\users\harry\dropbox\code\ecomwithcqrs\ecom.commandhandlers.tests\bin\debug\ecom.commandhandlers.tests.dll" id="90c28b78-8e02-3570-f3bb-d23a1df37a0c">
      <Execution id="f8440628-5a32-477a-a118-3747cb6ef53a" />
      <TestMethod codeBase="C:/Users/Harry/Dropbox/Code/EComWithCQRS/ECom.CommandHandlers.Tests/bin/Debug/ECom.CommandHandlers.Tests.DLL" adapterTypeName="Microsoft.VisualStudio.TestTools.TestTypes.Unit.UnitTestAdapter, Microsoft.VisualStudio.QualityTools.Tips.UnitTest.Adapter, Version=10.0.0.0, Culture=neutral, PublicKeyToken=b03f5f7f11d50a3a" className="ECom.CommandHandlers.Tests.AssertEventsClass+AreSameMethod, ECom.CommandHandlers.Tests, Version=1.0.0.0, Culture=neutral, PublicKeyToken=null" name="must_return_false_for_same_single_svents_with_different_property_values" />
    </UnitTest>
    <UnitTest name="must_return_false_for_different_numbers_of_events" storage="c:\users\harry\dropbox\code\ecomwithcqrs\ecom.commandhandlers.tests\bin\debug\ecom.commandhandlers.tests.dll" id="1e03cdbf-eb8c-714d-15a7-40151d4cb660">
      <Execution id="7f94d60a-dd93-4730-8d1b-379e03deb159" />
      <TestMethod codeBase="C:/Users/Harry/Dropbox/Code/EComWithCQRS/ECom.CommandHandlers.Tests/bin/Debug/ECom.CommandHandlers.Tests.DLL" adapterTypeName="Microsoft.VisualStudio.TestTools.TestTypes.Unit.UnitTestAdapter, Microsoft.VisualStudio.QualityTools.Tips.UnitTest.Adapter, Version=10.0.0.0, Culture=neutral, PublicKeyToken=b03f5f7f11d50a3a" className="ECom.CommandHandlers.Tests.AssertEventsClass+AreSameMethod, ECom.CommandHandlers.Tests, Version=1.0.0.0, Culture=neutral, PublicKeyToken=null" name="must_return_false_for_different_numbers_of_events" />
    </UnitTest>
    <UnitTest name="must_return_true_for_two_empty_lists_of_events" storage="c:\users\harry\dropbox\code\ecomwithcqrs\ecom.commandhandlers.tests\bin\debug\ecom.commandhandlers.tests.dll" id="5ff7eed9-7672-c9dc-92d4-18f241e1ced6">
      <Execution id="a8af63a7-48f1-4501-a9bb-58893708b83f" />
      <TestMethod codeBase="C:/Users/Harry/Dropbox/Code/EComWithCQRS/ECom.CommandHandlers.Tests/bin/Debug/ECom.CommandHandlers.Tests.DLL" adapterTypeName="Microsoft.VisualStudio.TestTools.TestTypes.Unit.UnitTestAdapter, Microsoft.VisualStudio.QualityTools.Tips.UnitTest.Adapter, Version=10.0.0.0, Culture=neutral, PublicKeyToken=b03f5f7f11d50a3a" className="ECom.CommandHandlers.Tests.AssertEventsClass+AreSameMethod, ECom.CommandHandlers.Tests, Version=1.0.0.0, Culture=neutral, PublicKeyToken=null" name="must_return_true_for_two_empty_lists_of_events" />
    </UnitTest>
    <UnitTest name="must_return_true_for_same_event_sets" storage="c:\users\harry\dropbox\code\ecomwithcqrs\ecom.commandhandlers.tests\bin\debug\ecom.commandhandlers.tests.dll" id="0118925b-22d8-7f5b-5f82-6edad105c4e7">
      <Execution id="c544f71c-65dd-4419-b9f0-d8d732ab5e95" />
      <TestMethod codeBase="C:/Users/Harry/Dropbox/Code/EComWithCQRS/ECom.CommandHandlers.Tests/bin/Debug/ECom.CommandHandlers.Tests.DLL" adapterTypeName="Microsoft.VisualStudio.TestTools.TestTypes.Unit.UnitTestAdapter, Microsoft.VisualStudio.QualityTools.Tips.UnitTest.Adapter, Version=10.0.0.0, Culture=neutral, PublicKeyToken=b03f5f7f11d50a3a" className="ECom.CommandHandlers.Tests.AssertEventsClass+AreSameMethod, ECom.CommandHandlers.Tests, Version=1.0.0.0, Culture=neutral, PublicKeyToken=null" name="must_return_true_for_same_event_sets" />
    </UnitTest>
    <UnitTest name="must_return_true_for_same_single_events" storage="c:\users\harry\dropbox\code\ecomwithcqrs\ecom.commandhandlers.tests\bin\debug\ecom.commandhandlers.tests.dll" id="5dc8ce45-7224-a655-600e-bd4e235d6326">
      <Execution id="ddda5201-884c-4865-962b-21987b3e3553" />
      <TestMethod codeBase="C:/Users/Harry/Dropbox/Code/EComWithCQRS/ECom.CommandHandlers.Tests/bin/Debug/ECom.CommandHandlers.Tests.DLL" adapterTypeName="Microsoft.VisualStudio.TestTools.TestTypes.Unit.UnitTestAdapter, Microsoft.VisualStudio.QualityTools.Tips.UnitTest.Adapter, Version=10.0.0.0, Culture=neutral, PublicKeyToken=b03f5f7f11d50a3a" className="ECom.CommandHandlers.Tests.AssertEventsClass+AreSameMethod, ECom.CommandHandlers.Tests, Version=1.0.0.0, Culture=neutral, PublicKeyToken=null" name="must_return_true_for_same_single_events" />
    </UnitTest>
  </TestDefinitions>
  <TestLists>
    <TestList name="Results Not in a List" id="8c84fa94-04c1-424b-9868-57a2d4851a1d" />
    <TestList name="All Loaded Results" id="19431567-8539-422a-85d7-44ee4e166bda" />
  </TestLists>
  <TestEntries>
    <TestEntry testId="5ff7eed9-7672-c9dc-92d4-18f241e1ced6" executionId="a8af63a7-48f1-4501-a9bb-58893708b83f" testListId="8c84fa94-04c1-424b-9868-57a2d4851a1d" />
    <TestEntry testId="5dc8ce45-7224-a655-600e-bd4e235d6326" executionId="ddda5201-884c-4865-962b-21987b3e3553" testListId="8c84fa94-04c1-424b-9868-57a2d4851a1d" />
    <TestEntry testId="0118925b-22d8-7f5b-5f82-6edad105c4e7" executionId="c544f71c-65dd-4419-b9f0-d8d732ab5e95" testListId="8c84fa94-04c1-424b-9868-57a2d4851a1d" />
    <TestEntry testId="90c28b78-8e02-3570-f3bb-d23a1df37a0c" executionId="f8440628-5a32-477a-a118-3747cb6ef53a" testListId="8c84fa94-04c1-424b-9868-57a2d4851a1d" />
    <TestEntry testId="1e03cdbf-eb8c-714d-15a7-40151d4cb660" executionId="7f94d60a-dd93-4730-8d1b-379e03deb159" testListId="8c84fa94-04c1-424b-9868-57a2d4851a1d" />
  </TestEntries>
  <Results>
    <UnitTestResult executionId="a8af63a7-48f1-4501-a9bb-58893708b83f" testId="5ff7eed9-7672-c9dc-92d4-18f241e1ced6" testName="must_return_true_for_two_empty_lists_of_events" computerName="HARRY-HP" duration="00:00:00.0123942" startTime="2012-04-05T22:46:57.3928138+03:00" endTime="2012-04-05T22:46:57.5908251+03:00" testType="13cdc9d9-ddb5-4fa4-a97d-d965ccfc6d4b" outcome="Passed" testListId="8c84fa94-04c1-424b-9868-57a2d4851a1d" relativeResultsDirectory="a8af63a7-48f1-4501-a9bb-58893708b83f">
    </UnitTestResult>
    <UnitTestResult executionId="ddda5201-884c-4865-962b-21987b3e3553" testId="5dc8ce45-7224-a655-600e-bd4e235d6326" testName="must_return_true_for_same_single_events" computerName="HARRY-HP" duration="00:00:00.0064894" startTime="2012-04-05T22:46:57.5938253+03:00" endTime="2012-04-05T22:46:57.6048259+03:00" testType="13cdc9d9-ddb5-4fa4-a97d-d965ccfc6d4b" outcome="Passed" testListId="8c84fa94-04c1-424b-9868-57a2d4851a1d" relativeResultsDirectory="ddda5201-884c-4865-962b-21987b3e3553">
    </UnitTestResult>
    <UnitTestResult executionId="c544f71c-65dd-4419-b9f0-d8d732ab5e95" testId="0118925b-22d8-7f5b-5f82-6edad105c4e7" testName="must_return_true_for_same_event_sets" computerName="HARRY-HP" duration="00:00:00.0024797" startTime="2012-04-05T22:46:57.6068260+03:00" endTime="2012-04-05T22:46:57.6128264+03:00" testType="13cdc9d9-ddb5-4fa4-a97d-d965ccfc6d4b" outcome="Passed" testListId="8c84fa94-04c1-424b-9868-57a2d4851a1d" relativeResultsDirectory="c544f71c-65dd-4419-b9f0-d8d732ab5e95">
    </UnitTestResult>
    <UnitTestResult executionId="f8440628-5a32-477a-a118-3747cb6ef53a" testId="90c28b78-8e02-3570-f3bb-d23a1df37a0c" testName="must_return_false_for_same_single_svents_with_different_property_values" computerName="HARRY-HP" duration="00:00:00.0014798" startTime="2012-04-05T22:46:57.6158265+03:00" endTime="2012-04-05T22:46:57.6218269+03:00" testType="13cdc9d9-ddb5-4fa4-a97d-d965ccfc6d4b" outcome="Passed" testListId="8c84fa94-04c1-424b-9868-57a2d4851a1d" relativeResultsDirectory="f8440628-5a32-477a-a118-3747cb6ef53a">
    </UnitTestResult>
    <UnitTestResult executionId="7f94d60a-dd93-4730-8d1b-379e03deb159" testId="1e03cdbf-eb8c-714d-15a7-40151d4cb660" testName="must_return_false_for_different_numbers_of_events" computerName="HARRY-HP" duration="00:00:00.0006307" startTime="2012-04-05T22:46:57.6278272+03:00" endTime="2012-04-05T22:46:57.6548288+03:00" testType="13cdc9d9-ddb5-4fa4-a97d-d965ccfc6d4b" outcome="Passed" testListId="8c84fa94-04c1-424b-9868-57a2d4851a1d" relativeResultsDirectory="7f94d60a-dd93-4730-8d1b-379e03deb159">
    </UnitTestResult>
  </Results>
</TestRun>