<?xml version="1.0" encoding="UTF-8"?>
<TestRun id="7e9b53aa-41a5-473c-b2a2-2618c2336bec" name="Harry@HARRY-HP 2012-04-12 19:18:01" runUser="Harry-HP\Harry" xmlns="http://microsoft.com/schemas/VisualStudio/TeamTest/2010">
  <TestSettings name="Local" id="cea19d41-6cbd-46b6-b1ad-ed83a2b7d7fb">
    <Description>These are default test settings for a local test run.</Description>
    <Deployment enabled="false" runDeploymentRoot="Harry_HARRY-HP 2012-04-12 19_18_01">
      <DeploymentItem filename="C:\Users\Harry\Dropbox\Code\EComWithCQRS\ECom.CommandHandlers\bin\Debug\ECom.CommandHandlers.dll" />
      <DeploymentItem filename="C:\Users\Harry\Dropbox\Code\EComWithCQRS\ECom.Domain\bin\Debug\ECom.Domain.dll" />
      <DeploymentItem filename="C:\Users\Harry\Dropbox\Code\EComWithCQRS\ECom.Utility\bin\Debug\ECom.Utility.dll" />
      <DeploymentItem filename="C:\Users\Harry\Dropbox\Code\EComWithCQRS\ECom.Infrustructure\bin\Debug\ECom.Infrastructure.dll" />
      <DeploymentItem filename="C:\Users\Harry\Dropbox\Code\EComWithCQRS\ECom.Domain.Catalog\bin\Debug\ECom.Domain.Catalog.dll" />
      <DeploymentItem filename="C:\Users\Harry\Dropbox\Code\EComWithCQRS\ECom.Messages\bin\Debug\ECom.Messages.dll" />
      <DeploymentItem filename="C:\Users\Harry\Dropbox\Code\EComWithCQRS\ECom.Bus\bin\Debug\ECom.Bus.dll" />
      <DeploymentItem filename="C:\Users\Harry\Dropbox\Code\EComWithCQRS\ECom.Domain.Order\bin\Debug\ECom.Domain.Order.dll" />
    </Deployment>
    <Execution>
      <TestTypeSpecific />
      <AgentRule name="Execution Agents">
      </AgentRule>
    </Execution>
  </TestSettings>
  <Times creation="2012-04-12T19:18:01.7526467+03:00" queuing="2012-04-12T19:18:02.5956949+03:00" start="2012-04-12T19:18:02.6346971+03:00" finish="2012-04-12T19:18:02.9837171+03:00" />
  <ResultSummary outcome="Completed">
    <Counters total="1" executed="1" passed="1" error="0" failed="0" timeout="0" aborted="0" inconclusive="0" passedButRunAborted="0" notRunnable="0" notExecuted="0" disconnected="0" warning="0" completed="0" inProgress="0" pending="0" />
  </ResultSummary>
  <TestDefinitions>
    <UnitTest name="when_adding_valid_product" storage="c:\users\harry\dropbox\code\ecomwithcqrs\ecom.commandhandlers.tests\bin\debug\ecom.commandhandlers.tests.dll" id="310b6ef3-9d44-0d42-64f9-ba186f06b209">
      <Execution id="29e35f45-f2fa-42b9-9a4b-f89d1fa9721b" />
      <TestMethod codeBase="C:/Users/Harry/Dropbox/Code/EComWithCQRS/ECom.CommandHandlers.Tests/bin/Debug/ECom.CommandHandlers.Tests.DLL" adapterTypeName="Microsoft.VisualStudio.TestTools.TestTypes.Unit.UnitTestAdapter, Microsoft.VisualStudio.QualityTools.Tips.UnitTest.Adapter, Version=10.0.0.0, Culture=neutral, PublicKeyToken=b03f5f7f11d50a3a" className="ECom.CommandHandlers.Tests.Specifications.CreateProductSpecs, ECom.CommandHandlers.Tests, Version=1.0.0.0, Culture=neutral, PublicKeyToken=null" name="when_adding_valid_product" />
    </UnitTest>
  </TestDefinitions>
  <TestLists>
    <TestList name="Results Not in a List" id="8c84fa94-04c1-424b-9868-57a2d4851a1d" />
    <TestList name="All Loaded Results" id="19431567-8539-422a-85d7-44ee4e166bda" />
  </TestLists>
  <TestEntries>
    <TestEntry testId="310b6ef3-9d44-0d42-64f9-ba186f06b209" executionId="29e35f45-f2fa-42b9-9a4b-f89d1fa9721b" testListId="8c84fa94-04c1-424b-9868-57a2d4851a1d" />
  </TestEntries>
  <Results>
    <UnitTestResult executionId="29e35f45-f2fa-42b9-9a4b-f89d1fa9721b" testId="310b6ef3-9d44-0d42-64f9-ba186f06b209" testName="when_adding_valid_product" computerName="HARRY-HP" duration="00:00:00.0764062" startTime="2012-04-12T19:18:02.6536982+03:00" endTime="2012-04-12T19:18:02.9607158+03:00" testType="13cdc9d9-ddb5-4fa4-a97d-d965ccfc6d4b" outcome="Passed" testListId="8c84fa94-04c1-424b-9868-57a2d4851a1d" relativeResultsDirectory="29e35f45-f2fa-42b9-9a4b-f89d1fa9721b">
    </UnitTestResult>
  </Results>
</TestRun>