<?xml version="1.0" encoding="UTF-8"?>
<TestRun id="4bfbe8ac-1961-4e0d-8016-c8d81b91e8a5" name="Harry@HARRY-HP 2012-03-03 18:45:06" runUser="Harry-HP\Harry" xmlns="http://microsoft.com/schemas/VisualStudio/TeamTest/2010">
  <TestSettings name="Local" id="cea19d41-6cbd-46b6-b1ad-ed83a2b7d7fb">
    <Description>These are default test settings for a local test run.</Description>
    <Deployment enabled="false" runDeploymentRoot="Harry_HARRY-HP 2012-03-03 18_45_06">
      <DeploymentItem filename="C:\Users\Harry\Dropbox\Code\EComWithCQRS\ECom.Domain.Catalog\bin\Debug\ECom.Domain.Catalog.dll" />
      <DeploymentItem filename="C:\Users\Harry\Dropbox\Code\EComWithCQRS\ECom.Domain.Order\bin\Debug\ECom.Domain.Order.dll" />
      <DeploymentItem filename="C:\Users\Harry\Dropbox\Code\EComWithCQRS\ECom.CommandHandlers\bin\Debug\ECom.CommandHandlers.dll" />
      <DeploymentItem filename="C:\Users\Harry\Dropbox\Code\EComWithCQRS\ECom.Domain\bin\Debug\ECom.Domain.dll" />
      <DeploymentItem filename="C:\Users\Harry\Dropbox\Code\EComWithCQRS\ECom.Messages\bin\Debug\ECom.Messages.dll" />
      <DeploymentItem filename="C:\Users\Harry\Dropbox\Code\EComWithCQRS\ECom.Utility\bin\Debug\ECom.Utility.dll" />
    </Deployment>
    <Execution>
      <TestTypeSpecific />
      <AgentRule name="Execution Agents">
      </AgentRule>
    </Execution>
  </TestSettings>
  <Times creation="2012-03-03T18:45:06.8327563+02:00" queuing="2012-03-03T18:45:08.4308477+02:00" start="2012-03-03T18:45:08.6508603+02:00" finish="2012-03-03T18:45:34.2283233+02:00" />
  <ResultSummary outcome="Error">
    <Counters total="1" executed="1" error="0" failed="0" timeout="0" aborted="1" inconclusive="0" passedButRunAborted="0" notRunnable="0" notExecuted="0" disconnected="0" warning="0" passed="0" completed="0" inProgress="0" pending="0" />
    <RunInfos>
      <RunInfo computerName="HARRY-HP" outcome="Error" timestamp="2012-03-03T18:45:34.2263232+02:00">
        <Text>Test host process exited unexpectedly.</Text>
      </RunInfo>
    </RunInfos>
  </ResultSummary>
  <TestDefinitions>
    <UnitTest name="when_changing_price_of_not_existing_product" storage="c:\users\harry\dropbox\code\ecomwithcqrs\ecom.commandhandlers.tests\bin\debug\ecom.commandhandlers.tests.dll" id="aed6500c-3dca-8cc4-3690-70265701d3d7">
      <Execution id="f44ef884-5c65-4d55-9a7e-7f718292cf9e" />
      <TestMethod codeBase="C:/Users/Harry/Dropbox/Code/EComWithCQRS/ECom.CommandHandlers.Tests/bin/Debug/ECom.CommandHandlers.Tests.DLL" adapterTypeName="Microsoft.VisualStudio.TestTools.TestTypes.Unit.UnitTestAdapter, Microsoft.VisualStudio.QualityTools.Tips.UnitTest.Adapter, Version=10.0.0.0, Culture=neutral, PublicKeyToken=b03f5f7f11d50a3a" className="ECom.CommandHandlers.Tests.Specifications.ChangeProductPriceTests, ECom.CommandHandlers.Tests, Version=1.0.0.0, Culture=neutral, PublicKeyToken=null" name="when_changing_price_of_not_existing_product" />
    </UnitTest>
  </TestDefinitions>
  <TestLists>
    <TestList name="Results Not in a List" id="8c84fa94-04c1-424b-9868-57a2d4851a1d" />
    <TestList name="All Loaded Results" id="19431567-8539-422a-85d7-44ee4e166bda" />
  </TestLists>
  <TestEntries>
    <TestEntry testId="aed6500c-3dca-8cc4-3690-70265701d3d7" executionId="f44ef884-5c65-4d55-9a7e-7f718292cf9e" testListId="8c84fa94-04c1-424b-9868-57a2d4851a1d" />
  </TestEntries>
  <Results>
    <UnitTestResult executionId="f44ef884-5c65-4d55-9a7e-7f718292cf9e" testId="aed6500c-3dca-8cc4-3690-70265701d3d7" testName="when_changing_price_of_not_existing_product" computerName="HARRY-HP" duration="00:00:25.4124535" startTime="2012-03-03T18:45:08.8158698+02:00" endTime="2012-03-03T18:45:34.2283233+02:00" testType="13cdc9d9-ddb5-4fa4-a97d-d965ccfc6d4b" outcome="Aborted" testListId="8c84fa94-04c1-424b-9868-57a2d4851a1d" relativeResultsDirectory="f44ef884-5c65-4d55-9a7e-7f718292cf9e">
    </UnitTestResult>
  </Results>
</TestRun>