<?xml version="1.0" encoding="UTF-8"?>
<TestRun id="d8bd7bec-096e-43ad-87b1-3bf4e1b67070" name="Harry@HARRY-HP 2012-04-05 22:26:48" runUser="Harry-HP\Harry" xmlns="http://microsoft.com/schemas/VisualStudio/TeamTest/2010">
  <TestSettings name="Local" id="cea19d41-6cbd-46b6-b1ad-ed83a2b7d7fb">
    <Description>These are default test settings for a local test run.</Description>
    <Deployment enabled="false" runDeploymentRoot="Harry_HARRY-HP 2012-04-05 22_26_48">
      <DeploymentItem filename="C:\Users\Harry\Dropbox\Code\EComWithCQRS\ECom.Domain.Catalog\bin\Debug\ECom.Domain.Catalog.dll" />
      <DeploymentItem filename="C:\Users\Harry\Dropbox\Code\EComWithCQRS\ECom.Domain.Order\bin\Debug\ECom.Domain.Order.dll" />
      <DeploymentItem filename="C:\Users\Harry\Dropbox\Code\EComWithCQRS\ECom.CommandHandlers\bin\Debug\ECom.CommandHandlers.dll" />
      <DeploymentItem filename="C:\Users\Harry\Dropbox\Code\EComWithCQRS\ECom.Domain\bin\Debug\ECom.Domain.dll" />
      <DeploymentItem filename="C:\Users\Harry\Dropbox\Code\EComWithCQRS\ECom.Messages\bin\Debug\ECom.Messages.dll" />
      <DeploymentItem filename="C:\Users\Harry\Dropbox\Code\EComWithCQRS\ECom.Utility\bin\Debug\ECom.Utility.dll" />
    </Deployment>
    <Execution>
      <TestTypeSpecific />
      <AgentRule name="Execution Agents">
      </AgentRule>
    </Execution>
  </TestSettings>
  <Times creation="2012-04-05T22:26:48.6516777+03:00" queuing="2012-04-05T22:26:48.7056808+03:00" start="2012-04-05T22:26:48.7306823+03:00" finish="2012-04-05T22:26:49.0206989+03:00" />
  <ResultSummary outcome="Completed">
    <Counters total="4" executed="4" passed="4" error="0" failed="0" timeout="0" aborted="0" inconclusive="0" passedButRunAborted="0" notRunnable="0" notExecuted="0" disconnected="0" warning="0" completed="0" inProgress="0" pending="0" />
  </ResultSummary>
  <TestDefinitions>
    <UnitTest name="when_changing_price_of_product_to_negative_value" storage="c:\users\harry\dropbox\code\ecomwithcqrs\ecom.commandhandlers.tests\bin\debug\ecom.commandhandlers.tests.dll" id="b96a8b8f-f629-e34c-ba70-d9359d5f4aec">
      <Execution id="ee369a4b-3720-4f80-ad67-5c46cac588b7" />
      <TestMethod codeBase="C:/Users/Harry/Dropbox/Code/EComWithCQRS/ECom.CommandHandlers.Tests/bin/Debug/ECom.CommandHandlers.Tests.DLL" adapterTypeName="Microsoft.VisualStudio.TestTools.TestTypes.Unit.UnitTestAdapter, Microsoft.VisualStudio.QualityTools.Tips.UnitTest.Adapter, Version=10.0.0.0, Culture=neutral, PublicKeyToken=b03f5f7f11d50a3a" className="ECom.CommandHandlers.Tests.Specifications.ChangeProductPriceSpecs, ECom.CommandHandlers.Tests, Version=1.0.0.0, Culture=neutral, PublicKeyToken=null" name="when_changing_price_of_product_to_negative_value" />
    </UnitTest>
    <UnitTest name="when_adding_valid_product" storage="c:\users\harry\dropbox\code\ecomwithcqrs\ecom.commandhandlers.tests\bin\debug\ecom.commandhandlers.tests.dll" id="310b6ef3-9d44-0d42-64f9-ba186f06b209">
      <Execution id="8d262849-a055-4e4a-9d07-18f2cfb4782e" />
      <TestMethod codeBase="C:/Users/Harry/Dropbox/Code/EComWithCQRS/ECom.CommandHandlers.Tests/bin/Debug/ECom.CommandHandlers.Tests.DLL" adapterTypeName="Microsoft.VisualStudio.TestTools.TestTypes.Unit.UnitTestAdapter, Microsoft.VisualStudio.QualityTools.Tips.UnitTest.Adapter, Version=10.0.0.0, Culture=neutral, PublicKeyToken=b03f5f7f11d50a3a" className="ECom.CommandHandlers.Tests.Specifications.CreateProductSpecs, ECom.CommandHandlers.Tests, Version=1.0.0.0, Culture=neutral, PublicKeyToken=null" name="when_adding_valid_product" />
    </UnitTest>
    <UnitTest name="when_changing_product_price" storage="c:\users\harry\dropbox\code\ecomwithcqrs\ecom.commandhandlers.tests\bin\debug\ecom.commandhandlers.tests.dll" id="5137ecfd-80eb-079d-4e25-7ee38a4b3931">
      <Execution id="4049df5c-ad0a-429a-a9f1-f406a7316f09" />
      <TestMethod codeBase="C:/Users/Harry/Dropbox/Code/EComWithCQRS/ECom.CommandHandlers.Tests/bin/Debug/ECom.CommandHandlers.Tests.DLL" adapterTypeName="Microsoft.VisualStudio.TestTools.TestTypes.Unit.UnitTestAdapter, Microsoft.VisualStudio.QualityTools.Tips.UnitTest.Adapter, Version=10.0.0.0, Culture=neutral, PublicKeyToken=b03f5f7f11d50a3a" className="ECom.CommandHandlers.Tests.Specifications.ChangeProductPriceSpecs, ECom.CommandHandlers.Tests, Version=1.0.0.0, Culture=neutral, PublicKeyToken=null" name="when_changing_product_price" />
    </UnitTest>
    <UnitTest name="when_changing_price_of_not_existing_product" storage="c:\users\harry\dropbox\code\ecomwithcqrs\ecom.commandhandlers.tests\bin\debug\ecom.commandhandlers.tests.dll" id="89046cdd-a4cf-135d-dd9f-200e134698bd">
      <Execution id="da2801dc-3087-427b-8263-f98159fb4ca7" />
      <TestMethod codeBase="C:/Users/Harry/Dropbox/Code/EComWithCQRS/ECom.CommandHandlers.Tests/bin/Debug/ECom.CommandHandlers.Tests.DLL" adapterTypeName="Microsoft.VisualStudio.TestTools.TestTypes.Unit.UnitTestAdapter, Microsoft.VisualStudio.QualityTools.Tips.UnitTest.Adapter, Version=10.0.0.0, Culture=neutral, PublicKeyToken=b03f5f7f11d50a3a" className="ECom.CommandHandlers.Tests.Specifications.ChangeProductPriceSpecs, ECom.CommandHandlers.Tests, Version=1.0.0.0, Culture=neutral, PublicKeyToken=null" name="when_changing_price_of_not_existing_product" />
    </UnitTest>
  </TestDefinitions>
  <TestLists>
    <TestList name="Results Not in a List" id="8c84fa94-04c1-424b-9868-57a2d4851a1d" />
    <TestList name="All Loaded Results" id="19431567-8539-422a-85d7-44ee4e166bda" />
  </TestLists>
  <TestEntries>
    <TestEntry testId="5137ecfd-80eb-079d-4e25-7ee38a4b3931" executionId="4049df5c-ad0a-429a-a9f1-f406a7316f09" testListId="8c84fa94-04c1-424b-9868-57a2d4851a1d" />
    <TestEntry testId="89046cdd-a4cf-135d-dd9f-200e134698bd" executionId="da2801dc-3087-427b-8263-f98159fb4ca7" testListId="8c84fa94-04c1-424b-9868-57a2d4851a1d" />
    <TestEntry testId="b96a8b8f-f629-e34c-ba70-d9359d5f4aec" executionId="ee369a4b-3720-4f80-ad67-5c46cac588b7" testListId="8c84fa94-04c1-424b-9868-57a2d4851a1d" />
    <TestEntry testId="310b6ef3-9d44-0d42-64f9-ba186f06b209" executionId="8d262849-a055-4e4a-9d07-18f2cfb4782e" testListId="8c84fa94-04c1-424b-9868-57a2d4851a1d" />
  </TestEntries>
  <Results>
    <UnitTestResult executionId="4049df5c-ad0a-429a-a9f1-f406a7316f09" testId="5137ecfd-80eb-079d-4e25-7ee38a4b3931" testName="when_changing_product_price" computerName="HARRY-HP" duration="00:00:00.0420102" startTime="2012-04-05T22:26:48.7506834+03:00" endTime="2012-04-05T22:26:48.9706960+03:00" testType="13cdc9d9-ddb5-4fa4-a97d-d965ccfc6d4b" outcome="Passed" testListId="8c84fa94-04c1-424b-9868-57a2d4851a1d" relativeResultsDirectory="4049df5c-ad0a-429a-a9f1-f406a7316f09">
    </UnitTestResult>
    <UnitTestResult executionId="da2801dc-3087-427b-8263-f98159fb4ca7" testId="89046cdd-a4cf-135d-dd9f-200e134698bd" testName="when_changing_price_of_not_existing_product" computerName="HARRY-HP" duration="00:00:00.0021883" startTime="2012-04-05T22:26:48.9726961+03:00" endTime="2012-04-05T22:26:48.9796965+03:00" testType="13cdc9d9-ddb5-4fa4-a97d-d965ccfc6d4b" outcome="Passed" testListId="8c84fa94-04c1-424b-9868-57a2d4851a1d" relativeResultsDirectory="da2801dc-3087-427b-8263-f98159fb4ca7">
    </UnitTestResult>
    <UnitTestResult executionId="ee369a4b-3720-4f80-ad67-5c46cac588b7" testId="b96a8b8f-f629-e34c-ba70-d9359d5f4aec" testName="when_changing_price_of_product_to_negative_value" computerName="HARRY-HP" duration="00:00:00.0020719" startTime="2012-04-05T22:26:48.9836967+03:00" endTime="2012-04-05T22:26:48.9896971+03:00" testType="13cdc9d9-ddb5-4fa4-a97d-d965ccfc6d4b" outcome="Passed" testListId="8c84fa94-04c1-424b-9868-57a2d4851a1d" relativeResultsDirectory="ee369a4b-3720-4f80-ad67-5c46cac588b7">
    </UnitTestResult>
    <UnitTestResult executionId="8d262849-a055-4e4a-9d07-18f2cfb4782e" testId="310b6ef3-9d44-0d42-64f9-ba186f06b209" testName="when_adding_valid_product" computerName="HARRY-HP" duration="00:00:00.0054733" startTime="2012-04-05T22:26:48.9936973+03:00" endTime="2012-04-05T22:26:49.0046979+03:00" testType="13cdc9d9-ddb5-4fa4-a97d-d965ccfc6d4b" outcome="Passed" testListId="8c84fa94-04c1-424b-9868-57a2d4851a1d" relativeResultsDirectory="8d262849-a055-4e4a-9d07-18f2cfb4782e">
    </UnitTestResult>
  </Results>
</TestRun>