<?xml version="1.0" encoding="UTF-8"?>
<TestRun id="35c1168f-3065-4249-8aed-7471951bfa50" name="Harry@HARRY-HP 2012-04-05 22:02:10" runUser="Harry-HP\Harry" xmlns="http://microsoft.com/schemas/VisualStudio/TeamTest/2010">
  <TestSettings name="Local" id="cea19d41-6cbd-46b6-b1ad-ed83a2b7d7fb">
    <Description>These are default test settings for a local test run.</Description>
    <Deployment enabled="false" runDeploymentRoot="Harry_HARRY-HP 2012-04-05 22_02_10">
      <DeploymentItem filename="C:\Users\Harry\Dropbox\Code\EComWithCQRS\ECom.Utility\bin\Debug\ECom.Utility.dll" />
    </Deployment>
    <Execution>
      <TestTypeSpecific />
      <AgentRule name="Execution Agents">
      </AgentRule>
    </Execution>
  </TestSettings>
  <Times creation="2012-04-05T22:02:10.8371516+03:00" queuing="2012-04-05T22:02:10.8861544+03:00" start="2012-04-05T22:02:10.9041554+03:00" finish="2012-04-05T22:02:11.1221679+03:00" />
  <ResultSummary outcome="Failed">
    <Counters total="1" executed="1" error="0" failed="1" timeout="0" aborted="0" inconclusive="0" passedButRunAborted="0" notRunnable="0" notExecuted="0" disconnected="0" warning="0" passed="0" completed="0" inProgress="0" pending="0" />
  </ResultSummary>
  <TestDefinitions>
    <UnitTest name="must_not_split_acronyms" storage="c:\users\harry\dropbox\code\ecomwithcqrs\ecom.utility.tests\bin\debug\ecom.utility.tests.dll" id="eb25f9e5-c7e6-0120-3cec-b3334e2cc8ee">
      <Execution id="9f079632-b2c8-48a5-9b52-0db3d6b2abfd" />
      <TestMethod codeBase="C:/Users/Harry/Dropbox/Code/EComWithCQRS/ECom.Utility.Tests/bin/Debug/ECom.Utility.Tests.DLL" adapterTypeName="Microsoft.VisualStudio.TestTools.TestTypes.Unit.UnitTestAdapter, Microsoft.VisualStudio.QualityTools.Tips.UnitTest.Adapter, Version=10.0.0.0, Culture=neutral, PublicKeyToken=b03f5f7f11d50a3a" className="ECom.Utility.Tests.StringExtentionsClass+WordifyMethod, ECom.Utility.Tests, Version=1.0.0.0, Culture=neutral, PublicKeyToken=null" name="must_not_split_acronyms" />
    </UnitTest>
  </TestDefinitions>
  <TestLists>
    <TestList name="Results Not in a List" id="8c84fa94-04c1-424b-9868-57a2d4851a1d" />
    <TestList name="All Loaded Results" id="19431567-8539-422a-85d7-44ee4e166bda" />
  </TestLists>
  <TestEntries>
    <TestEntry testId="eb25f9e5-c7e6-0120-3cec-b3334e2cc8ee" executionId="9f079632-b2c8-48a5-9b52-0db3d6b2abfd" testListId="8c84fa94-04c1-424b-9868-57a2d4851a1d" />
  </TestEntries>
  <Results>
    <UnitTestResult executionId="9f079632-b2c8-48a5-9b52-0db3d6b2abfd" testId="eb25f9e5-c7e6-0120-3cec-b3334e2cc8ee" testName="must_not_split_acronyms" computerName="HARRY-HP" duration="00:00:00.0255593" startTime="2012-04-05T22:02:10.9081557+03:00" endTime="2012-04-05T22:02:11.1051669+03:00" testType="13cdc9d9-ddb5-4fa4-a97d-d965ccfc6d4b" outcome="Failed" testListId="8c84fa94-04c1-424b-9868-57a2d4851a1d" relativeResultsDirectory="9f079632-b2c8-48a5-9b52-0db3d6b2abfd">
      <Output>
        <ErrorInfo>
          <Message>Assert.AreEqual failed. Expected:&lt;WTF&gt;. Actual:&lt;W T F&gt;. </Message>
          <StackTrace>   at ECom.Utility.Tests.StringExtentionsClass.WordifyMethod.must_not_split_acronyms() in C:\Users\Harry\Dropbox\Code\EComWithCQRS\ECom.Utility.Tests\StringExtentionsClass.cs:line 29
</StackTrace>
        </ErrorInfo>
      </Output>
    </UnitTestResult>
  </Results>
</TestRun>